ARM GAS  C:\Users\Gary\AppData\Local\Temp\ccCYxAtv.s 			page 1


   1              		.cpu cortex-m0
   2              		.fpu softvfp
   3              		.eabi_attribute 20, 1
   4              		.eabi_attribute 21, 1
   5              		.eabi_attribute 23, 3
   6              		.eabi_attribute 24, 1
   7              		.eabi_attribute 25, 1
   8              		.eabi_attribute 26, 1
   9              		.eabi_attribute 30, 1
  10              		.eabi_attribute 34, 0
  11              		.eabi_attribute 18, 4
  12              		.code	16
  13              		.file	"main.c"
  14              		.text
  15              	.Ltext0:
  16              		.cfi_sections	.debug_frame
  17              		.section	.text.main,"ax",%progbits
  18              		.align	2
  19              		.global	main
  20              		.code	16
  21              		.thumb_func
  22              		.type	main, %function
  23              	main:
  24              	.LFB33:
  25              		.file 1 ".\\main.c"
   1:.\main.c      **** /* ========================================
   2:.\main.c      ****  *
   3:.\main.c      ****  * Copyright YOUR COMPANY, THE YEAR
   4:.\main.c      ****  * All Rights Reserved
   5:.\main.c      ****  * UNPUBLISHED, LICENSED SOFTWARE.
   6:.\main.c      ****  *
   7:.\main.c      ****  * CONFIDENTIAL AND PROPRIETARY INFORMATION
   8:.\main.c      ****  * WHICH IS THE PROPERTY OF your company.
   9:.\main.c      ****  *
  10:.\main.c      ****  * ========================================
  11:.\main.c      **** */
  12:.\main.c      **** #include <project.h>
  13:.\main.c      **** 
  14:.\main.c      **** int main()
  15:.\main.c      **** {
  26              		.loc 1 15 0
  27              		.cfi_startproc
  28 0000 38B5     		push	{r3, r4, r5, lr}
  29              		.cfi_def_cfa_offset 16
  30              		.cfi_offset 3, -16
  31              		.cfi_offset 4, -12
  32              		.cfi_offset 5, -8
  33              		.cfi_offset 14, -4
  16:.\main.c      ****     CyGlobalIntEnable; /* Enable global interrupts. */
  34              		.loc 1 16 0
  35              	@ 16 ".\main.c" 1
  36 0002 62B6     		CPSIE   i
  37              	@ 0 "" 2
  17:.\main.c      ****     
  18:.\main.c      ****     // Initialize
  19:.\main.c      ****     UART_1_Start();
  38              		.loc 1 19 0
ARM GAS  C:\Users\Gary\AppData\Local\Temp\ccCYxAtv.s 			page 2


  39              		.code	16
  40 0004 FFF7FEFF 		bl	UART_1_Start
  41              	.LVL0:
  42              	.L2:
  20:.\main.c      ****     uint32 rxData;
  21:.\main.c      ****     uint32 rxInfo;
  22:.\main.c      ****     
  23:.\main.c      ****     for(;;)
  24:.\main.c      ****     {
  25:.\main.c      ****         rxData = UART_1_GetChar();
  43              		.loc 1 25 0
  44 0008 FFF7FEFF 		bl	UART_1_GetChar
  45              	.LVL1:
  46 000c 041E     		sub	r4, r0, #0
  47              	.LVL2:
  26:.\main.c      ****         if(rxData){
  48              		.loc 1 26 0
  49 000e 06D0     		beq	.L3
  27:.\main.c      ****             UART_1_PutChar(rxData);
  50              		.loc 1 27 0
  51 0010 FFF7FEFF 		bl	UART_1_PutChar
  52              	.LVL3:
  28:.\main.c      ****             if(rxData <= '5' && rxData > '0'){
  53              		.loc 1 28 0
  54 0014 231C     		mov	r3, r4
  55 0016 313B     		sub	r3, r3, #49
  56 0018 042B     		cmp	r3, #4
  57 001a 00D8     		bhi	.L3
  29:.\main.c      ****                 rxInfo = rxData;
  58              		.loc 1 29 0
  59 001c 251C     		mov	r5, r4
  60              	.LVL4:
  61              	.L3:
  30:.\main.c      ****             }
  31:.\main.c      ****         }
  32:.\main.c      ****         
  33:.\main.c      ****         if(rxInfo <= '5' && rxInfo > '0'){
  62              		.loc 1 33 0
  63 001e 2B1C     		mov	r3, r5
  64 0020 313B     		sub	r3, r3, #49
  65 0022 042B     		cmp	r3, #4
  66 0024 F0D8     		bhi	.L2
  34:.\main.c      ****             Pin_Red_Write(~Pin_Red_Read());
  67              		.loc 1 34 0
  68 0026 FFF7FEFF 		bl	Pin_Red_Read
  69              	.LVL5:
  70 002a C043     		mvn	r0, r0
  71 002c C0B2     		uxtb	r0, r0
  72 002e FFF7FEFF 		bl	Pin_Red_Write
  73              	.LVL6:
  35:.\main.c      ****             if(rxInfo == '5'){
  74              		.loc 1 35 0
  75 0032 352D     		cmp	r5, #53
  76 0034 03D1     		bne	.L5
  36:.\main.c      ****                 CyDelay(100);
  77              		.loc 1 36 0
  78 0036 6420     		mov	r0, #100
ARM GAS  C:\Users\Gary\AppData\Local\Temp\ccCYxAtv.s 			page 3


  79 0038 FFF7FEFF 		bl	CyDelay
  80              	.LVL7:
  81 003c E4E7     		b	.L2
  82              	.L5:
  37:.\main.c      ****             }else if(rxInfo == '4'){
  83              		.loc 1 37 0
  84 003e 342D     		cmp	r5, #52
  85 0040 03D1     		bne	.L6
  38:.\main.c      ****                 CyDelay(200);
  86              		.loc 1 38 0
  87 0042 C820     		mov	r0, #200
  88 0044 FFF7FEFF 		bl	CyDelay
  89              	.LVL8:
  90 0048 DEE7     		b	.L2
  91              	.L6:
  39:.\main.c      ****             }else if(rxInfo == '3'){
  92              		.loc 1 39 0
  93 004a 332D     		cmp	r5, #51
  94 004c 04D1     		bne	.L7
  40:.\main.c      ****                 CyDelay(300);
  95              		.loc 1 40 0
  96 004e 9620     		mov	r0, #150
  97 0050 4000     		lsl	r0, r0, #1
  98 0052 FFF7FEFF 		bl	CyDelay
  99              	.LVL9:
 100 0056 D7E7     		b	.L2
 101              	.L7:
  41:.\main.c      ****             }else if(rxInfo == '2'){
 102              		.loc 1 41 0
 103 0058 322D     		cmp	r5, #50
 104 005a 04D1     		bne	.L8
  42:.\main.c      ****                 CyDelay(400);
 105              		.loc 1 42 0
 106 005c C820     		mov	r0, #200
 107 005e 4000     		lsl	r0, r0, #1
 108 0060 FFF7FEFF 		bl	CyDelay
 109              	.LVL10:
 110 0064 D0E7     		b	.L2
 111              	.L8:
  43:.\main.c      ****             }else if(rxInfo == '1'){
 112              		.loc 1 43 0
 113 0066 312D     		cmp	r5, #49
 114 0068 CED1     		bne	.L2
  44:.\main.c      ****                 CyDelay(500);
 115              		.loc 1 44 0
 116 006a FA20     		mov	r0, #250
 117 006c 4000     		lsl	r0, r0, #1
 118 006e FFF7FEFF 		bl	CyDelay
 119              	.LVL11:
 120 0072 C9E7     		b	.L2
 121              		.cfi_endproc
 122              	.LFE33:
 123              		.size	main, .-main
 124              		.text
 125              	.Letext0:
 126              		.file 2 "Generated_Source\\PSoC4/cytypes.h"
 127              		.file 3 "Generated_Source\\PSoC4/UART_1.h"
ARM GAS  C:\Users\Gary\AppData\Local\Temp\ccCYxAtv.s 			page 4


 128              		.file 4 "Generated_Source\\PSoC4/Pin_Red.h"
 129              		.file 5 "Generated_Source\\PSoC4/CyLib.h"
 130              		.section	.debug_info,"",%progbits
 131              	.Ldebug_info0:
 132 0000 B7010000 		.4byte	0x1b7
 133 0004 0400     		.2byte	0x4
 134 0006 00000000 		.4byte	.Ldebug_abbrev0
 135 000a 04       		.byte	0x4
 136 000b 01       		.uleb128 0x1
 137 000c 35010000 		.4byte	.LASF21
 138 0010 01       		.byte	0x1
 139 0011 D0010000 		.4byte	.LASF22
 140 0015 94000000 		.4byte	.LASF23
 141 0019 00000000 		.4byte	.Ldebug_ranges0+0
 142 001d 00000000 		.4byte	0
 143 0021 00000000 		.4byte	.Ldebug_line0
 144 0025 02       		.uleb128 0x2
 145 0026 01       		.byte	0x1
 146 0027 06       		.byte	0x6
 147 0028 1A010000 		.4byte	.LASF0
 148 002c 02       		.uleb128 0x2
 149 002d 01       		.byte	0x1
 150 002e 08       		.byte	0x8
 151 002f 86000000 		.4byte	.LASF1
 152 0033 02       		.uleb128 0x2
 153 0034 02       		.byte	0x2
 154 0035 05       		.byte	0x5
 155 0036 E0000000 		.4byte	.LASF2
 156 003a 02       		.uleb128 0x2
 157 003b 02       		.byte	0x2
 158 003c 07       		.byte	0x7
 159 003d 07010000 		.4byte	.LASF3
 160 0041 02       		.uleb128 0x2
 161 0042 04       		.byte	0x4
 162 0043 05       		.byte	0x5
 163 0044 D7000000 		.4byte	.LASF4
 164 0048 02       		.uleb128 0x2
 165 0049 04       		.byte	0x4
 166 004a 07       		.byte	0x7
 167 004b 35000000 		.4byte	.LASF5
 168 004f 02       		.uleb128 0x2
 169 0050 08       		.byte	0x8
 170 0051 05       		.byte	0x5
 171 0052 00000000 		.4byte	.LASF6
 172 0056 02       		.uleb128 0x2
 173 0057 08       		.byte	0x8
 174 0058 07       		.byte	0x7
 175 0059 47000000 		.4byte	.LASF7
 176 005d 03       		.uleb128 0x3
 177 005e 04       		.byte	0x4
 178 005f 05       		.byte	0x5
 179 0060 696E7400 		.ascii	"int\000"
 180 0064 02       		.uleb128 0x2
 181 0065 04       		.byte	0x4
 182 0066 07       		.byte	0x7
 183 0067 15000000 		.4byte	.LASF8
 184 006b 04       		.uleb128 0x4
ARM GAS  C:\Users\Gary\AppData\Local\Temp\ccCYxAtv.s 			page 5


 185 006c 2F000000 		.4byte	.LASF9
 186 0070 02       		.byte	0x2
 187 0071 C2       		.byte	0xc2
 188 0072 2C000000 		.4byte	0x2c
 189 0076 04       		.uleb128 0x4
 190 0077 0E000000 		.4byte	.LASF10
 191 007b 02       		.byte	0x2
 192 007c C4       		.byte	0xc4
 193 007d 48000000 		.4byte	0x48
 194 0081 02       		.uleb128 0x2
 195 0082 04       		.byte	0x4
 196 0083 04       		.byte	0x4
 197 0084 5E000000 		.4byte	.LASF11
 198 0088 02       		.uleb128 0x2
 199 0089 08       		.byte	0x8
 200 008a 04       		.byte	0x4
 201 008b F9000000 		.4byte	.LASF12
 202 008f 02       		.uleb128 0x2
 203 0090 01       		.byte	0x1
 204 0091 08       		.byte	0x8
 205 0092 D2000000 		.4byte	.LASF13
 206 0096 02       		.uleb128 0x2
 207 0097 04       		.byte	0x4
 208 0098 07       		.byte	0x7
 209 0099 D9010000 		.4byte	.LASF14
 210 009d 05       		.uleb128 0x5
 211 009e 22000000 		.4byte	.LASF24
 212 00a2 01       		.byte	0x1
 213 00a3 0E       		.byte	0xe
 214 00a4 5D000000 		.4byte	0x5d
 215 00a8 00000000 		.4byte	.LFB33
 216 00ac 74000000 		.4byte	.LFE33-.LFB33
 217 00b0 01       		.uleb128 0x1
 218 00b1 9C       		.byte	0x9c
 219 00b2 6E010000 		.4byte	0x16e
 220 00b6 06       		.uleb128 0x6
 221 00b7 7F000000 		.4byte	.LASF15
 222 00bb 01       		.byte	0x1
 223 00bc 14       		.byte	0x14
 224 00bd 76000000 		.4byte	0x76
 225 00c1 00000000 		.4byte	.LLST0
 226 00c5 07       		.uleb128 0x7
 227 00c6 00010000 		.4byte	.LASF16
 228 00ca 01       		.byte	0x1
 229 00cb 15       		.byte	0x15
 230 00cc 76000000 		.4byte	0x76
 231 00d0 01       		.uleb128 0x1
 232 00d1 55       		.byte	0x55
 233 00d2 08       		.uleb128 0x8
 234 00d3 08000000 		.4byte	.LVL0
 235 00d7 6E010000 		.4byte	0x16e
 236 00db 08       		.uleb128 0x8
 237 00dc 0C000000 		.4byte	.LVL1
 238 00e0 75010000 		.4byte	0x175
 239 00e4 09       		.uleb128 0x9
 240 00e5 14000000 		.4byte	.LVL3
 241 00e9 80010000 		.4byte	0x180
ARM GAS  C:\Users\Gary\AppData\Local\Temp\ccCYxAtv.s 			page 6


 242 00ed F8000000 		.4byte	0xf8
 243 00f1 0A       		.uleb128 0xa
 244 00f2 01       		.uleb128 0x1
 245 00f3 50       		.byte	0x50
 246 00f4 02       		.uleb128 0x2
 247 00f5 74       		.byte	0x74
 248 00f6 00       		.sleb128 0
 249 00f7 00       		.byte	0
 250 00f8 08       		.uleb128 0x8
 251 00f9 2A000000 		.4byte	.LVL5
 252 00fd 91010000 		.4byte	0x191
 253 0101 08       		.uleb128 0x8
 254 0102 32000000 		.4byte	.LVL6
 255 0106 9C010000 		.4byte	0x19c
 256 010a 09       		.uleb128 0x9
 257 010b 3C000000 		.4byte	.LVL7
 258 010f AD010000 		.4byte	0x1ad
 259 0113 1E010000 		.4byte	0x11e
 260 0117 0A       		.uleb128 0xa
 261 0118 01       		.uleb128 0x1
 262 0119 50       		.byte	0x50
 263 011a 02       		.uleb128 0x2
 264 011b 08       		.byte	0x8
 265 011c 64       		.byte	0x64
 266 011d 00       		.byte	0
 267 011e 09       		.uleb128 0x9
 268 011f 48000000 		.4byte	.LVL8
 269 0123 AD010000 		.4byte	0x1ad
 270 0127 32010000 		.4byte	0x132
 271 012b 0A       		.uleb128 0xa
 272 012c 01       		.uleb128 0x1
 273 012d 50       		.byte	0x50
 274 012e 02       		.uleb128 0x2
 275 012f 08       		.byte	0x8
 276 0130 C8       		.byte	0xc8
 277 0131 00       		.byte	0
 278 0132 09       		.uleb128 0x9
 279 0133 56000000 		.4byte	.LVL9
 280 0137 AD010000 		.4byte	0x1ad
 281 013b 47010000 		.4byte	0x147
 282 013f 0A       		.uleb128 0xa
 283 0140 01       		.uleb128 0x1
 284 0141 50       		.byte	0x50
 285 0142 03       		.uleb128 0x3
 286 0143 0A       		.byte	0xa
 287 0144 2C01     		.2byte	0x12c
 288 0146 00       		.byte	0
 289 0147 09       		.uleb128 0x9
 290 0148 64000000 		.4byte	.LVL10
 291 014c AD010000 		.4byte	0x1ad
 292 0150 5C010000 		.4byte	0x15c
 293 0154 0A       		.uleb128 0xa
 294 0155 01       		.uleb128 0x1
 295 0156 50       		.byte	0x50
 296 0157 03       		.uleb128 0x3
 297 0158 0A       		.byte	0xa
 298 0159 9001     		.2byte	0x190
ARM GAS  C:\Users\Gary\AppData\Local\Temp\ccCYxAtv.s 			page 7


 299 015b 00       		.byte	0
 300 015c 0B       		.uleb128 0xb
 301 015d 72000000 		.4byte	.LVL11
 302 0161 AD010000 		.4byte	0x1ad
 303 0165 0A       		.uleb128 0xa
 304 0166 01       		.uleb128 0x1
 305 0167 50       		.byte	0x50
 306 0168 03       		.uleb128 0x3
 307 0169 0A       		.byte	0xa
 308 016a F401     		.2byte	0x1f4
 309 016c 00       		.byte	0
 310 016d 00       		.byte	0
 311 016e 0C       		.uleb128 0xc
 312 016f 64000000 		.4byte	.LASF25
 313 0173 03       		.byte	0x3
 314 0174 54       		.byte	0x54
 315 0175 0D       		.uleb128 0xd
 316 0176 26010000 		.4byte	.LASF17
 317 017a 03       		.byte	0x3
 318 017b 71       		.byte	0x71
 319 017c 6B000000 		.4byte	0x6b
 320 0180 0E       		.uleb128 0xe
 321 0181 EA000000 		.4byte	.LASF19
 322 0185 03       		.byte	0x3
 323 0186 8A       		.byte	0x8a
 324 0187 91010000 		.4byte	0x191
 325 018b 0F       		.uleb128 0xf
 326 018c 6B000000 		.4byte	0x6b
 327 0190 00       		.byte	0
 328 0191 0D       		.uleb128 0xd
 329 0192 C3010000 		.4byte	.LASF18
 330 0196 04       		.byte	0x4
 331 0197 20       		.byte	0x20
 332 0198 6B000000 		.4byte	0x6b
 333 019c 0E       		.uleb128 0xe
 334 019d 71000000 		.4byte	.LASF20
 335 01a1 04       		.byte	0x4
 336 01a2 1D       		.byte	0x1d
 337 01a3 AD010000 		.4byte	0x1ad
 338 01a7 0F       		.uleb128 0xf
 339 01a8 6B000000 		.4byte	0x6b
 340 01ac 00       		.byte	0
 341 01ad 10       		.uleb128 0x10
 342 01ae 27000000 		.4byte	.LASF26
 343 01b2 05       		.byte	0x5
 344 01b3 57       		.byte	0x57
 345 01b4 0F       		.uleb128 0xf
 346 01b5 76000000 		.4byte	0x76
 347 01b9 00       		.byte	0
 348 01ba 00       		.byte	0
 349              		.section	.debug_abbrev,"",%progbits
 350              	.Ldebug_abbrev0:
 351 0000 01       		.uleb128 0x1
 352 0001 11       		.uleb128 0x11
 353 0002 01       		.byte	0x1
 354 0003 25       		.uleb128 0x25
 355 0004 0E       		.uleb128 0xe
ARM GAS  C:\Users\Gary\AppData\Local\Temp\ccCYxAtv.s 			page 8


 356 0005 13       		.uleb128 0x13
 357 0006 0B       		.uleb128 0xb
 358 0007 03       		.uleb128 0x3
 359 0008 0E       		.uleb128 0xe
 360 0009 1B       		.uleb128 0x1b
 361 000a 0E       		.uleb128 0xe
 362 000b 55       		.uleb128 0x55
 363 000c 17       		.uleb128 0x17
 364 000d 11       		.uleb128 0x11
 365 000e 01       		.uleb128 0x1
 366 000f 10       		.uleb128 0x10
 367 0010 17       		.uleb128 0x17
 368 0011 00       		.byte	0
 369 0012 00       		.byte	0
 370 0013 02       		.uleb128 0x2
 371 0014 24       		.uleb128 0x24
 372 0015 00       		.byte	0
 373 0016 0B       		.uleb128 0xb
 374 0017 0B       		.uleb128 0xb
 375 0018 3E       		.uleb128 0x3e
 376 0019 0B       		.uleb128 0xb
 377 001a 03       		.uleb128 0x3
 378 001b 0E       		.uleb128 0xe
 379 001c 00       		.byte	0
 380 001d 00       		.byte	0
 381 001e 03       		.uleb128 0x3
 382 001f 24       		.uleb128 0x24
 383 0020 00       		.byte	0
 384 0021 0B       		.uleb128 0xb
 385 0022 0B       		.uleb128 0xb
 386 0023 3E       		.uleb128 0x3e
 387 0024 0B       		.uleb128 0xb
 388 0025 03       		.uleb128 0x3
 389 0026 08       		.uleb128 0x8
 390 0027 00       		.byte	0
 391 0028 00       		.byte	0
 392 0029 04       		.uleb128 0x4
 393 002a 16       		.uleb128 0x16
 394 002b 00       		.byte	0
 395 002c 03       		.uleb128 0x3
 396 002d 0E       		.uleb128 0xe
 397 002e 3A       		.uleb128 0x3a
 398 002f 0B       		.uleb128 0xb
 399 0030 3B       		.uleb128 0x3b
 400 0031 0B       		.uleb128 0xb
 401 0032 49       		.uleb128 0x49
 402 0033 13       		.uleb128 0x13
 403 0034 00       		.byte	0
 404 0035 00       		.byte	0
 405 0036 05       		.uleb128 0x5
 406 0037 2E       		.uleb128 0x2e
 407 0038 01       		.byte	0x1
 408 0039 3F       		.uleb128 0x3f
 409 003a 19       		.uleb128 0x19
 410 003b 03       		.uleb128 0x3
 411 003c 0E       		.uleb128 0xe
 412 003d 3A       		.uleb128 0x3a
ARM GAS  C:\Users\Gary\AppData\Local\Temp\ccCYxAtv.s 			page 9


 413 003e 0B       		.uleb128 0xb
 414 003f 3B       		.uleb128 0x3b
 415 0040 0B       		.uleb128 0xb
 416 0041 49       		.uleb128 0x49
 417 0042 13       		.uleb128 0x13
 418 0043 11       		.uleb128 0x11
 419 0044 01       		.uleb128 0x1
 420 0045 12       		.uleb128 0x12
 421 0046 06       		.uleb128 0x6
 422 0047 40       		.uleb128 0x40
 423 0048 18       		.uleb128 0x18
 424 0049 9742     		.uleb128 0x2117
 425 004b 19       		.uleb128 0x19
 426 004c 01       		.uleb128 0x1
 427 004d 13       		.uleb128 0x13
 428 004e 00       		.byte	0
 429 004f 00       		.byte	0
 430 0050 06       		.uleb128 0x6
 431 0051 34       		.uleb128 0x34
 432 0052 00       		.byte	0
 433 0053 03       		.uleb128 0x3
 434 0054 0E       		.uleb128 0xe
 435 0055 3A       		.uleb128 0x3a
 436 0056 0B       		.uleb128 0xb
 437 0057 3B       		.uleb128 0x3b
 438 0058 0B       		.uleb128 0xb
 439 0059 49       		.uleb128 0x49
 440 005a 13       		.uleb128 0x13
 441 005b 02       		.uleb128 0x2
 442 005c 17       		.uleb128 0x17
 443 005d 00       		.byte	0
 444 005e 00       		.byte	0
 445 005f 07       		.uleb128 0x7
 446 0060 34       		.uleb128 0x34
 447 0061 00       		.byte	0
 448 0062 03       		.uleb128 0x3
 449 0063 0E       		.uleb128 0xe
 450 0064 3A       		.uleb128 0x3a
 451 0065 0B       		.uleb128 0xb
 452 0066 3B       		.uleb128 0x3b
 453 0067 0B       		.uleb128 0xb
 454 0068 49       		.uleb128 0x49
 455 0069 13       		.uleb128 0x13
 456 006a 02       		.uleb128 0x2
 457 006b 18       		.uleb128 0x18
 458 006c 00       		.byte	0
 459 006d 00       		.byte	0
 460 006e 08       		.uleb128 0x8
 461 006f 898201   		.uleb128 0x4109
 462 0072 00       		.byte	0
 463 0073 11       		.uleb128 0x11
 464 0074 01       		.uleb128 0x1
 465 0075 31       		.uleb128 0x31
 466 0076 13       		.uleb128 0x13
 467 0077 00       		.byte	0
 468 0078 00       		.byte	0
 469 0079 09       		.uleb128 0x9
ARM GAS  C:\Users\Gary\AppData\Local\Temp\ccCYxAtv.s 			page 10


 470 007a 898201   		.uleb128 0x4109
 471 007d 01       		.byte	0x1
 472 007e 11       		.uleb128 0x11
 473 007f 01       		.uleb128 0x1
 474 0080 31       		.uleb128 0x31
 475 0081 13       		.uleb128 0x13
 476 0082 01       		.uleb128 0x1
 477 0083 13       		.uleb128 0x13
 478 0084 00       		.byte	0
 479 0085 00       		.byte	0
 480 0086 0A       		.uleb128 0xa
 481 0087 8A8201   		.uleb128 0x410a
 482 008a 00       		.byte	0
 483 008b 02       		.uleb128 0x2
 484 008c 18       		.uleb128 0x18
 485 008d 9142     		.uleb128 0x2111
 486 008f 18       		.uleb128 0x18
 487 0090 00       		.byte	0
 488 0091 00       		.byte	0
 489 0092 0B       		.uleb128 0xb
 490 0093 898201   		.uleb128 0x4109
 491 0096 01       		.byte	0x1
 492 0097 11       		.uleb128 0x11
 493 0098 01       		.uleb128 0x1
 494 0099 31       		.uleb128 0x31
 495 009a 13       		.uleb128 0x13
 496 009b 00       		.byte	0
 497 009c 00       		.byte	0
 498 009d 0C       		.uleb128 0xc
 499 009e 2E       		.uleb128 0x2e
 500 009f 00       		.byte	0
 501 00a0 3F       		.uleb128 0x3f
 502 00a1 19       		.uleb128 0x19
 503 00a2 03       		.uleb128 0x3
 504 00a3 0E       		.uleb128 0xe
 505 00a4 3A       		.uleb128 0x3a
 506 00a5 0B       		.uleb128 0xb
 507 00a6 3B       		.uleb128 0x3b
 508 00a7 0B       		.uleb128 0xb
 509 00a8 27       		.uleb128 0x27
 510 00a9 19       		.uleb128 0x19
 511 00aa 3C       		.uleb128 0x3c
 512 00ab 19       		.uleb128 0x19
 513 00ac 00       		.byte	0
 514 00ad 00       		.byte	0
 515 00ae 0D       		.uleb128 0xd
 516 00af 2E       		.uleb128 0x2e
 517 00b0 00       		.byte	0
 518 00b1 3F       		.uleb128 0x3f
 519 00b2 19       		.uleb128 0x19
 520 00b3 03       		.uleb128 0x3
 521 00b4 0E       		.uleb128 0xe
 522 00b5 3A       		.uleb128 0x3a
 523 00b6 0B       		.uleb128 0xb
 524 00b7 3B       		.uleb128 0x3b
 525 00b8 0B       		.uleb128 0xb
 526 00b9 27       		.uleb128 0x27
ARM GAS  C:\Users\Gary\AppData\Local\Temp\ccCYxAtv.s 			page 11


 527 00ba 19       		.uleb128 0x19
 528 00bb 49       		.uleb128 0x49
 529 00bc 13       		.uleb128 0x13
 530 00bd 3C       		.uleb128 0x3c
 531 00be 19       		.uleb128 0x19
 532 00bf 00       		.byte	0
 533 00c0 00       		.byte	0
 534 00c1 0E       		.uleb128 0xe
 535 00c2 2E       		.uleb128 0x2e
 536 00c3 01       		.byte	0x1
 537 00c4 3F       		.uleb128 0x3f
 538 00c5 19       		.uleb128 0x19
 539 00c6 03       		.uleb128 0x3
 540 00c7 0E       		.uleb128 0xe
 541 00c8 3A       		.uleb128 0x3a
 542 00c9 0B       		.uleb128 0xb
 543 00ca 3B       		.uleb128 0x3b
 544 00cb 0B       		.uleb128 0xb
 545 00cc 27       		.uleb128 0x27
 546 00cd 19       		.uleb128 0x19
 547 00ce 3C       		.uleb128 0x3c
 548 00cf 19       		.uleb128 0x19
 549 00d0 01       		.uleb128 0x1
 550 00d1 13       		.uleb128 0x13
 551 00d2 00       		.byte	0
 552 00d3 00       		.byte	0
 553 00d4 0F       		.uleb128 0xf
 554 00d5 05       		.uleb128 0x5
 555 00d6 00       		.byte	0
 556 00d7 49       		.uleb128 0x49
 557 00d8 13       		.uleb128 0x13
 558 00d9 00       		.byte	0
 559 00da 00       		.byte	0
 560 00db 10       		.uleb128 0x10
 561 00dc 2E       		.uleb128 0x2e
 562 00dd 01       		.byte	0x1
 563 00de 3F       		.uleb128 0x3f
 564 00df 19       		.uleb128 0x19
 565 00e0 03       		.uleb128 0x3
 566 00e1 0E       		.uleb128 0xe
 567 00e2 3A       		.uleb128 0x3a
 568 00e3 0B       		.uleb128 0xb
 569 00e4 3B       		.uleb128 0x3b
 570 00e5 0B       		.uleb128 0xb
 571 00e6 27       		.uleb128 0x27
 572 00e7 19       		.uleb128 0x19
 573 00e8 3C       		.uleb128 0x3c
 574 00e9 19       		.uleb128 0x19
 575 00ea 00       		.byte	0
 576 00eb 00       		.byte	0
 577 00ec 00       		.byte	0
 578              		.section	.debug_loc,"",%progbits
 579              	.Ldebug_loc0:
 580              	.LLST0:
 581 0000 0E000000 		.4byte	.LVL2
 582 0004 13000000 		.4byte	.LVL3-1
 583 0008 0100     		.2byte	0x1
ARM GAS  C:\Users\Gary\AppData\Local\Temp\ccCYxAtv.s 			page 12


 584 000a 50       		.byte	0x50
 585 000b 13000000 		.4byte	.LVL3-1
 586 000f 74000000 		.4byte	.LFE33
 587 0013 0100     		.2byte	0x1
 588 0015 54       		.byte	0x54
 589 0016 00000000 		.4byte	0
 590 001a 00000000 		.4byte	0
 591              		.section	.debug_aranges,"",%progbits
 592 0000 1C000000 		.4byte	0x1c
 593 0004 0200     		.2byte	0x2
 594 0006 00000000 		.4byte	.Ldebug_info0
 595 000a 04       		.byte	0x4
 596 000b 00       		.byte	0
 597 000c 0000     		.2byte	0
 598 000e 0000     		.2byte	0
 599 0010 00000000 		.4byte	.LFB33
 600 0014 74000000 		.4byte	.LFE33-.LFB33
 601 0018 00000000 		.4byte	0
 602 001c 00000000 		.4byte	0
 603              		.section	.debug_ranges,"",%progbits
 604              	.Ldebug_ranges0:
 605 0000 00000000 		.4byte	.LFB33
 606 0004 74000000 		.4byte	.LFE33
 607 0008 00000000 		.4byte	0
 608 000c 00000000 		.4byte	0
 609              		.section	.debug_line,"",%progbits
 610              	.Ldebug_line0:
 611 0000 8F000000 		.section	.debug_str,"MS",%progbits,1
 611      02006700 
 611      00000201 
 611      FB0E0D00 
 611      01010101 
 612              	.LASF6:
 613 0000 6C6F6E67 		.ascii	"long long int\000"
 613      206C6F6E 
 613      6720696E 
 613      7400
 614              	.LASF10:
 615 000e 75696E74 		.ascii	"uint32\000"
 615      333200
 616              	.LASF8:
 617 0015 756E7369 		.ascii	"unsigned int\000"
 617      676E6564 
 617      20696E74 
 617      00
 618              	.LASF24:
 619 0022 6D61696E 		.ascii	"main\000"
 619      00
 620              	.LASF26:
 621 0027 43794465 		.ascii	"CyDelay\000"
 621      6C617900 
 622              	.LASF9:
 623 002f 75696E74 		.ascii	"uint8\000"
 623      3800
 624              	.LASF5:
 625 0035 6C6F6E67 		.ascii	"long unsigned int\000"
 625      20756E73 
ARM GAS  C:\Users\Gary\AppData\Local\Temp\ccCYxAtv.s 			page 13


 625      69676E65 
 625      6420696E 
 625      7400
 626              	.LASF7:
 627 0047 6C6F6E67 		.ascii	"long long unsigned int\000"
 627      206C6F6E 
 627      6720756E 
 627      7369676E 
 627      65642069 
 628              	.LASF11:
 629 005e 666C6F61 		.ascii	"float\000"
 629      7400
 630              	.LASF25:
 631 0064 55415254 		.ascii	"UART_1_Start\000"
 631      5F315F53 
 631      74617274 
 631      00
 632              	.LASF20:
 633 0071 50696E5F 		.ascii	"Pin_Red_Write\000"
 633      5265645F 
 633      57726974 
 633      6500
 634              	.LASF15:
 635 007f 72784461 		.ascii	"rxData\000"
 635      746100
 636              	.LASF1:
 637 0086 756E7369 		.ascii	"unsigned char\000"
 637      676E6564 
 637      20636861 
 637      7200
 638              	.LASF23:
 639 0094 433A5C55 		.ascii	"C:\\Users\\Gary\\Documents\\PSoC Creator\\Workspace"
 639      73657273 
 639      5C476172 
 639      795C446F 
 639      63756D65 
 640 00c2 30315C4C 		.ascii	"01\\Lab 1c.cydsn\000"
 640      61622031 
 640      632E6379 
 640      64736E00 
 641              	.LASF13:
 642 00d2 63686172 		.ascii	"char\000"
 642      00
 643              	.LASF4:
 644 00d7 6C6F6E67 		.ascii	"long int\000"
 644      20696E74 
 644      00
 645              	.LASF2:
 646 00e0 73686F72 		.ascii	"short int\000"
 646      7420696E 
 646      7400
 647              	.LASF19:
 648 00ea 55415254 		.ascii	"UART_1_PutChar\000"
 648      5F315F50 
 648      75744368 
 648      617200
 649              	.LASF12:
ARM GAS  C:\Users\Gary\AppData\Local\Temp\ccCYxAtv.s 			page 14


 650 00f9 646F7562 		.ascii	"double\000"
 650      6C6500
 651              	.LASF16:
 652 0100 7278496E 		.ascii	"rxInfo\000"
 652      666F00
 653              	.LASF3:
 654 0107 73686F72 		.ascii	"short unsigned int\000"
 654      7420756E 
 654      7369676E 
 654      65642069 
 654      6E7400
 655              	.LASF0:
 656 011a 7369676E 		.ascii	"signed char\000"
 656      65642063 
 656      68617200 
 657              	.LASF17:
 658 0126 55415254 		.ascii	"UART_1_GetChar\000"
 658      5F315F47 
 658      65744368 
 658      617200
 659              	.LASF21:
 660 0135 474E5520 		.ascii	"GNU C 4.9.3 20150303 (release) [ARM/embedded-4_9-br"
 660      4320342E 
 660      392E3320 
 660      32303135 
 660      30333033 
 661 0168 616E6368 		.ascii	"anch revision 221220] -mcpu=cortex-m0 -mthumb -g -O"
 661      20726576 
 661      6973696F 
 661      6E203232 
 661      31323230 
 662 019b 67202D66 		.ascii	"g -ffunction-sections -ffat-lto-objects\000"
 662      66756E63 
 662      74696F6E 
 662      2D736563 
 662      74696F6E 
 663              	.LASF18:
 664 01c3 50696E5F 		.ascii	"Pin_Red_Read\000"
 664      5265645F 
 664      52656164 
 664      00
 665              	.LASF22:
 666 01d0 2E5C6D61 		.ascii	".\\main.c\000"
 666      696E2E63 
 666      00
 667              	.LASF14:
 668 01d9 73697A65 		.ascii	"sizetype\000"
 668      74797065 
 668      00
 669              		.ident	"GCC: (GNU Tools for ARM Embedded Processors) 4.9.3 20150303 (release) [ARM/embedded-4_9-br
