ARM GAS  C:\Users\Gary\AppData\Local\Temp\cc3ZRAb0.s 			page 1


   1              		.cpu cortex-m0
   2              		.fpu softvfp
   3              		.eabi_attribute 20, 1
   4              		.eabi_attribute 21, 1
   5              		.eabi_attribute 23, 3
   6              		.eabi_attribute 24, 1
   7              		.eabi_attribute 25, 1
   8              		.eabi_attribute 26, 1
   9              		.eabi_attribute 30, 1
  10              		.eabi_attribute 34, 0
  11              		.eabi_attribute 18, 4
  12              		.code	16
  13              		.file	"main.c"
  14              		.text
  15              	.Ltext0:
  16              		.cfi_sections	.debug_frame
  17              		.section	.text.readString,"ax",%progbits
  18              		.align	2
  19              		.global	readString
  20              		.code	16
  21              		.thumb_func
  22              		.type	readString, %function
  23              	readString:
  24              	.LFB33:
  25              		.file 1 ".\\main.c"
   1:.\main.c      **** /* ========================================
   2:.\main.c      ****  *
   3:.\main.c      ****  * Copyright YOUR COMPANY, THE YEAR
   4:.\main.c      ****  * All Rights Reserved
   5:.\main.c      ****  * UNPUBLISHED, LICENSED SOFTWARE.
   6:.\main.c      ****  *
   7:.\main.c      ****  * CONFIDENTIAL AND PROPRIETARY INFORMATION
   8:.\main.c      ****  * WHICH IS THE PROPERTY OF your company.
   9:.\main.c      ****  *
  10:.\main.c      ****  * ========================================
  11:.\main.c      **** */
  12:.\main.c      **** #include <project.h>
  13:.\main.c      **** #include <stdlib.h>
  14:.\main.c      **** #include <stdio.h>
  15:.\main.c      **** 
  16:.\main.c      **** int MAX_BUFFER_SIZE = 25;
  17:.\main.c      **** 
  18:.\main.c      **** /* Read a string from the terminal via the UART. */
  19:.\main.c      **** void readString(char *buffer)
  20:.\main.c      **** {
  26              		.loc 1 20 0
  27              		.cfi_startproc
  28              	.LVL0:
  29 0000 70B5     		push	{r4, r5, r6, lr}
  30              		.cfi_def_cfa_offset 16
  31              		.cfi_offset 4, -16
  32              		.cfi_offset 5, -12
  33              		.cfi_offset 6, -8
  34              		.cfi_offset 14, -4
  35 0002 061C     		mov	r6, r0
  36              	.LVL1:
  37              	.L2:
ARM GAS  C:\Users\Gary\AppData\Local\Temp\cc3ZRAb0.s 			page 2


  21:.\main.c      ****     uint32 rxData;
  22:.\main.c      ****     char *ptr = buffer;
  23:.\main.c      ****     for(;;){
  24:.\main.c      ****         rxData = UART_1_GetChar();
  38              		.loc 1 24 0
  39 0004 FFF7FEFF 		bl	UART_1_GetChar
  40              	.LVL2:
  41 0008 051E     		sub	r5, r0, #0
  42              	.LVL3:
  25:.\main.c      ****         if(rxData){
  43              		.loc 1 25 0
  44 000a FBD0     		beq	.L2
  26:.\main.c      ****             UART_1_PutChar(rxData); /* Echo character. */
  45              		.loc 1 26 0
  46 000c FFF7FEFF 		bl	UART_1_PutChar
  47              	.LVL4:
  27:.\main.c      ****             /* On a carriage return, null terminate the string
  28:.\main.c      ****             and break out of the loop. */
  29:.\main.c      ****             if(rxData == '\r'){
  48              		.loc 1 29 0
  49 0010 0D2D     		cmp	r5, #13
  50 0012 02D1     		bne	.L3
  30:.\main.c      ****                 *ptr = '\0';
  51              		.loc 1 30 0
  52 0014 0023     		mov	r3, #0
  53 0016 3370     		strb	r3, [r6]
  54 0018 02E0     		b	.L5
  55              	.L3:
  31:.\main.c      ****                 break;
  32:.\main.c      ****             }
  33:.\main.c      ****             *ptr = rxData;
  56              		.loc 1 33 0
  57 001a 3570     		strb	r5, [r6]
  34:.\main.c      ****             ptr++;
  58              		.loc 1 34 0
  59 001c 0136     		add	r6, r6, #1
  60              	.LVL5:
  61 001e F1E7     		b	.L2
  62              	.L5:
  35:.\main.c      ****         }
  36:.\main.c      ****     }
  37:.\main.c      **** }
  63              		.loc 1 37 0
  64              		@ sp needed
  65              	.LVL6:
  66              	.LVL7:
  67 0020 70BD     		pop	{r4, r5, r6, pc}
  68              		.cfi_endproc
  69              	.LFE33:
  70              		.size	readString, .-readString
  71 0022 C046     		.section	.text.checkPalindrome,"ax",%progbits
  72              		.align	2
  73              		.global	checkPalindrome
  74              		.code	16
  75              		.thumb_func
  76              		.type	checkPalindrome, %function
  77              	checkPalindrome:
ARM GAS  C:\Users\Gary\AppData\Local\Temp\cc3ZRAb0.s 			page 3


  78              	.LFB34:
  38:.\main.c      **** 
  39:.\main.c      **** int checkPalindrome(char *str1, char *str2){
  79              		.loc 1 39 0
  80              		.cfi_startproc
  81              	.LVL8:
  82 0000 70B5     		push	{r4, r5, r6, lr}
  83              		.cfi_def_cfa_offset 16
  84              		.cfi_offset 4, -16
  85              		.cfi_offset 5, -12
  86              		.cfi_offset 6, -8
  87              		.cfi_offset 14, -4
  88 0002 041C     		mov	r4, r0
  89 0004 0D1C     		mov	r5, r1
  40:.\main.c      ****     UART_1_PutString("Enter the first string: ");
  90              		.loc 1 40 0
  91 0006 1348     		ldr	r0, .L13
  92              	.LVL9:
  93 0008 FFF7FEFF 		bl	UART_1_PutString
  94              	.LVL10:
  41:.\main.c      ****     readString(str1);
  95              		.loc 1 41 0
  96 000c 201C     		mov	r0, r4
  97 000e FFF7FEFF 		bl	readString
  98              	.LVL11:
  42:.\main.c      ****     UART_1_PutString("\n\r");
  99              		.loc 1 42 0
 100 0012 114E     		ldr	r6, .L13+4
 101 0014 301C     		mov	r0, r6
 102 0016 FFF7FEFF 		bl	UART_1_PutString
 103              	.LVL12:
  43:.\main.c      ****     UART_1_PutString("Enter the second string: ");
 104              		.loc 1 43 0
 105 001a 1048     		ldr	r0, .L13+8
 106 001c FFF7FEFF 		bl	UART_1_PutString
 107              	.LVL13:
  44:.\main.c      ****     readString(str2);
 108              		.loc 1 44 0
 109 0020 281C     		mov	r0, r5
 110 0022 FFF7FEFF 		bl	readString
 111              	.LVL14:
  45:.\main.c      ****     UART_1_PutString("\n\r");
 112              		.loc 1 45 0
 113 0026 301C     		mov	r0, r6
 114 0028 FFF7FEFF 		bl	UART_1_PutString
 115              	.LVL15:
  46:.\main.c      ****     
  47:.\main.c      ****     int i = 0;
 116              		.loc 1 47 0
 117 002c 0022     		mov	r2, #0
  48:.\main.c      ****     int length;
  49:.\main.c      ****     
  50:.\main.c      ****     while(str1[i]!='\0'){
 118              		.loc 1 50 0
 119 002e 00E0     		b	.L7
 120              	.LVL16:
 121              	.L8:
ARM GAS  C:\Users\Gary\AppData\Local\Temp\cc3ZRAb0.s 			page 4


  51:.\main.c      ****         i++;
 122              		.loc 1 51 0
 123 0030 0132     		add	r2, r2, #1
 124              	.LVL17:
 125              	.L7:
  50:.\main.c      ****         i++;
 126              		.loc 1 50 0
 127 0032 A35C     		ldrb	r3, [r4, r2]
 128 0034 002B     		cmp	r3, #0
 129 0036 FBD1     		bne	.L8
 130              	.LVL18:
  52:.\main.c      ****     }
  53:.\main.c      ****     length = i;
  54:.\main.c      ****     i = 0;
  55:.\main.c      ****     
  56:.\main.c      ****     for (i = 0; i < length; i++){
 131              		.loc 1 56 0
 132 0038 06E0     		b	.L9
 133              	.LVL19:
 134              	.L11:
  57:.\main.c      ****         if(str1[i] != str2[length-1-i]){
 135              		.loc 1 57 0
 136 003a E05C     		ldrb	r0, [r4, r3]
 137 003c 511E     		sub	r1, r2, #1
 138 003e C91A     		sub	r1, r1, r3
 139 0040 695C     		ldrb	r1, [r5, r1]
 140 0042 8842     		cmp	r0, r1
 141 0044 04D1     		bne	.L12
  56:.\main.c      ****         if(str1[i] != str2[length-1-i]){
 142              		.loc 1 56 0 discriminator 2
 143 0046 0133     		add	r3, r3, #1
 144              	.LVL20:
 145              	.L9:
  56:.\main.c      ****         if(str1[i] != str2[length-1-i]){
 146              		.loc 1 56 0 is_stmt 0 discriminator 1
 147 0048 9342     		cmp	r3, r2
 148 004a F6DB     		blt	.L11
  58:.\main.c      ****             return '0';
  59:.\main.c      ****         }
  60:.\main.c      ****     }
  61:.\main.c      ****     return '1';    
 149              		.loc 1 61 0 is_stmt 1
 150 004c 3120     		mov	r0, #49
 151 004e 00E0     		b	.L10
 152              	.L12:
  58:.\main.c      ****             return '0';
 153              		.loc 1 58 0
 154 0050 3020     		mov	r0, #48
 155              	.L10:
  62:.\main.c      **** }
 156              		.loc 1 62 0
 157              		@ sp needed
 158              	.LVL21:
 159              	.LVL22:
 160 0052 70BD     		pop	{r4, r5, r6, pc}
 161              	.L14:
 162              		.align	2
ARM GAS  C:\Users\Gary\AppData\Local\Temp\cc3ZRAb0.s 			page 5


 163              	.L13:
 164 0054 00000000 		.word	.LC0
 165 0058 1C000000 		.word	.LC2
 166 005c 20000000 		.word	.LC4
 167              		.cfi_endproc
 168              	.LFE34:
 169              		.size	checkPalindrome, .-checkPalindrome
 170              		.section	.text.main,"ax",%progbits
 171              		.align	2
 172              		.global	main
 173              		.code	16
 174              		.thumb_func
 175              		.type	main, %function
 176              	main:
 177              	.LFB35:
  63:.\main.c      **** 
  64:.\main.c      **** int main()
  65:.\main.c      **** {
 178              		.loc 1 65 0
 179              		.cfi_startproc
 180 0000 F8B5     		push	{r3, r4, r5, r6, r7, lr}
 181              		.cfi_def_cfa_offset 24
 182              		.cfi_offset 3, -24
 183              		.cfi_offset 4, -20
 184              		.cfi_offset 5, -16
 185              		.cfi_offset 6, -12
 186              		.cfi_offset 7, -8
 187              		.cfi_offset 14, -4
 188 0002 00AF     		add	r7, sp, #0
 189              		.cfi_def_cfa_register 7
  66:.\main.c      ****     CyGlobalIntEnable; /* Enable global interrupts. */
 190              		.loc 1 66 0
 191              	@ 66 ".\main.c" 1
 192 0004 62B6     		CPSIE   i
 193              	@ 0 "" 2
  67:.\main.c      ****     UART_1_Start(); /* Start the UART component. */
 194              		.loc 1 67 0
 195              		.code	16
 196 0006 FFF7FEFF 		bl	UART_1_Start
 197              	.LVL23:
  68:.\main.c      ****     char str1[MAX_BUFFER_SIZE], str2[MAX_BUFFER_SIZE];
 198              		.loc 1 68 0
 199 000a 0D4B     		ldr	r3, .L17
 200 000c 1B68     		ldr	r3, [r3]
 201              	.LVL24:
 202 000e 0733     		add	r3, r3, #7
 203              	.LVL25:
 204 0010 DB08     		lsr	r3, r3, #3
 205 0012 DB00     		lsl	r3, r3, #3
 206 0014 6A46     		mov	r2, sp
 207 0016 D21A     		sub	r2, r2, r3
 208 0018 9546     		mov	sp, r2
 209 001a 6E46     		mov	r6, sp
 210              	.LVL26:
 211 001c D31A     		sub	r3, r2, r3
 212 001e 9D46     		mov	sp, r3
 213 0020 6D46     		mov	r5, sp
ARM GAS  C:\Users\Gary\AppData\Local\Temp\cc3ZRAb0.s 			page 6


 214              	.LVL27:
 215              	.L16:
  69:.\main.c      ****     int status;
  70:.\main.c      ****     
  71:.\main.c      ****     for(;;)
  72:.\main.c      ****     {
  73:.\main.c      ****         status = checkPalindrome(str1, str2);
 216              		.loc 1 73 0 discriminator 1
 217 0022 301C     		mov	r0, r6
 218 0024 291C     		mov	r1, r5
 219 0026 FFF7FEFF 		bl	checkPalindrome
 220              	.LVL28:
 221 002a 041C     		mov	r4, r0
 222              	.LVL29:
  74:.\main.c      ****         UART_1_PutString("The string comparions returned ");
 223              		.loc 1 74 0 discriminator 1
 224 002c 0548     		ldr	r0, .L17+4
 225              	.LVL30:
 226 002e FFF7FEFF 		bl	UART_1_PutString
 227              	.LVL31:
  75:.\main.c      ****         UART_1_PutChar(status);
 228              		.loc 1 75 0 discriminator 1
 229 0032 E0B2     		uxtb	r0, r4
 230 0034 FFF7FEFF 		bl	UART_1_PutChar
 231              	.LVL32:
  76:.\main.c      ****         UART_1_PutString("\n\r");
 232              		.loc 1 76 0 discriminator 1
 233 0038 0348     		ldr	r0, .L17+8
 234 003a FFF7FEFF 		bl	UART_1_PutString
 235              	.LVL33:
  77:.\main.c      ****     }
 236              		.loc 1 77 0 discriminator 1
 237 003e F0E7     		b	.L16
 238              	.L18:
 239              		.align	2
 240              	.L17:
 241 0040 00000000 		.word	.LANCHOR0
 242 0044 3C000000 		.word	.LC7
 243 0048 1C000000 		.word	.LC2
 244              		.cfi_endproc
 245              	.LFE35:
 246              		.size	main, .-main
 247              		.global	MAX_BUFFER_SIZE
 248              		.data
 249              		.align	2
 250              		.set	.LANCHOR0,. + 0
 251              		.type	MAX_BUFFER_SIZE, %object
 252              		.size	MAX_BUFFER_SIZE, 4
 253              	MAX_BUFFER_SIZE:
 254 0000 19000000 		.word	25
 255              		.section	.rodata.str1.4,"aMS",%progbits,1
 256              		.align	2
 257              	.LC0:
 258 0000 456E7465 		.ascii	"Enter the first string: \000"
 258      72207468 
 258      65206669 
 258      72737420 
ARM GAS  C:\Users\Gary\AppData\Local\Temp\cc3ZRAb0.s 			page 7


 258      73747269 
 259 0019 000000   		.space	3
 260              	.LC2:
 261 001c 0A0D00   		.ascii	"\012\015\000"
 262 001f 00       		.space	1
 263              	.LC4:
 264 0020 456E7465 		.ascii	"Enter the second string: \000"
 264      72207468 
 264      65207365 
 264      636F6E64 
 264      20737472 
 265 003a 0000     		.space	2
 266              	.LC7:
 267 003c 54686520 		.ascii	"The string comparions returned \000"
 267      73747269 
 267      6E672063 
 267      6F6D7061 
 267      72696F6E 
 268              		.text
 269              	.Letext0:
 270              		.file 2 "Generated_Source\\PSoC4/cytypes.h"
 271              		.file 3 "Generated_Source\\PSoC4/UART_1.h"
 272              		.section	.debug_info,"",%progbits
 273              	.Ldebug_info0:
 274 0000 0C030000 		.4byte	0x30c
 275 0004 0400     		.2byte	0x4
 276 0006 00000000 		.4byte	.Ldebug_abbrev0
 277 000a 04       		.byte	0x4
 278 000b 01       		.uleb128 0x1
 279 000c 10010000 		.4byte	.LASF26
 280 0010 01       		.byte	0x1
 281 0011 98000000 		.4byte	.LASF27
 282 0015 D4010000 		.4byte	.LASF28
 283 0019 00000000 		.4byte	.Ldebug_ranges0+0
 284 001d 00000000 		.4byte	0
 285 0021 00000000 		.4byte	.Ldebug_line0
 286 0025 02       		.uleb128 0x2
 287 0026 01       		.byte	0x1
 288 0027 06       		.byte	0x6
 289 0028 B8010000 		.4byte	.LASF0
 290 002c 02       		.uleb128 0x2
 291 002d 01       		.byte	0x1
 292 002e 08       		.byte	0x8
 293 002f 59000000 		.4byte	.LASF1
 294 0033 02       		.uleb128 0x2
 295 0034 02       		.byte	0x2
 296 0035 05       		.byte	0x5
 297 0036 9E010000 		.4byte	.LASF2
 298 003a 02       		.uleb128 0x2
 299 003b 02       		.byte	0x2
 300 003c 07       		.byte	0x7
 301 003d 24000000 		.4byte	.LASF3
 302 0041 02       		.uleb128 0x2
 303 0042 04       		.byte	0x4
 304 0043 05       		.byte	0x5
 305 0044 AF010000 		.4byte	.LASF4
 306 0048 02       		.uleb128 0x2
ARM GAS  C:\Users\Gary\AppData\Local\Temp\cc3ZRAb0.s 			page 8


 307 0049 04       		.byte	0x4
 308 004a 07       		.byte	0x7
 309 004b 6D000000 		.4byte	.LASF5
 310 004f 02       		.uleb128 0x2
 311 0050 08       		.byte	0x8
 312 0051 05       		.byte	0x5
 313 0052 FD000000 		.4byte	.LASF6
 314 0056 02       		.uleb128 0x2
 315 0057 08       		.byte	0x8
 316 0058 07       		.byte	0x7
 317 0059 CE000000 		.4byte	.LASF7
 318 005d 03       		.uleb128 0x3
 319 005e 04       		.byte	0x4
 320 005f 05       		.byte	0x5
 321 0060 696E7400 		.ascii	"int\000"
 322 0064 02       		.uleb128 0x2
 323 0065 04       		.byte	0x4
 324 0066 07       		.byte	0x7
 325 0067 C1000000 		.4byte	.LASF8
 326 006b 04       		.uleb128 0x4
 327 006c 7F000000 		.4byte	.LASF9
 328 0070 02       		.byte	0x2
 329 0071 C2       		.byte	0xc2
 330 0072 2C000000 		.4byte	0x2c
 331 0076 04       		.uleb128 0x4
 332 0077 A6000000 		.4byte	.LASF10
 333 007b 02       		.byte	0x2
 334 007c C4       		.byte	0xc4
 335 007d 48000000 		.4byte	0x48
 336 0081 02       		.uleb128 0x2
 337 0082 04       		.byte	0x4
 338 0083 04       		.byte	0x4
 339 0084 1E000000 		.4byte	.LASF11
 340 0088 02       		.uleb128 0x2
 341 0089 08       		.byte	0x8
 342 008a 04       		.byte	0x4
 343 008b 91000000 		.4byte	.LASF12
 344 008f 04       		.uleb128 0x4
 345 0090 67000000 		.4byte	.LASF13
 346 0094 02       		.byte	0x2
 347 0095 D3       		.byte	0xd3
 348 0096 9A000000 		.4byte	0x9a
 349 009a 02       		.uleb128 0x2
 350 009b 01       		.byte	0x1
 351 009c 08       		.byte	0x8
 352 009d 0B010000 		.4byte	.LASF14
 353 00a1 02       		.uleb128 0x2
 354 00a2 04       		.byte	0x4
 355 00a3 07       		.byte	0x7
 356 00a4 F4000000 		.4byte	.LASF15
 357 00a8 05       		.uleb128 0x5
 358 00a9 04       		.byte	0x4
 359 00aa 9A000000 		.4byte	0x9a
 360 00ae 06       		.uleb128 0x6
 361 00af 4E000000 		.4byte	.LASF21
 362 00b3 01       		.byte	0x1
 363 00b4 13       		.byte	0x13
ARM GAS  C:\Users\Gary\AppData\Local\Temp\cc3ZRAb0.s 			page 9


 364 00b5 00000000 		.4byte	.LFB33
 365 00b9 22000000 		.4byte	.LFE33-.LFB33
 366 00bd 01       		.uleb128 0x1
 367 00be 9C       		.byte	0x9c
 368 00bf 0A010000 		.4byte	0x10a
 369 00c3 07       		.uleb128 0x7
 370 00c4 A8010000 		.4byte	.LASF17
 371 00c8 01       		.byte	0x1
 372 00c9 13       		.byte	0x13
 373 00ca A8000000 		.4byte	0xa8
 374 00ce 00000000 		.4byte	.LLST0
 375 00d2 08       		.uleb128 0x8
 376 00d3 85000000 		.4byte	.LASF16
 377 00d7 01       		.byte	0x1
 378 00d8 15       		.byte	0x15
 379 00d9 76000000 		.4byte	0x76
 380 00dd 21000000 		.4byte	.LLST1
 381 00e1 09       		.uleb128 0x9
 382 00e2 70747200 		.ascii	"ptr\000"
 383 00e6 01       		.byte	0x1
 384 00e7 16       		.byte	0x16
 385 00e8 A8000000 		.4byte	0xa8
 386 00ec 3F000000 		.4byte	.LLST2
 387 00f0 0A       		.uleb128 0xa
 388 00f1 08000000 		.4byte	.LVL2
 389 00f5 D0020000 		.4byte	0x2d0
 390 00f9 0B       		.uleb128 0xb
 391 00fa 10000000 		.4byte	.LVL4
 392 00fe DB020000 		.4byte	0x2db
 393 0102 0C       		.uleb128 0xc
 394 0103 01       		.uleb128 0x1
 395 0104 50       		.byte	0x50
 396 0105 02       		.uleb128 0x2
 397 0106 75       		.byte	0x75
 398 0107 00       		.sleb128 0
 399 0108 00       		.byte	0
 400 0109 00       		.byte	0
 401 010a 0D       		.uleb128 0xd
 402 010b C4010000 		.4byte	.LASF29
 403 010f 01       		.byte	0x1
 404 0110 27       		.byte	0x27
 405 0111 5D000000 		.4byte	0x5d
 406 0115 00000000 		.4byte	.LFB34
 407 0119 60000000 		.4byte	.LFE34-.LFB34
 408 011d 01       		.uleb128 0x1
 409 011e 9C       		.byte	0x9c
 410 011f D6010000 		.4byte	0x1d6
 411 0123 07       		.uleb128 0x7
 412 0124 8C000000 		.4byte	.LASF18
 413 0128 01       		.byte	0x1
 414 0129 27       		.byte	0x27
 415 012a A8000000 		.4byte	0xa8
 416 012e 52000000 		.4byte	.LLST3
 417 0132 07       		.uleb128 0x7
 418 0133 A1000000 		.4byte	.LASF19
 419 0137 01       		.byte	0x1
 420 0138 27       		.byte	0x27
ARM GAS  C:\Users\Gary\AppData\Local\Temp\cc3ZRAb0.s 			page 10


 421 0139 A8000000 		.4byte	0xa8
 422 013d 7E000000 		.4byte	.LLST4
 423 0141 09       		.uleb128 0x9
 424 0142 6900     		.ascii	"i\000"
 425 0144 01       		.byte	0x1
 426 0145 2F       		.byte	0x2f
 427 0146 5D000000 		.4byte	0x5d
 428 014a AA000000 		.4byte	.LLST5
 429 014e 0E       		.uleb128 0xe
 430 014f 12020000 		.4byte	.LASF20
 431 0153 01       		.byte	0x1
 432 0154 30       		.byte	0x30
 433 0155 5D000000 		.4byte	0x5d
 434 0159 01       		.uleb128 0x1
 435 015a 52       		.byte	0x52
 436 015b 0F       		.uleb128 0xf
 437 015c 0C000000 		.4byte	.LVL10
 438 0160 EC020000 		.4byte	0x2ec
 439 0164 72010000 		.4byte	0x172
 440 0168 0C       		.uleb128 0xc
 441 0169 01       		.uleb128 0x1
 442 016a 50       		.byte	0x50
 443 016b 05       		.uleb128 0x5
 444 016c 03       		.byte	0x3
 445 016d 00000000 		.4byte	.LC0
 446 0171 00       		.byte	0
 447 0172 0F       		.uleb128 0xf
 448 0173 12000000 		.4byte	.LVL11
 449 0177 AE000000 		.4byte	0xae
 450 017b 86010000 		.4byte	0x186
 451 017f 0C       		.uleb128 0xc
 452 0180 01       		.uleb128 0x1
 453 0181 50       		.byte	0x50
 454 0182 02       		.uleb128 0x2
 455 0183 74       		.byte	0x74
 456 0184 00       		.sleb128 0
 457 0185 00       		.byte	0
 458 0186 0F       		.uleb128 0xf
 459 0187 1A000000 		.4byte	.LVL12
 460 018b EC020000 		.4byte	0x2ec
 461 018f 9A010000 		.4byte	0x19a
 462 0193 0C       		.uleb128 0xc
 463 0194 01       		.uleb128 0x1
 464 0195 50       		.byte	0x50
 465 0196 02       		.uleb128 0x2
 466 0197 76       		.byte	0x76
 467 0198 00       		.sleb128 0
 468 0199 00       		.byte	0
 469 019a 0F       		.uleb128 0xf
 470 019b 20000000 		.4byte	.LVL13
 471 019f EC020000 		.4byte	0x2ec
 472 01a3 B1010000 		.4byte	0x1b1
 473 01a7 0C       		.uleb128 0xc
 474 01a8 01       		.uleb128 0x1
 475 01a9 50       		.byte	0x50
 476 01aa 05       		.uleb128 0x5
 477 01ab 03       		.byte	0x3
ARM GAS  C:\Users\Gary\AppData\Local\Temp\cc3ZRAb0.s 			page 11


 478 01ac 20000000 		.4byte	.LC4
 479 01b0 00       		.byte	0
 480 01b1 0F       		.uleb128 0xf
 481 01b2 26000000 		.4byte	.LVL14
 482 01b6 AE000000 		.4byte	0xae
 483 01ba C5010000 		.4byte	0x1c5
 484 01be 0C       		.uleb128 0xc
 485 01bf 01       		.uleb128 0x1
 486 01c0 50       		.byte	0x50
 487 01c1 02       		.uleb128 0x2
 488 01c2 75       		.byte	0x75
 489 01c3 00       		.sleb128 0
 490 01c4 00       		.byte	0
 491 01c5 0B       		.uleb128 0xb
 492 01c6 2C000000 		.4byte	.LVL15
 493 01ca EC020000 		.4byte	0x2ec
 494 01ce 0C       		.uleb128 0xc
 495 01cf 01       		.uleb128 0x1
 496 01d0 50       		.byte	0x50
 497 01d1 02       		.uleb128 0x2
 498 01d2 76       		.byte	0x76
 499 01d3 00       		.sleb128 0
 500 01d4 00       		.byte	0
 501 01d5 00       		.byte	0
 502 01d6 10       		.uleb128 0x10
 503 01d7 AD000000 		.4byte	.LASF22
 504 01db 01       		.byte	0x1
 505 01dc 40       		.byte	0x40
 506 01dd 5D000000 		.4byte	0x5d
 507 01e1 00000000 		.4byte	.LFB35
 508 01e5 4C000000 		.4byte	.LFE35-.LFB35
 509 01e9 01       		.uleb128 0x1
 510 01ea 9C       		.byte	0x9c
 511 01eb 8F020000 		.4byte	0x28f
 512 01ef 11       		.uleb128 0x11
 513 01f0 A2020000 		.4byte	0x2a2
 514 01f4 E0000000 		.4byte	.LLST6
 515 01f8 08       		.uleb128 0x8
 516 01f9 8C000000 		.4byte	.LASF18
 517 01fd 01       		.byte	0x1
 518 01fe 44       		.byte	0x44
 519 01ff 8F020000 		.4byte	0x28f
 520 0203 08010000 		.4byte	.LLST7
 521 0207 11       		.uleb128 0x11
 522 0208 BA020000 		.4byte	0x2ba
 523 020c 28010000 		.4byte	.LLST8
 524 0210 0E       		.uleb128 0xe
 525 0211 A1000000 		.4byte	.LASF19
 526 0215 01       		.byte	0x1
 527 0216 44       		.byte	0x44
 528 0217 A7020000 		.4byte	0x2a7
 529 021b 02       		.uleb128 0x2
 530 021c 75       		.byte	0x75
 531 021d 00       		.sleb128 0
 532 021e 08       		.uleb128 0x8
 533 021f 37000000 		.4byte	.LASF23
 534 0223 01       		.byte	0x1
ARM GAS  C:\Users\Gary\AppData\Local\Temp\cc3ZRAb0.s 			page 12


 535 0224 45       		.byte	0x45
 536 0225 5D000000 		.4byte	0x5d
 537 0229 43010000 		.4byte	.LLST9
 538 022d 0A       		.uleb128 0xa
 539 022e 0A000000 		.4byte	.LVL23
 540 0232 08030000 		.4byte	0x308
 541 0236 0F       		.uleb128 0xf
 542 0237 2A000000 		.4byte	.LVL28
 543 023b 0A010000 		.4byte	0x10a
 544 023f 50020000 		.4byte	0x250
 545 0243 0C       		.uleb128 0xc
 546 0244 01       		.uleb128 0x1
 547 0245 51       		.byte	0x51
 548 0246 02       		.uleb128 0x2
 549 0247 75       		.byte	0x75
 550 0248 00       		.sleb128 0
 551 0249 0C       		.uleb128 0xc
 552 024a 01       		.uleb128 0x1
 553 024b 50       		.byte	0x50
 554 024c 02       		.uleb128 0x2
 555 024d 76       		.byte	0x76
 556 024e 00       		.sleb128 0
 557 024f 00       		.byte	0
 558 0250 0F       		.uleb128 0xf
 559 0251 32000000 		.4byte	.LVL31
 560 0255 EC020000 		.4byte	0x2ec
 561 0259 67020000 		.4byte	0x267
 562 025d 0C       		.uleb128 0xc
 563 025e 01       		.uleb128 0x1
 564 025f 50       		.byte	0x50
 565 0260 05       		.uleb128 0x5
 566 0261 03       		.byte	0x3
 567 0262 3C000000 		.4byte	.LC7
 568 0266 00       		.byte	0
 569 0267 0F       		.uleb128 0xf
 570 0268 38000000 		.4byte	.LVL32
 571 026c DB020000 		.4byte	0x2db
 572 0270 7B020000 		.4byte	0x27b
 573 0274 0C       		.uleb128 0xc
 574 0275 01       		.uleb128 0x1
 575 0276 50       		.byte	0x50
 576 0277 02       		.uleb128 0x2
 577 0278 74       		.byte	0x74
 578 0279 00       		.sleb128 0
 579 027a 00       		.byte	0
 580 027b 0B       		.uleb128 0xb
 581 027c 3E000000 		.4byte	.LVL33
 582 0280 EC020000 		.4byte	0x2ec
 583 0284 0C       		.uleb128 0xc
 584 0285 01       		.uleb128 0x1
 585 0286 50       		.byte	0x50
 586 0287 05       		.uleb128 0x5
 587 0288 03       		.byte	0x3
 588 0289 1C000000 		.4byte	.LC2
 589 028d 00       		.byte	0
 590 028e 00       		.byte	0
 591 028f 12       		.uleb128 0x12
ARM GAS  C:\Users\Gary\AppData\Local\Temp\cc3ZRAb0.s 			page 13


 592 0290 9A000000 		.4byte	0x9a
 593 0294 A2020000 		.4byte	0x2a2
 594 0298 13       		.uleb128 0x13
 595 0299 A1000000 		.4byte	0xa1
 596 029d EF010000 		.4byte	0x1ef
 597 02a1 00       		.byte	0
 598 02a2 14       		.uleb128 0x14
 599 02a3 A1000000 		.4byte	0xa1
 600 02a7 12       		.uleb128 0x12
 601 02a8 9A000000 		.4byte	0x9a
 602 02ac BA020000 		.4byte	0x2ba
 603 02b0 13       		.uleb128 0x13
 604 02b1 A1000000 		.4byte	0xa1
 605 02b5 07020000 		.4byte	0x207
 606 02b9 00       		.byte	0
 607 02ba 14       		.uleb128 0x14
 608 02bb A1000000 		.4byte	0xa1
 609 02bf 15       		.uleb128 0x15
 610 02c0 3E000000 		.4byte	.LASF30
 611 02c4 01       		.byte	0x1
 612 02c5 10       		.byte	0x10
 613 02c6 5D000000 		.4byte	0x5d
 614 02ca 05       		.uleb128 0x5
 615 02cb 03       		.byte	0x3
 616 02cc 00000000 		.4byte	MAX_BUFFER_SIZE
 617 02d0 16       		.uleb128 0x16
 618 02d1 E5000000 		.4byte	.LASF31
 619 02d5 03       		.byte	0x3
 620 02d6 71       		.byte	0x71
 621 02d7 6B000000 		.4byte	0x6b
 622 02db 17       		.uleb128 0x17
 623 02dc B2000000 		.4byte	.LASF24
 624 02e0 03       		.byte	0x3
 625 02e1 8A       		.byte	0x8a
 626 02e2 EC020000 		.4byte	0x2ec
 627 02e6 18       		.uleb128 0x18
 628 02e7 6B000000 		.4byte	0x6b
 629 02eb 00       		.byte	0
 630 02ec 17       		.uleb128 0x17
 631 02ed 0D000000 		.4byte	.LASF25
 632 02f1 03       		.byte	0x3
 633 02f2 8B       		.byte	0x8b
 634 02f3 FD020000 		.4byte	0x2fd
 635 02f7 18       		.uleb128 0x18
 636 02f8 FD020000 		.4byte	0x2fd
 637 02fc 00       		.byte	0
 638 02fd 05       		.uleb128 0x5
 639 02fe 04       		.byte	0x4
 640 02ff 03030000 		.4byte	0x303
 641 0303 14       		.uleb128 0x14
 642 0304 8F000000 		.4byte	0x8f
 643 0308 19       		.uleb128 0x19
 644 0309 00000000 		.4byte	.LASF32
 645 030d 03       		.byte	0x3
 646 030e 54       		.byte	0x54
 647 030f 00       		.byte	0
 648              		.section	.debug_abbrev,"",%progbits
ARM GAS  C:\Users\Gary\AppData\Local\Temp\cc3ZRAb0.s 			page 14


 649              	.Ldebug_abbrev0:
 650 0000 01       		.uleb128 0x1
 651 0001 11       		.uleb128 0x11
 652 0002 01       		.byte	0x1
 653 0003 25       		.uleb128 0x25
 654 0004 0E       		.uleb128 0xe
 655 0005 13       		.uleb128 0x13
 656 0006 0B       		.uleb128 0xb
 657 0007 03       		.uleb128 0x3
 658 0008 0E       		.uleb128 0xe
 659 0009 1B       		.uleb128 0x1b
 660 000a 0E       		.uleb128 0xe
 661 000b 55       		.uleb128 0x55
 662 000c 17       		.uleb128 0x17
 663 000d 11       		.uleb128 0x11
 664 000e 01       		.uleb128 0x1
 665 000f 10       		.uleb128 0x10
 666 0010 17       		.uleb128 0x17
 667 0011 00       		.byte	0
 668 0012 00       		.byte	0
 669 0013 02       		.uleb128 0x2
 670 0014 24       		.uleb128 0x24
 671 0015 00       		.byte	0
 672 0016 0B       		.uleb128 0xb
 673 0017 0B       		.uleb128 0xb
 674 0018 3E       		.uleb128 0x3e
 675 0019 0B       		.uleb128 0xb
 676 001a 03       		.uleb128 0x3
 677 001b 0E       		.uleb128 0xe
 678 001c 00       		.byte	0
 679 001d 00       		.byte	0
 680 001e 03       		.uleb128 0x3
 681 001f 24       		.uleb128 0x24
 682 0020 00       		.byte	0
 683 0021 0B       		.uleb128 0xb
 684 0022 0B       		.uleb128 0xb
 685 0023 3E       		.uleb128 0x3e
 686 0024 0B       		.uleb128 0xb
 687 0025 03       		.uleb128 0x3
 688 0026 08       		.uleb128 0x8
 689 0027 00       		.byte	0
 690 0028 00       		.byte	0
 691 0029 04       		.uleb128 0x4
 692 002a 16       		.uleb128 0x16
 693 002b 00       		.byte	0
 694 002c 03       		.uleb128 0x3
 695 002d 0E       		.uleb128 0xe
 696 002e 3A       		.uleb128 0x3a
 697 002f 0B       		.uleb128 0xb
 698 0030 3B       		.uleb128 0x3b
 699 0031 0B       		.uleb128 0xb
 700 0032 49       		.uleb128 0x49
 701 0033 13       		.uleb128 0x13
 702 0034 00       		.byte	0
 703 0035 00       		.byte	0
 704 0036 05       		.uleb128 0x5
 705 0037 0F       		.uleb128 0xf
ARM GAS  C:\Users\Gary\AppData\Local\Temp\cc3ZRAb0.s 			page 15


 706 0038 00       		.byte	0
 707 0039 0B       		.uleb128 0xb
 708 003a 0B       		.uleb128 0xb
 709 003b 49       		.uleb128 0x49
 710 003c 13       		.uleb128 0x13
 711 003d 00       		.byte	0
 712 003e 00       		.byte	0
 713 003f 06       		.uleb128 0x6
 714 0040 2E       		.uleb128 0x2e
 715 0041 01       		.byte	0x1
 716 0042 3F       		.uleb128 0x3f
 717 0043 19       		.uleb128 0x19
 718 0044 03       		.uleb128 0x3
 719 0045 0E       		.uleb128 0xe
 720 0046 3A       		.uleb128 0x3a
 721 0047 0B       		.uleb128 0xb
 722 0048 3B       		.uleb128 0x3b
 723 0049 0B       		.uleb128 0xb
 724 004a 27       		.uleb128 0x27
 725 004b 19       		.uleb128 0x19
 726 004c 11       		.uleb128 0x11
 727 004d 01       		.uleb128 0x1
 728 004e 12       		.uleb128 0x12
 729 004f 06       		.uleb128 0x6
 730 0050 40       		.uleb128 0x40
 731 0051 18       		.uleb128 0x18
 732 0052 9742     		.uleb128 0x2117
 733 0054 19       		.uleb128 0x19
 734 0055 01       		.uleb128 0x1
 735 0056 13       		.uleb128 0x13
 736 0057 00       		.byte	0
 737 0058 00       		.byte	0
 738 0059 07       		.uleb128 0x7
 739 005a 05       		.uleb128 0x5
 740 005b 00       		.byte	0
 741 005c 03       		.uleb128 0x3
 742 005d 0E       		.uleb128 0xe
 743 005e 3A       		.uleb128 0x3a
 744 005f 0B       		.uleb128 0xb
 745 0060 3B       		.uleb128 0x3b
 746 0061 0B       		.uleb128 0xb
 747 0062 49       		.uleb128 0x49
 748 0063 13       		.uleb128 0x13
 749 0064 02       		.uleb128 0x2
 750 0065 17       		.uleb128 0x17
 751 0066 00       		.byte	0
 752 0067 00       		.byte	0
 753 0068 08       		.uleb128 0x8
 754 0069 34       		.uleb128 0x34
 755 006a 00       		.byte	0
 756 006b 03       		.uleb128 0x3
 757 006c 0E       		.uleb128 0xe
 758 006d 3A       		.uleb128 0x3a
 759 006e 0B       		.uleb128 0xb
 760 006f 3B       		.uleb128 0x3b
 761 0070 0B       		.uleb128 0xb
 762 0071 49       		.uleb128 0x49
ARM GAS  C:\Users\Gary\AppData\Local\Temp\cc3ZRAb0.s 			page 16


 763 0072 13       		.uleb128 0x13
 764 0073 02       		.uleb128 0x2
 765 0074 17       		.uleb128 0x17
 766 0075 00       		.byte	0
 767 0076 00       		.byte	0
 768 0077 09       		.uleb128 0x9
 769 0078 34       		.uleb128 0x34
 770 0079 00       		.byte	0
 771 007a 03       		.uleb128 0x3
 772 007b 08       		.uleb128 0x8
 773 007c 3A       		.uleb128 0x3a
 774 007d 0B       		.uleb128 0xb
 775 007e 3B       		.uleb128 0x3b
 776 007f 0B       		.uleb128 0xb
 777 0080 49       		.uleb128 0x49
 778 0081 13       		.uleb128 0x13
 779 0082 02       		.uleb128 0x2
 780 0083 17       		.uleb128 0x17
 781 0084 00       		.byte	0
 782 0085 00       		.byte	0
 783 0086 0A       		.uleb128 0xa
 784 0087 898201   		.uleb128 0x4109
 785 008a 00       		.byte	0
 786 008b 11       		.uleb128 0x11
 787 008c 01       		.uleb128 0x1
 788 008d 31       		.uleb128 0x31
 789 008e 13       		.uleb128 0x13
 790 008f 00       		.byte	0
 791 0090 00       		.byte	0
 792 0091 0B       		.uleb128 0xb
 793 0092 898201   		.uleb128 0x4109
 794 0095 01       		.byte	0x1
 795 0096 11       		.uleb128 0x11
 796 0097 01       		.uleb128 0x1
 797 0098 31       		.uleb128 0x31
 798 0099 13       		.uleb128 0x13
 799 009a 00       		.byte	0
 800 009b 00       		.byte	0
 801 009c 0C       		.uleb128 0xc
 802 009d 8A8201   		.uleb128 0x410a
 803 00a0 00       		.byte	0
 804 00a1 02       		.uleb128 0x2
 805 00a2 18       		.uleb128 0x18
 806 00a3 9142     		.uleb128 0x2111
 807 00a5 18       		.uleb128 0x18
 808 00a6 00       		.byte	0
 809 00a7 00       		.byte	0
 810 00a8 0D       		.uleb128 0xd
 811 00a9 2E       		.uleb128 0x2e
 812 00aa 01       		.byte	0x1
 813 00ab 3F       		.uleb128 0x3f
 814 00ac 19       		.uleb128 0x19
 815 00ad 03       		.uleb128 0x3
 816 00ae 0E       		.uleb128 0xe
 817 00af 3A       		.uleb128 0x3a
 818 00b0 0B       		.uleb128 0xb
 819 00b1 3B       		.uleb128 0x3b
ARM GAS  C:\Users\Gary\AppData\Local\Temp\cc3ZRAb0.s 			page 17


 820 00b2 0B       		.uleb128 0xb
 821 00b3 27       		.uleb128 0x27
 822 00b4 19       		.uleb128 0x19
 823 00b5 49       		.uleb128 0x49
 824 00b6 13       		.uleb128 0x13
 825 00b7 11       		.uleb128 0x11
 826 00b8 01       		.uleb128 0x1
 827 00b9 12       		.uleb128 0x12
 828 00ba 06       		.uleb128 0x6
 829 00bb 40       		.uleb128 0x40
 830 00bc 18       		.uleb128 0x18
 831 00bd 9742     		.uleb128 0x2117
 832 00bf 19       		.uleb128 0x19
 833 00c0 01       		.uleb128 0x1
 834 00c1 13       		.uleb128 0x13
 835 00c2 00       		.byte	0
 836 00c3 00       		.byte	0
 837 00c4 0E       		.uleb128 0xe
 838 00c5 34       		.uleb128 0x34
 839 00c6 00       		.byte	0
 840 00c7 03       		.uleb128 0x3
 841 00c8 0E       		.uleb128 0xe
 842 00c9 3A       		.uleb128 0x3a
 843 00ca 0B       		.uleb128 0xb
 844 00cb 3B       		.uleb128 0x3b
 845 00cc 0B       		.uleb128 0xb
 846 00cd 49       		.uleb128 0x49
 847 00ce 13       		.uleb128 0x13
 848 00cf 02       		.uleb128 0x2
 849 00d0 18       		.uleb128 0x18
 850 00d1 00       		.byte	0
 851 00d2 00       		.byte	0
 852 00d3 0F       		.uleb128 0xf
 853 00d4 898201   		.uleb128 0x4109
 854 00d7 01       		.byte	0x1
 855 00d8 11       		.uleb128 0x11
 856 00d9 01       		.uleb128 0x1
 857 00da 31       		.uleb128 0x31
 858 00db 13       		.uleb128 0x13
 859 00dc 01       		.uleb128 0x1
 860 00dd 13       		.uleb128 0x13
 861 00de 00       		.byte	0
 862 00df 00       		.byte	0
 863 00e0 10       		.uleb128 0x10
 864 00e1 2E       		.uleb128 0x2e
 865 00e2 01       		.byte	0x1
 866 00e3 3F       		.uleb128 0x3f
 867 00e4 19       		.uleb128 0x19
 868 00e5 03       		.uleb128 0x3
 869 00e6 0E       		.uleb128 0xe
 870 00e7 3A       		.uleb128 0x3a
 871 00e8 0B       		.uleb128 0xb
 872 00e9 3B       		.uleb128 0x3b
 873 00ea 0B       		.uleb128 0xb
 874 00eb 49       		.uleb128 0x49
 875 00ec 13       		.uleb128 0x13
 876 00ed 11       		.uleb128 0x11
ARM GAS  C:\Users\Gary\AppData\Local\Temp\cc3ZRAb0.s 			page 18


 877 00ee 01       		.uleb128 0x1
 878 00ef 12       		.uleb128 0x12
 879 00f0 06       		.uleb128 0x6
 880 00f1 40       		.uleb128 0x40
 881 00f2 18       		.uleb128 0x18
 882 00f3 9742     		.uleb128 0x2117
 883 00f5 19       		.uleb128 0x19
 884 00f6 01       		.uleb128 0x1
 885 00f7 13       		.uleb128 0x13
 886 00f8 00       		.byte	0
 887 00f9 00       		.byte	0
 888 00fa 11       		.uleb128 0x11
 889 00fb 34       		.uleb128 0x34
 890 00fc 00       		.byte	0
 891 00fd 34       		.uleb128 0x34
 892 00fe 19       		.uleb128 0x19
 893 00ff 49       		.uleb128 0x49
 894 0100 13       		.uleb128 0x13
 895 0101 02       		.uleb128 0x2
 896 0102 17       		.uleb128 0x17
 897 0103 00       		.byte	0
 898 0104 00       		.byte	0
 899 0105 12       		.uleb128 0x12
 900 0106 01       		.uleb128 0x1
 901 0107 01       		.byte	0x1
 902 0108 49       		.uleb128 0x49
 903 0109 13       		.uleb128 0x13
 904 010a 01       		.uleb128 0x1
 905 010b 13       		.uleb128 0x13
 906 010c 00       		.byte	0
 907 010d 00       		.byte	0
 908 010e 13       		.uleb128 0x13
 909 010f 21       		.uleb128 0x21
 910 0110 00       		.byte	0
 911 0111 49       		.uleb128 0x49
 912 0112 13       		.uleb128 0x13
 913 0113 2F       		.uleb128 0x2f
 914 0114 13       		.uleb128 0x13
 915 0115 00       		.byte	0
 916 0116 00       		.byte	0
 917 0117 14       		.uleb128 0x14
 918 0118 26       		.uleb128 0x26
 919 0119 00       		.byte	0
 920 011a 49       		.uleb128 0x49
 921 011b 13       		.uleb128 0x13
 922 011c 00       		.byte	0
 923 011d 00       		.byte	0
 924 011e 15       		.uleb128 0x15
 925 011f 34       		.uleb128 0x34
 926 0120 00       		.byte	0
 927 0121 03       		.uleb128 0x3
 928 0122 0E       		.uleb128 0xe
 929 0123 3A       		.uleb128 0x3a
 930 0124 0B       		.uleb128 0xb
 931 0125 3B       		.uleb128 0x3b
 932 0126 0B       		.uleb128 0xb
 933 0127 49       		.uleb128 0x49
ARM GAS  C:\Users\Gary\AppData\Local\Temp\cc3ZRAb0.s 			page 19


 934 0128 13       		.uleb128 0x13
 935 0129 3F       		.uleb128 0x3f
 936 012a 19       		.uleb128 0x19
 937 012b 02       		.uleb128 0x2
 938 012c 18       		.uleb128 0x18
 939 012d 00       		.byte	0
 940 012e 00       		.byte	0
 941 012f 16       		.uleb128 0x16
 942 0130 2E       		.uleb128 0x2e
 943 0131 00       		.byte	0
 944 0132 3F       		.uleb128 0x3f
 945 0133 19       		.uleb128 0x19
 946 0134 03       		.uleb128 0x3
 947 0135 0E       		.uleb128 0xe
 948 0136 3A       		.uleb128 0x3a
 949 0137 0B       		.uleb128 0xb
 950 0138 3B       		.uleb128 0x3b
 951 0139 0B       		.uleb128 0xb
 952 013a 27       		.uleb128 0x27
 953 013b 19       		.uleb128 0x19
 954 013c 49       		.uleb128 0x49
 955 013d 13       		.uleb128 0x13
 956 013e 3C       		.uleb128 0x3c
 957 013f 19       		.uleb128 0x19
 958 0140 00       		.byte	0
 959 0141 00       		.byte	0
 960 0142 17       		.uleb128 0x17
 961 0143 2E       		.uleb128 0x2e
 962 0144 01       		.byte	0x1
 963 0145 3F       		.uleb128 0x3f
 964 0146 19       		.uleb128 0x19
 965 0147 03       		.uleb128 0x3
 966 0148 0E       		.uleb128 0xe
 967 0149 3A       		.uleb128 0x3a
 968 014a 0B       		.uleb128 0xb
 969 014b 3B       		.uleb128 0x3b
 970 014c 0B       		.uleb128 0xb
 971 014d 27       		.uleb128 0x27
 972 014e 19       		.uleb128 0x19
 973 014f 3C       		.uleb128 0x3c
 974 0150 19       		.uleb128 0x19
 975 0151 01       		.uleb128 0x1
 976 0152 13       		.uleb128 0x13
 977 0153 00       		.byte	0
 978 0154 00       		.byte	0
 979 0155 18       		.uleb128 0x18
 980 0156 05       		.uleb128 0x5
 981 0157 00       		.byte	0
 982 0158 49       		.uleb128 0x49
 983 0159 13       		.uleb128 0x13
 984 015a 00       		.byte	0
 985 015b 00       		.byte	0
 986 015c 19       		.uleb128 0x19
 987 015d 2E       		.uleb128 0x2e
 988 015e 00       		.byte	0
 989 015f 3F       		.uleb128 0x3f
 990 0160 19       		.uleb128 0x19
ARM GAS  C:\Users\Gary\AppData\Local\Temp\cc3ZRAb0.s 			page 20


 991 0161 03       		.uleb128 0x3
 992 0162 0E       		.uleb128 0xe
 993 0163 3A       		.uleb128 0x3a
 994 0164 0B       		.uleb128 0xb
 995 0165 3B       		.uleb128 0x3b
 996 0166 0B       		.uleb128 0xb
 997 0167 27       		.uleb128 0x27
 998 0168 19       		.uleb128 0x19
 999 0169 3C       		.uleb128 0x3c
 1000 016a 19       		.uleb128 0x19
 1001 016b 00       		.byte	0
 1002 016c 00       		.byte	0
 1003 016d 00       		.byte	0
 1004              		.section	.debug_loc,"",%progbits
 1005              	.Ldebug_loc0:
 1006              	.LLST0:
 1007 0000 00000000 		.4byte	.LVL0
 1008 0004 04000000 		.4byte	.LVL1
 1009 0008 0100     		.2byte	0x1
 1010 000a 50       		.byte	0x50
 1011 000b 04000000 		.4byte	.LVL1
 1012 000f 22000000 		.4byte	.LFE33
 1013 0013 0400     		.2byte	0x4
 1014 0015 F3       		.byte	0xf3
 1015 0016 01       		.uleb128 0x1
 1016 0017 50       		.byte	0x50
 1017 0018 9F       		.byte	0x9f
 1018 0019 00000000 		.4byte	0
 1019 001d 00000000 		.4byte	0
 1020              	.LLST1:
 1021 0021 0A000000 		.4byte	.LVL3
 1022 0025 0F000000 		.4byte	.LVL4-1
 1023 0029 0100     		.2byte	0x1
 1024 002b 50       		.byte	0x50
 1025 002c 0F000000 		.4byte	.LVL4-1
 1026 0030 20000000 		.4byte	.LVL6
 1027 0034 0100     		.2byte	0x1
 1028 0036 55       		.byte	0x55
 1029 0037 00000000 		.4byte	0
 1030 003b 00000000 		.4byte	0
 1031              	.LLST2:
 1032 003f 04000000 		.4byte	.LVL1
 1033 0043 20000000 		.4byte	.LVL7
 1034 0047 0100     		.2byte	0x1
 1035 0049 56       		.byte	0x56
 1036 004a 00000000 		.4byte	0
 1037 004e 00000000 		.4byte	0
 1038              	.LLST3:
 1039 0052 00000000 		.4byte	.LVL8
 1040 0056 08000000 		.4byte	.LVL9
 1041 005a 0100     		.2byte	0x1
 1042 005c 50       		.byte	0x50
 1043 005d 08000000 		.4byte	.LVL9
 1044 0061 52000000 		.4byte	.LVL21
 1045 0065 0100     		.2byte	0x1
 1046 0067 54       		.byte	0x54
 1047 0068 52000000 		.4byte	.LVL21
ARM GAS  C:\Users\Gary\AppData\Local\Temp\cc3ZRAb0.s 			page 21


 1048 006c 60000000 		.4byte	.LFE34
 1049 0070 0400     		.2byte	0x4
 1050 0072 F3       		.byte	0xf3
 1051 0073 01       		.uleb128 0x1
 1052 0074 50       		.byte	0x50
 1053 0075 9F       		.byte	0x9f
 1054 0076 00000000 		.4byte	0
 1055 007a 00000000 		.4byte	0
 1056              	.LLST4:
 1057 007e 00000000 		.4byte	.LVL8
 1058 0082 0B000000 		.4byte	.LVL10-1
 1059 0086 0100     		.2byte	0x1
 1060 0088 51       		.byte	0x51
 1061 0089 0B000000 		.4byte	.LVL10-1
 1062 008d 52000000 		.4byte	.LVL22
 1063 0091 0100     		.2byte	0x1
 1064 0093 55       		.byte	0x55
 1065 0094 52000000 		.4byte	.LVL22
 1066 0098 60000000 		.4byte	.LFE34
 1067 009c 0400     		.2byte	0x4
 1068 009e F3       		.byte	0xf3
 1069 009f 01       		.uleb128 0x1
 1070 00a0 51       		.byte	0x51
 1071 00a1 9F       		.byte	0x9f
 1072 00a2 00000000 		.4byte	0
 1073 00a6 00000000 		.4byte	0
 1074              	.LLST5:
 1075 00aa 2C000000 		.4byte	.LVL15
 1076 00ae 30000000 		.4byte	.LVL16
 1077 00b2 0200     		.2byte	0x2
 1078 00b4 30       		.byte	0x30
 1079 00b5 9F       		.byte	0x9f
 1080 00b6 30000000 		.4byte	.LVL16
 1081 00ba 38000000 		.4byte	.LVL18
 1082 00be 0100     		.2byte	0x1
 1083 00c0 52       		.byte	0x52
 1084 00c1 38000000 		.4byte	.LVL18
 1085 00c5 3A000000 		.4byte	.LVL19
 1086 00c9 0200     		.2byte	0x2
 1087 00cb 30       		.byte	0x30
 1088 00cc 9F       		.byte	0x9f
 1089 00cd 3A000000 		.4byte	.LVL19
 1090 00d1 60000000 		.4byte	.LFE34
 1091 00d5 0100     		.2byte	0x1
 1092 00d7 53       		.byte	0x53
 1093 00d8 00000000 		.4byte	0
 1094 00dc 00000000 		.4byte	0
 1095              	.LLST6:
 1096 00e0 0E000000 		.4byte	.LVL24
 1097 00e4 10000000 		.4byte	.LVL25
 1098 00e8 0300     		.2byte	0x3
 1099 00ea 73       		.byte	0x73
 1100 00eb 7F       		.sleb128 -1
 1101 00ec 9F       		.byte	0x9f
 1102 00ed 10000000 		.4byte	.LVL25
 1103 00f1 22000000 		.4byte	.LVL27
 1104 00f5 0900     		.2byte	0x9
ARM GAS  C:\Users\Gary\AppData\Local\Temp\cc3ZRAb0.s 			page 22


 1105 00f7 03       		.byte	0x3
 1106 00f8 00000000 		.4byte	MAX_BUFFER_SIZE
 1107 00fc 06       		.byte	0x6
 1108 00fd 31       		.byte	0x31
 1109 00fe 1C       		.byte	0x1c
 1110 00ff 9F       		.byte	0x9f
 1111 0100 00000000 		.4byte	0
 1112 0104 00000000 		.4byte	0
 1113              	.LLST7:
 1114 0108 1C000000 		.4byte	.LVL26
 1115 010c 22000000 		.4byte	.LVL27
 1116 0110 0200     		.2byte	0x2
 1117 0112 72       		.byte	0x72
 1118 0113 00       		.sleb128 0
 1119 0114 22000000 		.4byte	.LVL27
 1120 0118 4C000000 		.4byte	.LFE35
 1121 011c 0200     		.2byte	0x2
 1122 011e 76       		.byte	0x76
 1123 011f 00       		.sleb128 0
 1124 0120 00000000 		.4byte	0
 1125 0124 00000000 		.4byte	0
 1126              	.LLST8:
 1127 0128 1C000000 		.4byte	.LVL26
 1128 012c 22000000 		.4byte	.LVL27
 1129 0130 0900     		.2byte	0x9
 1130 0132 03       		.byte	0x3
 1131 0133 00000000 		.4byte	MAX_BUFFER_SIZE
 1132 0137 06       		.byte	0x6
 1133 0138 31       		.byte	0x31
 1134 0139 1C       		.byte	0x1c
 1135 013a 9F       		.byte	0x9f
 1136 013b 00000000 		.4byte	0
 1137 013f 00000000 		.4byte	0
 1138              	.LLST9:
 1139 0143 2C000000 		.4byte	.LVL29
 1140 0147 2E000000 		.4byte	.LVL30
 1141 014b 0100     		.2byte	0x1
 1142 014d 50       		.byte	0x50
 1143 014e 2E000000 		.4byte	.LVL30
 1144 0152 4C000000 		.4byte	.LFE35
 1145 0156 0100     		.2byte	0x1
 1146 0158 54       		.byte	0x54
 1147 0159 00000000 		.4byte	0
 1148 015d 00000000 		.4byte	0
 1149              		.section	.debug_aranges,"",%progbits
 1150 0000 2C000000 		.4byte	0x2c
 1151 0004 0200     		.2byte	0x2
 1152 0006 00000000 		.4byte	.Ldebug_info0
 1153 000a 04       		.byte	0x4
 1154 000b 00       		.byte	0
 1155 000c 0000     		.2byte	0
 1156 000e 0000     		.2byte	0
 1157 0010 00000000 		.4byte	.LFB33
 1158 0014 22000000 		.4byte	.LFE33-.LFB33
 1159 0018 00000000 		.4byte	.LFB34
 1160 001c 60000000 		.4byte	.LFE34-.LFB34
 1161 0020 00000000 		.4byte	.LFB35
ARM GAS  C:\Users\Gary\AppData\Local\Temp\cc3ZRAb0.s 			page 23


 1162 0024 4C000000 		.4byte	.LFE35-.LFB35
 1163 0028 00000000 		.4byte	0
 1164 002c 00000000 		.4byte	0
 1165              		.section	.debug_ranges,"",%progbits
 1166              	.Ldebug_ranges0:
 1167 0000 00000000 		.4byte	.LFB33
 1168 0004 22000000 		.4byte	.LFE33
 1169 0008 00000000 		.4byte	.LFB34
 1170 000c 60000000 		.4byte	.LFE34
 1171 0010 00000000 		.4byte	.LFB35
 1172 0014 4C000000 		.4byte	.LFE35
 1173 0018 00000000 		.4byte	0
 1174 001c 00000000 		.4byte	0
 1175              		.section	.debug_line,"",%progbits
 1176              	.Ldebug_line0:
 1177 0000 C2000000 		.section	.debug_str,"MS",%progbits,1
 1177      02004F00 
 1177      00000201 
 1177      FB0E0D00 
 1177      01010101 
 1178              	.LASF32:
 1179 0000 55415254 		.ascii	"UART_1_Start\000"
 1179      5F315F53 
 1179      74617274 
 1179      00
 1180              	.LASF25:
 1181 000d 55415254 		.ascii	"UART_1_PutString\000"
 1181      5F315F50 
 1181      75745374 
 1181      72696E67 
 1181      00
 1182              	.LASF11:
 1183 001e 666C6F61 		.ascii	"float\000"
 1183      7400
 1184              	.LASF3:
 1185 0024 73686F72 		.ascii	"short unsigned int\000"
 1185      7420756E 
 1185      7369676E 
 1185      65642069 
 1185      6E7400
 1186              	.LASF23:
 1187 0037 73746174 		.ascii	"status\000"
 1187      757300
 1188              	.LASF30:
 1189 003e 4D41585F 		.ascii	"MAX_BUFFER_SIZE\000"
 1189      42554646 
 1189      45525F53 
 1189      495A4500 
 1190              	.LASF21:
 1191 004e 72656164 		.ascii	"readString\000"
 1191      53747269 
 1191      6E6700
 1192              	.LASF1:
 1193 0059 756E7369 		.ascii	"unsigned char\000"
 1193      676E6564 
 1193      20636861 
 1193      7200
ARM GAS  C:\Users\Gary\AppData\Local\Temp\cc3ZRAb0.s 			page 24


 1194              	.LASF13:
 1195 0067 63686172 		.ascii	"char8\000"
 1195      3800
 1196              	.LASF5:
 1197 006d 6C6F6E67 		.ascii	"long unsigned int\000"
 1197      20756E73 
 1197      69676E65 
 1197      6420696E 
 1197      7400
 1198              	.LASF9:
 1199 007f 75696E74 		.ascii	"uint8\000"
 1199      3800
 1200              	.LASF16:
 1201 0085 72784461 		.ascii	"rxData\000"
 1201      746100
 1202              	.LASF18:
 1203 008c 73747231 		.ascii	"str1\000"
 1203      00
 1204              	.LASF12:
 1205 0091 646F7562 		.ascii	"double\000"
 1205      6C6500
 1206              	.LASF27:
 1207 0098 2E5C6D61 		.ascii	".\\main.c\000"
 1207      696E2E63 
 1207      00
 1208              	.LASF19:
 1209 00a1 73747232 		.ascii	"str2\000"
 1209      00
 1210              	.LASF10:
 1211 00a6 75696E74 		.ascii	"uint32\000"
 1211      333200
 1212              	.LASF22:
 1213 00ad 6D61696E 		.ascii	"main\000"
 1213      00
 1214              	.LASF24:
 1215 00b2 55415254 		.ascii	"UART_1_PutChar\000"
 1215      5F315F50 
 1215      75744368 
 1215      617200
 1216              	.LASF8:
 1217 00c1 756E7369 		.ascii	"unsigned int\000"
 1217      676E6564 
 1217      20696E74 
 1217      00
 1218              	.LASF7:
 1219 00ce 6C6F6E67 		.ascii	"long long unsigned int\000"
 1219      206C6F6E 
 1219      6720756E 
 1219      7369676E 
 1219      65642069 
 1220              	.LASF31:
 1221 00e5 55415254 		.ascii	"UART_1_GetChar\000"
 1221      5F315F47 
 1221      65744368 
 1221      617200
 1222              	.LASF15:
 1223 00f4 73697A65 		.ascii	"sizetype\000"
ARM GAS  C:\Users\Gary\AppData\Local\Temp\cc3ZRAb0.s 			page 25


 1223      74797065 
 1223      00
 1224              	.LASF6:
 1225 00fd 6C6F6E67 		.ascii	"long long int\000"
 1225      206C6F6E 
 1225      6720696E 
 1225      7400
 1226              	.LASF14:
 1227 010b 63686172 		.ascii	"char\000"
 1227      00
 1228              	.LASF26:
 1229 0110 474E5520 		.ascii	"GNU C 4.9.3 20150303 (release) [ARM/embedded-4_9-br"
 1229      4320342E 
 1229      392E3320 
 1229      32303135 
 1229      30333033 
 1230 0143 616E6368 		.ascii	"anch revision 221220] -mcpu=cortex-m0 -mthumb -g -O"
 1230      20726576 
 1230      6973696F 
 1230      6E203232 
 1230      31323230 
 1231 0176 67202D66 		.ascii	"g -ffunction-sections -ffat-lto-objects\000"
 1231      66756E63 
 1231      74696F6E 
 1231      2D736563 
 1231      74696F6E 
 1232              	.LASF2:
 1233 019e 73686F72 		.ascii	"short int\000"
 1233      7420696E 
 1233      7400
 1234              	.LASF17:
 1235 01a8 62756666 		.ascii	"buffer\000"
 1235      657200
 1236              	.LASF4:
 1237 01af 6C6F6E67 		.ascii	"long int\000"
 1237      20696E74 
 1237      00
 1238              	.LASF0:
 1239 01b8 7369676E 		.ascii	"signed char\000"
 1239      65642063 
 1239      68617200 
 1240              	.LASF29:
 1241 01c4 63686563 		.ascii	"checkPalindrome\000"
 1241      6B50616C 
 1241      696E6472 
 1241      6F6D6500 
 1242              	.LASF28:
 1243 01d4 433A5C55 		.ascii	"C:\\Users\\Gary\\Documents\\PSoC Creator\\Workspace"
 1243      73657273 
 1243      5C476172 
 1243      795C446F 
 1243      63756D65 
 1244 0202 30315C4C 		.ascii	"01\\Lab 3d.cydsn\000"
 1244      61622033 
 1244      642E6379 
 1244      64736E00 
 1245              	.LASF20:
ARM GAS  C:\Users\Gary\AppData\Local\Temp\cc3ZRAb0.s 			page 26


 1246 0212 6C656E67 		.ascii	"length\000"
 1246      746800
 1247              		.ident	"GCC: (GNU Tools for ARM Embedded Processors) 4.9.3 20150303 (release) [ARM/embedded-4_9-br
