ARM GAS  C:\Users\Gary\AppData\Local\Temp\ccU2rxnF.s 			page 1


   1              		.cpu cortex-m0
   2              		.fpu softvfp
   3              		.eabi_attribute 20, 1
   4              		.eabi_attribute 21, 1
   5              		.eabi_attribute 23, 3
   6              		.eabi_attribute 24, 1
   7              		.eabi_attribute 25, 1
   8              		.eabi_attribute 26, 1
   9              		.eabi_attribute 30, 1
  10              		.eabi_attribute 34, 0
  11              		.eabi_attribute 18, 4
  12              		.code	16
  13              		.file	"main.c"
  14              		.text
  15              	.Ltext0:
  16              		.cfi_sections	.debug_frame
  17              		.global	__aeabi_f2d
  18              		.global	__aeabi_dadd
  19              		.global	__aeabi_d2f
  20              		.section	.text.main,"ax",%progbits
  21              		.align	2
  22              		.global	main
  23              		.code	16
  24              		.thumb_func
  25              		.type	main, %function
  26              	main:
  27              	.LFB33:
  28              		.file 1 ".\\main.c"
   1:.\main.c      **** /* ========================================
   2:.\main.c      ****  *
   3:.\main.c      ****  * Copyright YOUR COMPANY, THE YEAR
   4:.\main.c      ****  * All Rights Reserved
   5:.\main.c      ****  * UNPUBLISHED, LICENSED SOFTWARE.
   6:.\main.c      ****  *
   7:.\main.c      ****  * CONFIDENTIAL AND PROPRIETARY INFORMATION
   8:.\main.c      ****  * WHICH IS THE PROPERTY OF your company.
   9:.\main.c      ****  *
  10:.\main.c      ****  * ========================================
  11:.\main.c      **** */
  12:.\main.c      **** #include <project.h>
  13:.\main.c      **** 
  14:.\main.c      **** int main()
  15:.\main.c      **** {
  29              		.loc 1 15 0
  30              		.cfi_startproc
  31 0000 70B5     		push	{r4, r5, r6, lr}
  32              		.cfi_def_cfa_offset 16
  33              		.cfi_offset 4, -16
  34              		.cfi_offset 5, -12
  35              		.cfi_offset 6, -8
  36              		.cfi_offset 14, -4
  37 0002 9AB0     		sub	sp, sp, #104
  38              		.cfi_def_cfa_offset 120
  16:.\main.c      ****     char buf[100];
  17:.\main.c      ****     CyGlobalIntEnable; /* Enable global interrupts. */
  39              		.loc 1 17 0
  40              	@ 17 ".\main.c" 1
ARM GAS  C:\Users\Gary\AppData\Local\Temp\ccU2rxnF.s 			page 2


  41 0004 62B6     		CPSIE   i
  42              	@ 0 "" 2
  18:.\main.c      **** 
  19:.\main.c      ****     UART_1_Start();
  43              		.loc 1 19 0
  44              		.code	16
  45 0006 FFF7FEFF 		bl	UART_1_Start
  46              	.LVL0:
  20:.\main.c      ****     
  21:.\main.c      ****     strcpy(buf, "Hello world \n \r");
  47              		.loc 1 21 0
  48 000a 01A8     		add	r0, sp, #4
  49 000c 264B     		ldr	r3, .L6
  50 000e 021C     		mov	r2, r0
  51 0010 32CB     		ldmia	r3!, {r1, r4, r5}
  52 0012 32C2     		stmia	r2!, {r1, r4, r5}
  53 0014 1B68     		ldr	r3, [r3]
  54 0016 1360     		str	r3, [r2]
  22:.\main.c      ****     
  23:.\main.c      ****     UART_1_PutString(buf);
  55              		.loc 1 23 0
  56 0018 FFF7FEFF 		bl	UART_1_PutString
  57              	.LVL1:
  24:.\main.c      ****     
  25:.\main.c      ****     int i;
  26:.\main.c      ****     int int_counter = 0;
  58              		.loc 1 26 0
  59 001c 0025     		mov	r5, #0
  27:.\main.c      ****     float float_counter = 0.0;
  28:.\main.c      ****     
  29:.\main.c      ****     for(i = 0; i < 101; i++){
  60              		.loc 1 29 0
  61 001e 0024     		mov	r4, #0
  62 0020 13E0     		b	.L2
  63              	.LVL2:
  64              	.L3:
  65              	.LBB2:
  30:.\main.c      ****         sprintf(buf, "%d", int_counter);
  66              		.loc 1 30 0 discriminator 3
  67 0022 01A8     		add	r0, sp, #4
  68 0024 2149     		ldr	r1, .L6+4
  69 0026 2A1C     		mov	r2, r5
  70 0028 FFF7FEFF 		bl	sprintf
  71              	.LVL3:
  31:.\main.c      ****         strcat(buf, "\n \r");
  72              		.loc 1 31 0 discriminator 3
  73 002c 01A8     		add	r0, sp, #4
  74 002e FFF7FEFF 		bl	strlen
  75              	.LVL4:
  76 0032 01AB     		add	r3, sp, #4
  77 0034 9C46     		mov	ip, r3
  78 0036 6044     		add	r0, r0, ip
  79 0038 1D49     		ldr	r1, .L6+8
  80 003a 0422     		mov	r2, #4
  81 003c FFF7FEFF 		bl	memcpy
  82              	.LVL5:
  32:.\main.c      ****         UART_1_PutString(buf);
ARM GAS  C:\Users\Gary\AppData\Local\Temp\ccU2rxnF.s 			page 3


  83              		.loc 1 32 0 discriminator 3
  84 0040 01A8     		add	r0, sp, #4
  85 0042 FFF7FEFF 		bl	UART_1_PutString
  86              	.LVL6:
  33:.\main.c      ****         int_counter++;
  87              		.loc 1 33 0 discriminator 3
  88 0046 0135     		add	r5, r5, #1
  89              	.LVL7:
  90              	.LBE2:
  29:.\main.c      ****         sprintf(buf, "%d", int_counter);
  91              		.loc 1 29 0 discriminator 3
  92 0048 0134     		add	r4, r4, #1
  93              	.LVL8:
  94              	.L2:
  29:.\main.c      ****         sprintf(buf, "%d", int_counter);
  95              		.loc 1 29 0 is_stmt 0 discriminator 1
  96 004a 642C     		cmp	r4, #100
  97 004c E9DD     		ble	.L3
  98 004e 0024     		mov	r4, #0
  99              	.LVL9:
 100 0050 0026     		mov	r6, #0
 101 0052 24E0     		b	.L4
 102              	.LVL10:
 103              	.L5:
 104              	.LBB3:
  34:.\main.c      ****         
  35:.\main.c      ****         
  36:.\main.c      ****     }
  37:.\main.c      ****     
  38:.\main.c      ****     for(i = 0; i < 101; i++){
  39:.\main.c      ****     sprintf(buf, "%f", float_counter);
 105              		.loc 1 39 0 is_stmt 1 discriminator 3
 106 0054 201C     		add	r0, r4, #0
 107 0056 FFF7FEFF 		bl	__aeabi_f2d
 108              	.LVL11:
 109 005a 041C     		mov	r4, r0
 110              	.LVL12:
 111 005c 0D1C     		mov	r5, r1
 112 005e 01A8     		add	r0, sp, #4
 113 0060 1449     		ldr	r1, .L6+12
 114 0062 221C     		mov	r2, r4
 115 0064 2B1C     		mov	r3, r5
 116 0066 FFF7FEFF 		bl	sprintf
 117              	.LVL13:
  40:.\main.c      ****         strcat(buf, "\n \r");
 118              		.loc 1 40 0 discriminator 3
 119 006a 01A8     		add	r0, sp, #4
 120 006c FFF7FEFF 		bl	strlen
 121              	.LVL14:
 122 0070 01AB     		add	r3, sp, #4
 123 0072 9C46     		mov	ip, r3
 124 0074 6044     		add	r0, r0, ip
 125 0076 0E49     		ldr	r1, .L6+8
 126 0078 0422     		mov	r2, #4
 127 007a FFF7FEFF 		bl	memcpy
 128              	.LVL15:
  41:.\main.c      ****         UART_1_PutString(buf);
ARM GAS  C:\Users\Gary\AppData\Local\Temp\ccU2rxnF.s 			page 4


 129              		.loc 1 41 0 discriminator 3
 130 007e 01A8     		add	r0, sp, #4
 131 0080 FFF7FEFF 		bl	UART_1_PutString
 132              	.LVL16:
  42:.\main.c      ****         float_counter = float_counter + 0.1;
 133              		.loc 1 42 0 discriminator 3
 134 0084 201C     		mov	r0, r4
 135 0086 291C     		mov	r1, r5
 136 0088 0B4A     		ldr	r2, .L6+16
 137 008a 0C4B     		ldr	r3, .L6+20
 138 008c FFF7FEFF 		bl	__aeabi_dadd
 139              	.LVL17:
 140 0090 FFF7FEFF 		bl	__aeabi_d2f
 141              	.LVL18:
 142 0094 041C     		add	r4, r0, #0
 143              	.LVL19:
  43:.\main.c      ****         
  44:.\main.c      ****         CyDelay(100);
 144              		.loc 1 44 0 discriminator 3
 145 0096 6420     		mov	r0, #100
 146              	.LVL20:
 147 0098 FFF7FEFF 		bl	CyDelay
 148              	.LVL21:
 149              	.LBE3:
  38:.\main.c      ****     sprintf(buf, "%f", float_counter);
 150              		.loc 1 38 0 discriminator 3
 151 009c 0136     		add	r6, r6, #1
 152              	.LVL22:
 153              	.L4:
  38:.\main.c      ****     sprintf(buf, "%f", float_counter);
 154              		.loc 1 38 0 is_stmt 0 discriminator 1
 155 009e 642E     		cmp	r6, #100
 156 00a0 D8DD     		ble	.L5
  45:.\main.c      ****     }
  46:.\main.c      ****         
  47:.\main.c      ****     /*for(;;)
  48:.\main.c      ****     {
  49:.\main.c      ****         Pin_Red_Write(~Pin_Red_Read());
  50:.\main.c      ****         CyDelay(500);
  51:.\main.c      ****     }*/
  52:.\main.c      ****     
  53:.\main.c      ****     return 0;
  54:.\main.c      **** }
 157              		.loc 1 54 0 is_stmt 1
 158 00a2 0020     		mov	r0, #0
 159 00a4 1AB0     		add	sp, sp, #104
 160              		@ sp needed
 161              	.LVL23:
 162              	.LVL24:
 163 00a6 70BD     		pop	{r4, r5, r6, pc}
 164              	.L7:
 165              		.align	2
 166              	.L6:
 167 00a8 00000000 		.word	.LC0
 168 00ac 10000000 		.word	.LC2
 169 00b0 14000000 		.word	.LC4
 170 00b4 18000000 		.word	.LC6
ARM GAS  C:\Users\Gary\AppData\Local\Temp\ccU2rxnF.s 			page 5


 171 00b8 9A999999 		.word	-1717986918
 172 00bc 9999B93F 		.word	1069128089
 173              		.cfi_endproc
 174              	.LFE33:
 175              		.size	main, .-main
 176              		.section	.rodata.str1.4,"aMS",%progbits,1
 177              		.align	2
 178              	.LC0:
 179 0000 48656C6C 		.ascii	"Hello world \012 \015\000"
 179      6F20776F 
 179      726C6420 
 179      0A200D00 
 180              	.LC2:
 181 0010 256400   		.ascii	"%d\000"
 182 0013 00       		.space	1
 183              	.LC4:
 184 0014 0A200D00 		.ascii	"\012 \015\000"
 185              	.LC6:
 186 0018 256600   		.ascii	"%f\000"
 187 001b 00       		.text
 188              	.Letext0:
 189              		.file 2 "Generated_Source\\PSoC4/cytypes.h"
 190              		.file 3 "<built-in>"
 191              		.file 4 "Generated_Source\\PSoC4/UART_1.h"
 192              		.file 5 "Generated_Source\\PSoC4/CyLib.h"
 193              		.section	.debug_info,"",%progbits
 194              	.Ldebug_info0:
 195 0000 E3020000 		.4byte	0x2e3
 196 0004 0400     		.2byte	0x4
 197 0006 00000000 		.4byte	.Ldebug_abbrev0
 198 000a 04       		.byte	0x4
 199 000b 01       		.uleb128 0x1
 200 000c CE000000 		.4byte	.LASF21
 201 0010 01       		.byte	0x1
 202 0011 6B000000 		.4byte	.LASF22
 203 0015 AF010000 		.4byte	.LASF23
 204 0019 00000000 		.4byte	.Ldebug_ranges0+0
 205 001d 00000000 		.4byte	0
 206 0021 00000000 		.4byte	.Ldebug_line0
 207 0025 02       		.uleb128 0x2
 208 0026 01       		.byte	0x1
 209 0027 06       		.byte	0x6
 210 0028 74010000 		.4byte	.LASF0
 211 002c 02       		.uleb128 0x2
 212 002d 01       		.byte	0x1
 213 002e 08       		.byte	0x8
 214 002f 1A000000 		.4byte	.LASF1
 215 0033 02       		.uleb128 0x2
 216 0034 02       		.byte	0x2
 217 0035 05       		.byte	0x5
 218 0036 5C010000 		.4byte	.LASF2
 219 003a 02       		.uleb128 0x2
 220 003b 02       		.byte	0x2
 221 003c 07       		.byte	0x7
 222 003d 40000000 		.4byte	.LASF3
 223 0041 02       		.uleb128 0x2
 224 0042 04       		.byte	0x4
ARM GAS  C:\Users\Gary\AppData\Local\Temp\ccU2rxnF.s 			page 6


 225 0043 05       		.byte	0x5
 226 0044 66010000 		.4byte	.LASF4
 227 0048 02       		.uleb128 0x2
 228 0049 04       		.byte	0x4
 229 004a 07       		.byte	0x7
 230 004b 2E000000 		.4byte	.LASF5
 231 004f 02       		.uleb128 0x2
 232 0050 08       		.byte	0x8
 233 0051 05       		.byte	0x5
 234 0052 B9000000 		.4byte	.LASF6
 235 0056 02       		.uleb128 0x2
 236 0057 08       		.byte	0x8
 237 0058 07       		.byte	0x7
 238 0059 8D000000 		.4byte	.LASF7
 239 005d 03       		.uleb128 0x3
 240 005e 04       		.byte	0x4
 241 005f 05       		.byte	0x5
 242 0060 696E7400 		.ascii	"int\000"
 243 0064 02       		.uleb128 0x2
 244 0065 04       		.byte	0x4
 245 0066 07       		.byte	0x7
 246 0067 80000000 		.4byte	.LASF8
 247 006b 04       		.uleb128 0x4
 248 006c 74000000 		.4byte	.LASF11
 249 0070 02       		.byte	0x2
 250 0071 C4       		.byte	0xc4
 251 0072 48000000 		.4byte	0x48
 252 0076 02       		.uleb128 0x2
 253 0077 04       		.byte	0x4
 254 0078 04       		.byte	0x4
 255 0079 0D000000 		.4byte	.LASF9
 256 007d 02       		.uleb128 0x2
 257 007e 08       		.byte	0x8
 258 007f 04       		.byte	0x4
 259 0080 53000000 		.4byte	.LASF10
 260 0084 04       		.uleb128 0x4
 261 0085 28000000 		.4byte	.LASF12
 262 0089 02       		.byte	0x2
 263 008a D3       		.byte	0xd3
 264 008b 8F000000 		.4byte	0x8f
 265 008f 02       		.uleb128 0x2
 266 0090 01       		.byte	0x1
 267 0091 08       		.byte	0x8
 268 0092 6F010000 		.4byte	.LASF13
 269 0096 02       		.uleb128 0x2
 270 0097 04       		.byte	0x4
 271 0098 07       		.byte	0x7
 272 0099 B0000000 		.4byte	.LASF14
 273 009d 05       		.uleb128 0x5
 274 009e 04       		.byte	0x4
 275 009f 06       		.uleb128 0x6
 276 00a0 04       		.byte	0x4
 277 00a1 8F000000 		.4byte	0x8f
 278 00a5 06       		.uleb128 0x6
 279 00a6 04       		.byte	0x4
 280 00a7 AB000000 		.4byte	0xab
 281 00ab 07       		.uleb128 0x7
ARM GAS  C:\Users\Gary\AppData\Local\Temp\ccU2rxnF.s 			page 7


 282 00ac 8F000000 		.4byte	0x8f
 283 00b0 08       		.uleb128 0x8
 284 00b1 7B000000 		.4byte	.LASF24
 285 00b5 01       		.byte	0x1
 286 00b6 0E       		.byte	0xe
 287 00b7 5D000000 		.4byte	0x5d
 288 00bb 00000000 		.4byte	.LFB33
 289 00bf C0000000 		.4byte	.LFE33-.LFB33
 290 00c3 01       		.uleb128 0x1
 291 00c4 9C       		.byte	0x9c
 292 00c5 4A020000 		.4byte	0x24a
 293 00c9 09       		.uleb128 0x9
 294 00ca 62756600 		.ascii	"buf\000"
 295 00ce 01       		.byte	0x1
 296 00cf 10       		.byte	0x10
 297 00d0 4A020000 		.4byte	0x24a
 298 00d4 03       		.uleb128 0x3
 299 00d5 91       		.byte	0x91
 300 00d6 8C7F     		.sleb128 -116
 301 00d8 0A       		.uleb128 0xa
 302 00d9 6900     		.ascii	"i\000"
 303 00db 01       		.byte	0x1
 304 00dc 19       		.byte	0x19
 305 00dd 5D000000 		.4byte	0x5d
 306 00e1 00000000 		.4byte	.LLST0
 307 00e5 0B       		.uleb128 0xb
 308 00e6 A4000000 		.4byte	.LASF15
 309 00ea 01       		.byte	0x1
 310 00eb 1A       		.byte	0x1a
 311 00ec 5D000000 		.4byte	0x5d
 312 00f0 2A000000 		.4byte	.LLST1
 313 00f4 0B       		.uleb128 0xb
 314 00f5 80010000 		.4byte	.LASF16
 315 00f9 01       		.byte	0x1
 316 00fa 1B       		.byte	0x1b
 317 00fb 76000000 		.4byte	0x76
 318 00ff 49000000 		.4byte	.LLST2
 319 0103 0C       		.uleb128 0xc
 320 0104 22000000 		.4byte	.LBB2
 321 0108 26000000 		.4byte	.LBE2-.LBB2
 322 010c 92010000 		.4byte	0x192
 323 0110 0D       		.uleb128 0xd
 324 0111 9F010000 		.4byte	.LASF17
 325 0115 03       		.byte	0x3
 326 0116 00       		.byte	0
 327 0117 5D000000 		.4byte	0x5d
 328 011b 2B010000 		.4byte	0x12b
 329 011f 0E       		.uleb128 0xe
 330 0120 9F000000 		.4byte	0x9f
 331 0124 0E       		.uleb128 0xe
 332 0125 A5000000 		.4byte	0xa5
 333 0129 0F       		.uleb128 0xf
 334 012a 00       		.byte	0
 335 012b 10       		.uleb128 0x10
 336 012c 2C000000 		.4byte	.LVL3
 337 0130 5A020000 		.4byte	0x25a
 338 0134 4F010000 		.4byte	0x14f
ARM GAS  C:\Users\Gary\AppData\Local\Temp\ccU2rxnF.s 			page 8


 339 0138 11       		.uleb128 0x11
 340 0139 01       		.uleb128 0x1
 341 013a 52       		.byte	0x52
 342 013b 02       		.uleb128 0x2
 343 013c 75       		.byte	0x75
 344 013d 00       		.sleb128 0
 345 013e 11       		.uleb128 0x11
 346 013f 01       		.uleb128 0x1
 347 0140 51       		.byte	0x51
 348 0141 05       		.uleb128 0x5
 349 0142 03       		.byte	0x3
 350 0143 10000000 		.4byte	.LC2
 351 0147 11       		.uleb128 0x11
 352 0148 01       		.uleb128 0x1
 353 0149 50       		.byte	0x50
 354 014a 03       		.uleb128 0x3
 355 014b 91       		.byte	0x91
 356 014c 8C7F     		.sleb128 -116
 357 014e 00       		.byte	0
 358 014f 10       		.uleb128 0x10
 359 0150 32000000 		.4byte	.LVL4
 360 0154 75020000 		.4byte	0x275
 361 0158 64010000 		.4byte	0x164
 362 015c 11       		.uleb128 0x11
 363 015d 01       		.uleb128 0x1
 364 015e 50       		.byte	0x50
 365 015f 03       		.uleb128 0x3
 366 0160 91       		.byte	0x91
 367 0161 8C7F     		.sleb128 -116
 368 0163 00       		.byte	0
 369 0164 10       		.uleb128 0x10
 370 0165 40000000 		.4byte	.LVL5
 371 0169 8E020000 		.4byte	0x28e
 372 016d 80010000 		.4byte	0x180
 373 0171 11       		.uleb128 0x11
 374 0172 01       		.uleb128 0x1
 375 0173 52       		.byte	0x52
 376 0174 01       		.uleb128 0x1
 377 0175 34       		.byte	0x34
 378 0176 11       		.uleb128 0x11
 379 0177 01       		.uleb128 0x1
 380 0178 51       		.byte	0x51
 381 0179 05       		.uleb128 0x5
 382 017a 03       		.byte	0x3
 383 017b 14000000 		.4byte	.LC4
 384 017f 00       		.byte	0
 385 0180 12       		.uleb128 0x12
 386 0181 46000000 		.4byte	.LVL6
 387 0185 B2020000 		.4byte	0x2b2
 388 0189 11       		.uleb128 0x11
 389 018a 01       		.uleb128 0x1
 390 018b 50       		.byte	0x50
 391 018c 03       		.uleb128 0x3
 392 018d 91       		.byte	0x91
 393 018e 8C7F     		.sleb128 -116
 394 0190 00       		.byte	0
 395 0191 00       		.byte	0
ARM GAS  C:\Users\Gary\AppData\Local\Temp\ccU2rxnF.s 			page 9


 396 0192 0C       		.uleb128 0xc
 397 0193 54000000 		.4byte	.LBB3
 398 0197 48000000 		.4byte	.LBE3-.LBB3
 399 019b 2F020000 		.4byte	0x22f
 400 019f 0D       		.uleb128 0xd
 401 01a0 9F010000 		.4byte	.LASF17
 402 01a4 03       		.byte	0x3
 403 01a5 00       		.byte	0
 404 01a6 5D000000 		.4byte	0x5d
 405 01aa BA010000 		.4byte	0x1ba
 406 01ae 0E       		.uleb128 0xe
 407 01af 9F000000 		.4byte	0x9f
 408 01b3 0E       		.uleb128 0xe
 409 01b4 A5000000 		.4byte	0xa5
 410 01b8 0F       		.uleb128 0xf
 411 01b9 00       		.byte	0
 412 01ba 10       		.uleb128 0x10
 413 01bb 6A000000 		.4byte	.LVL13
 414 01bf 5A020000 		.4byte	0x25a
 415 01c3 D8010000 		.4byte	0x1d8
 416 01c7 11       		.uleb128 0x11
 417 01c8 01       		.uleb128 0x1
 418 01c9 51       		.byte	0x51
 419 01ca 05       		.uleb128 0x5
 420 01cb 03       		.byte	0x3
 421 01cc 18000000 		.4byte	.LC6
 422 01d0 11       		.uleb128 0x11
 423 01d1 01       		.uleb128 0x1
 424 01d2 50       		.byte	0x50
 425 01d3 03       		.uleb128 0x3
 426 01d4 91       		.byte	0x91
 427 01d5 8C7F     		.sleb128 -116
 428 01d7 00       		.byte	0
 429 01d8 10       		.uleb128 0x10
 430 01d9 70000000 		.4byte	.LVL14
 431 01dd 75020000 		.4byte	0x275
 432 01e1 ED010000 		.4byte	0x1ed
 433 01e5 11       		.uleb128 0x11
 434 01e6 01       		.uleb128 0x1
 435 01e7 50       		.byte	0x50
 436 01e8 03       		.uleb128 0x3
 437 01e9 91       		.byte	0x91
 438 01ea 8C7F     		.sleb128 -116
 439 01ec 00       		.byte	0
 440 01ed 10       		.uleb128 0x10
 441 01ee 7E000000 		.4byte	.LVL15
 442 01f2 8E020000 		.4byte	0x28e
 443 01f6 09020000 		.4byte	0x209
 444 01fa 11       		.uleb128 0x11
 445 01fb 01       		.uleb128 0x1
 446 01fc 52       		.byte	0x52
 447 01fd 01       		.uleb128 0x1
 448 01fe 34       		.byte	0x34
 449 01ff 11       		.uleb128 0x11
 450 0200 01       		.uleb128 0x1
 451 0201 51       		.byte	0x51
 452 0202 05       		.uleb128 0x5
ARM GAS  C:\Users\Gary\AppData\Local\Temp\ccU2rxnF.s 			page 10


 453 0203 03       		.byte	0x3
 454 0204 14000000 		.4byte	.LC4
 455 0208 00       		.byte	0
 456 0209 10       		.uleb128 0x10
 457 020a 84000000 		.4byte	.LVL16
 458 020e B2020000 		.4byte	0x2b2
 459 0212 1E020000 		.4byte	0x21e
 460 0216 11       		.uleb128 0x11
 461 0217 01       		.uleb128 0x1
 462 0218 50       		.byte	0x50
 463 0219 03       		.uleb128 0x3
 464 021a 91       		.byte	0x91
 465 021b 8C7F     		.sleb128 -116
 466 021d 00       		.byte	0
 467 021e 12       		.uleb128 0x12
 468 021f 9C000000 		.4byte	.LVL21
 469 0223 CE020000 		.4byte	0x2ce
 470 0227 11       		.uleb128 0x11
 471 0228 01       		.uleb128 0x1
 472 0229 50       		.byte	0x50
 473 022a 02       		.uleb128 0x2
 474 022b 08       		.byte	0x8
 475 022c 64       		.byte	0x64
 476 022d 00       		.byte	0
 477 022e 00       		.byte	0
 478 022f 13       		.uleb128 0x13
 479 0230 0A000000 		.4byte	.LVL0
 480 0234 DF020000 		.4byte	0x2df
 481 0238 12       		.uleb128 0x12
 482 0239 1C000000 		.4byte	.LVL1
 483 023d B2020000 		.4byte	0x2b2
 484 0241 11       		.uleb128 0x11
 485 0242 01       		.uleb128 0x1
 486 0243 50       		.byte	0x50
 487 0244 03       		.uleb128 0x3
 488 0245 91       		.byte	0x91
 489 0246 8C7F     		.sleb128 -116
 490 0248 00       		.byte	0
 491 0249 00       		.byte	0
 492 024a 14       		.uleb128 0x14
 493 024b 8F000000 		.4byte	0x8f
 494 024f 5A020000 		.4byte	0x25a
 495 0253 15       		.uleb128 0x15
 496 0254 96000000 		.4byte	0x96
 497 0258 63       		.byte	0x63
 498 0259 00       		.byte	0
 499 025a 0D       		.uleb128 0xd
 500 025b 9F010000 		.4byte	.LASF17
 501 025f 03       		.byte	0x3
 502 0260 00       		.byte	0
 503 0261 5D000000 		.4byte	0x5d
 504 0265 75020000 		.4byte	0x275
 505 0269 0E       		.uleb128 0xe
 506 026a 9F000000 		.4byte	0x9f
 507 026e 0E       		.uleb128 0xe
 508 026f A5000000 		.4byte	0xa5
 509 0273 0F       		.uleb128 0xf
ARM GAS  C:\Users\Gary\AppData\Local\Temp\ccU2rxnF.s 			page 11


 510 0274 00       		.byte	0
 511 0275 16       		.uleb128 0x16
 512 0276 5A000000 		.4byte	.LASF25
 513 027a 03       		.byte	0x3
 514 027b 00       		.byte	0
 515 027c 13000000 		.4byte	.LASF26
 516 0280 64000000 		.4byte	0x64
 517 0284 8E020000 		.4byte	0x28e
 518 0288 0E       		.uleb128 0xe
 519 0289 A5000000 		.4byte	0xa5
 520 028d 00       		.byte	0
 521 028e 17       		.uleb128 0x17
 522 028f C7000000 		.4byte	.LASF18
 523 0293 9D000000 		.4byte	0x9d
 524 0297 AB020000 		.4byte	0x2ab
 525 029b 0E       		.uleb128 0xe
 526 029c 9D000000 		.4byte	0x9d
 527 02a0 0E       		.uleb128 0xe
 528 02a1 AB020000 		.4byte	0x2ab
 529 02a5 0E       		.uleb128 0xe
 530 02a6 96000000 		.4byte	0x96
 531 02aa 00       		.byte	0
 532 02ab 06       		.uleb128 0x6
 533 02ac 04       		.byte	0x4
 534 02ad B1020000 		.4byte	0x2b1
 535 02b1 18       		.uleb128 0x18
 536 02b2 19       		.uleb128 0x19
 537 02b3 8E010000 		.4byte	.LASF19
 538 02b7 04       		.byte	0x4
 539 02b8 8B       		.byte	0x8b
 540 02b9 C3020000 		.4byte	0x2c3
 541 02bd 0E       		.uleb128 0xe
 542 02be C3020000 		.4byte	0x2c3
 543 02c2 00       		.byte	0
 544 02c3 06       		.uleb128 0x6
 545 02c4 04       		.byte	0x4
 546 02c5 C9020000 		.4byte	0x2c9
 547 02c9 07       		.uleb128 0x7
 548 02ca 84000000 		.4byte	0x84
 549 02ce 19       		.uleb128 0x19
 550 02cf A7010000 		.4byte	.LASF20
 551 02d3 05       		.byte	0x5
 552 02d4 57       		.byte	0x57
 553 02d5 DF020000 		.4byte	0x2df
 554 02d9 0E       		.uleb128 0xe
 555 02da 6B000000 		.4byte	0x6b
 556 02de 00       		.byte	0
 557 02df 1A       		.uleb128 0x1a
 558 02e0 00000000 		.4byte	.LASF27
 559 02e4 04       		.byte	0x4
 560 02e5 54       		.byte	0x54
 561 02e6 00       		.byte	0
 562              		.section	.debug_abbrev,"",%progbits
 563              	.Ldebug_abbrev0:
 564 0000 01       		.uleb128 0x1
 565 0001 11       		.uleb128 0x11
 566 0002 01       		.byte	0x1
ARM GAS  C:\Users\Gary\AppData\Local\Temp\ccU2rxnF.s 			page 12


 567 0003 25       		.uleb128 0x25
 568 0004 0E       		.uleb128 0xe
 569 0005 13       		.uleb128 0x13
 570 0006 0B       		.uleb128 0xb
 571 0007 03       		.uleb128 0x3
 572 0008 0E       		.uleb128 0xe
 573 0009 1B       		.uleb128 0x1b
 574 000a 0E       		.uleb128 0xe
 575 000b 55       		.uleb128 0x55
 576 000c 17       		.uleb128 0x17
 577 000d 11       		.uleb128 0x11
 578 000e 01       		.uleb128 0x1
 579 000f 10       		.uleb128 0x10
 580 0010 17       		.uleb128 0x17
 581 0011 00       		.byte	0
 582 0012 00       		.byte	0
 583 0013 02       		.uleb128 0x2
 584 0014 24       		.uleb128 0x24
 585 0015 00       		.byte	0
 586 0016 0B       		.uleb128 0xb
 587 0017 0B       		.uleb128 0xb
 588 0018 3E       		.uleb128 0x3e
 589 0019 0B       		.uleb128 0xb
 590 001a 03       		.uleb128 0x3
 591 001b 0E       		.uleb128 0xe
 592 001c 00       		.byte	0
 593 001d 00       		.byte	0
 594 001e 03       		.uleb128 0x3
 595 001f 24       		.uleb128 0x24
 596 0020 00       		.byte	0
 597 0021 0B       		.uleb128 0xb
 598 0022 0B       		.uleb128 0xb
 599 0023 3E       		.uleb128 0x3e
 600 0024 0B       		.uleb128 0xb
 601 0025 03       		.uleb128 0x3
 602 0026 08       		.uleb128 0x8
 603 0027 00       		.byte	0
 604 0028 00       		.byte	0
 605 0029 04       		.uleb128 0x4
 606 002a 16       		.uleb128 0x16
 607 002b 00       		.byte	0
 608 002c 03       		.uleb128 0x3
 609 002d 0E       		.uleb128 0xe
 610 002e 3A       		.uleb128 0x3a
 611 002f 0B       		.uleb128 0xb
 612 0030 3B       		.uleb128 0x3b
 613 0031 0B       		.uleb128 0xb
 614 0032 49       		.uleb128 0x49
 615 0033 13       		.uleb128 0x13
 616 0034 00       		.byte	0
 617 0035 00       		.byte	0
 618 0036 05       		.uleb128 0x5
 619 0037 0F       		.uleb128 0xf
 620 0038 00       		.byte	0
 621 0039 0B       		.uleb128 0xb
 622 003a 0B       		.uleb128 0xb
 623 003b 00       		.byte	0
ARM GAS  C:\Users\Gary\AppData\Local\Temp\ccU2rxnF.s 			page 13


 624 003c 00       		.byte	0
 625 003d 06       		.uleb128 0x6
 626 003e 0F       		.uleb128 0xf
 627 003f 00       		.byte	0
 628 0040 0B       		.uleb128 0xb
 629 0041 0B       		.uleb128 0xb
 630 0042 49       		.uleb128 0x49
 631 0043 13       		.uleb128 0x13
 632 0044 00       		.byte	0
 633 0045 00       		.byte	0
 634 0046 07       		.uleb128 0x7
 635 0047 26       		.uleb128 0x26
 636 0048 00       		.byte	0
 637 0049 49       		.uleb128 0x49
 638 004a 13       		.uleb128 0x13
 639 004b 00       		.byte	0
 640 004c 00       		.byte	0
 641 004d 08       		.uleb128 0x8
 642 004e 2E       		.uleb128 0x2e
 643 004f 01       		.byte	0x1
 644 0050 3F       		.uleb128 0x3f
 645 0051 19       		.uleb128 0x19
 646 0052 03       		.uleb128 0x3
 647 0053 0E       		.uleb128 0xe
 648 0054 3A       		.uleb128 0x3a
 649 0055 0B       		.uleb128 0xb
 650 0056 3B       		.uleb128 0x3b
 651 0057 0B       		.uleb128 0xb
 652 0058 49       		.uleb128 0x49
 653 0059 13       		.uleb128 0x13
 654 005a 11       		.uleb128 0x11
 655 005b 01       		.uleb128 0x1
 656 005c 12       		.uleb128 0x12
 657 005d 06       		.uleb128 0x6
 658 005e 40       		.uleb128 0x40
 659 005f 18       		.uleb128 0x18
 660 0060 9642     		.uleb128 0x2116
 661 0062 19       		.uleb128 0x19
 662 0063 01       		.uleb128 0x1
 663 0064 13       		.uleb128 0x13
 664 0065 00       		.byte	0
 665 0066 00       		.byte	0
 666 0067 09       		.uleb128 0x9
 667 0068 34       		.uleb128 0x34
 668 0069 00       		.byte	0
 669 006a 03       		.uleb128 0x3
 670 006b 08       		.uleb128 0x8
 671 006c 3A       		.uleb128 0x3a
 672 006d 0B       		.uleb128 0xb
 673 006e 3B       		.uleb128 0x3b
 674 006f 0B       		.uleb128 0xb
 675 0070 49       		.uleb128 0x49
 676 0071 13       		.uleb128 0x13
 677 0072 02       		.uleb128 0x2
 678 0073 18       		.uleb128 0x18
 679 0074 00       		.byte	0
 680 0075 00       		.byte	0
ARM GAS  C:\Users\Gary\AppData\Local\Temp\ccU2rxnF.s 			page 14


 681 0076 0A       		.uleb128 0xa
 682 0077 34       		.uleb128 0x34
 683 0078 00       		.byte	0
 684 0079 03       		.uleb128 0x3
 685 007a 08       		.uleb128 0x8
 686 007b 3A       		.uleb128 0x3a
 687 007c 0B       		.uleb128 0xb
 688 007d 3B       		.uleb128 0x3b
 689 007e 0B       		.uleb128 0xb
 690 007f 49       		.uleb128 0x49
 691 0080 13       		.uleb128 0x13
 692 0081 02       		.uleb128 0x2
 693 0082 17       		.uleb128 0x17
 694 0083 00       		.byte	0
 695 0084 00       		.byte	0
 696 0085 0B       		.uleb128 0xb
 697 0086 34       		.uleb128 0x34
 698 0087 00       		.byte	0
 699 0088 03       		.uleb128 0x3
 700 0089 0E       		.uleb128 0xe
 701 008a 3A       		.uleb128 0x3a
 702 008b 0B       		.uleb128 0xb
 703 008c 3B       		.uleb128 0x3b
 704 008d 0B       		.uleb128 0xb
 705 008e 49       		.uleb128 0x49
 706 008f 13       		.uleb128 0x13
 707 0090 02       		.uleb128 0x2
 708 0091 17       		.uleb128 0x17
 709 0092 00       		.byte	0
 710 0093 00       		.byte	0
 711 0094 0C       		.uleb128 0xc
 712 0095 0B       		.uleb128 0xb
 713 0096 01       		.byte	0x1
 714 0097 11       		.uleb128 0x11
 715 0098 01       		.uleb128 0x1
 716 0099 12       		.uleb128 0x12
 717 009a 06       		.uleb128 0x6
 718 009b 01       		.uleb128 0x1
 719 009c 13       		.uleb128 0x13
 720 009d 00       		.byte	0
 721 009e 00       		.byte	0
 722 009f 0D       		.uleb128 0xd
 723 00a0 2E       		.uleb128 0x2e
 724 00a1 01       		.byte	0x1
 725 00a2 3F       		.uleb128 0x3f
 726 00a3 19       		.uleb128 0x19
 727 00a4 03       		.uleb128 0x3
 728 00a5 0E       		.uleb128 0xe
 729 00a6 3A       		.uleb128 0x3a
 730 00a7 0B       		.uleb128 0xb
 731 00a8 3B       		.uleb128 0x3b
 732 00a9 0B       		.uleb128 0xb
 733 00aa 27       		.uleb128 0x27
 734 00ab 19       		.uleb128 0x19
 735 00ac 49       		.uleb128 0x49
 736 00ad 13       		.uleb128 0x13
 737 00ae 3C       		.uleb128 0x3c
ARM GAS  C:\Users\Gary\AppData\Local\Temp\ccU2rxnF.s 			page 15


 738 00af 19       		.uleb128 0x19
 739 00b0 01       		.uleb128 0x1
 740 00b1 13       		.uleb128 0x13
 741 00b2 00       		.byte	0
 742 00b3 00       		.byte	0
 743 00b4 0E       		.uleb128 0xe
 744 00b5 05       		.uleb128 0x5
 745 00b6 00       		.byte	0
 746 00b7 49       		.uleb128 0x49
 747 00b8 13       		.uleb128 0x13
 748 00b9 00       		.byte	0
 749 00ba 00       		.byte	0
 750 00bb 0F       		.uleb128 0xf
 751 00bc 18       		.uleb128 0x18
 752 00bd 00       		.byte	0
 753 00be 00       		.byte	0
 754 00bf 00       		.byte	0
 755 00c0 10       		.uleb128 0x10
 756 00c1 898201   		.uleb128 0x4109
 757 00c4 01       		.byte	0x1
 758 00c5 11       		.uleb128 0x11
 759 00c6 01       		.uleb128 0x1
 760 00c7 31       		.uleb128 0x31
 761 00c8 13       		.uleb128 0x13
 762 00c9 01       		.uleb128 0x1
 763 00ca 13       		.uleb128 0x13
 764 00cb 00       		.byte	0
 765 00cc 00       		.byte	0
 766 00cd 11       		.uleb128 0x11
 767 00ce 8A8201   		.uleb128 0x410a
 768 00d1 00       		.byte	0
 769 00d2 02       		.uleb128 0x2
 770 00d3 18       		.uleb128 0x18
 771 00d4 9142     		.uleb128 0x2111
 772 00d6 18       		.uleb128 0x18
 773 00d7 00       		.byte	0
 774 00d8 00       		.byte	0
 775 00d9 12       		.uleb128 0x12
 776 00da 898201   		.uleb128 0x4109
 777 00dd 01       		.byte	0x1
 778 00de 11       		.uleb128 0x11
 779 00df 01       		.uleb128 0x1
 780 00e0 31       		.uleb128 0x31
 781 00e1 13       		.uleb128 0x13
 782 00e2 00       		.byte	0
 783 00e3 00       		.byte	0
 784 00e4 13       		.uleb128 0x13
 785 00e5 898201   		.uleb128 0x4109
 786 00e8 00       		.byte	0
 787 00e9 11       		.uleb128 0x11
 788 00ea 01       		.uleb128 0x1
 789 00eb 31       		.uleb128 0x31
 790 00ec 13       		.uleb128 0x13
 791 00ed 00       		.byte	0
 792 00ee 00       		.byte	0
 793 00ef 14       		.uleb128 0x14
 794 00f0 01       		.uleb128 0x1
ARM GAS  C:\Users\Gary\AppData\Local\Temp\ccU2rxnF.s 			page 16


 795 00f1 01       		.byte	0x1
 796 00f2 49       		.uleb128 0x49
 797 00f3 13       		.uleb128 0x13
 798 00f4 01       		.uleb128 0x1
 799 00f5 13       		.uleb128 0x13
 800 00f6 00       		.byte	0
 801 00f7 00       		.byte	0
 802 00f8 15       		.uleb128 0x15
 803 00f9 21       		.uleb128 0x21
 804 00fa 00       		.byte	0
 805 00fb 49       		.uleb128 0x49
 806 00fc 13       		.uleb128 0x13
 807 00fd 2F       		.uleb128 0x2f
 808 00fe 0B       		.uleb128 0xb
 809 00ff 00       		.byte	0
 810 0100 00       		.byte	0
 811 0101 16       		.uleb128 0x16
 812 0102 2E       		.uleb128 0x2e
 813 0103 01       		.byte	0x1
 814 0104 3F       		.uleb128 0x3f
 815 0105 19       		.uleb128 0x19
 816 0106 03       		.uleb128 0x3
 817 0107 0E       		.uleb128 0xe
 818 0108 3A       		.uleb128 0x3a
 819 0109 0B       		.uleb128 0xb
 820 010a 3B       		.uleb128 0x3b
 821 010b 0B       		.uleb128 0xb
 822 010c 6E       		.uleb128 0x6e
 823 010d 0E       		.uleb128 0xe
 824 010e 27       		.uleb128 0x27
 825 010f 19       		.uleb128 0x19
 826 0110 49       		.uleb128 0x49
 827 0111 13       		.uleb128 0x13
 828 0112 3C       		.uleb128 0x3c
 829 0113 19       		.uleb128 0x19
 830 0114 01       		.uleb128 0x1
 831 0115 13       		.uleb128 0x13
 832 0116 00       		.byte	0
 833 0117 00       		.byte	0
 834 0118 17       		.uleb128 0x17
 835 0119 2E       		.uleb128 0x2e
 836 011a 01       		.byte	0x1
 837 011b 3F       		.uleb128 0x3f
 838 011c 19       		.uleb128 0x19
 839 011d 03       		.uleb128 0x3
 840 011e 0E       		.uleb128 0xe
 841 011f 27       		.uleb128 0x27
 842 0120 19       		.uleb128 0x19
 843 0121 49       		.uleb128 0x49
 844 0122 13       		.uleb128 0x13
 845 0123 34       		.uleb128 0x34
 846 0124 19       		.uleb128 0x19
 847 0125 3C       		.uleb128 0x3c
 848 0126 19       		.uleb128 0x19
 849 0127 01       		.uleb128 0x1
 850 0128 13       		.uleb128 0x13
 851 0129 00       		.byte	0
ARM GAS  C:\Users\Gary\AppData\Local\Temp\ccU2rxnF.s 			page 17


 852 012a 00       		.byte	0
 853 012b 18       		.uleb128 0x18
 854 012c 26       		.uleb128 0x26
 855 012d 00       		.byte	0
 856 012e 00       		.byte	0
 857 012f 00       		.byte	0
 858 0130 19       		.uleb128 0x19
 859 0131 2E       		.uleb128 0x2e
 860 0132 01       		.byte	0x1
 861 0133 3F       		.uleb128 0x3f
 862 0134 19       		.uleb128 0x19
 863 0135 03       		.uleb128 0x3
 864 0136 0E       		.uleb128 0xe
 865 0137 3A       		.uleb128 0x3a
 866 0138 0B       		.uleb128 0xb
 867 0139 3B       		.uleb128 0x3b
 868 013a 0B       		.uleb128 0xb
 869 013b 27       		.uleb128 0x27
 870 013c 19       		.uleb128 0x19
 871 013d 3C       		.uleb128 0x3c
 872 013e 19       		.uleb128 0x19
 873 013f 01       		.uleb128 0x1
 874 0140 13       		.uleb128 0x13
 875 0141 00       		.byte	0
 876 0142 00       		.byte	0
 877 0143 1A       		.uleb128 0x1a
 878 0144 2E       		.uleb128 0x2e
 879 0145 00       		.byte	0
 880 0146 3F       		.uleb128 0x3f
 881 0147 19       		.uleb128 0x19
 882 0148 03       		.uleb128 0x3
 883 0149 0E       		.uleb128 0xe
 884 014a 3A       		.uleb128 0x3a
 885 014b 0B       		.uleb128 0xb
 886 014c 3B       		.uleb128 0x3b
 887 014d 0B       		.uleb128 0xb
 888 014e 27       		.uleb128 0x27
 889 014f 19       		.uleb128 0x19
 890 0150 3C       		.uleb128 0x3c
 891 0151 19       		.uleb128 0x19
 892 0152 00       		.byte	0
 893 0153 00       		.byte	0
 894 0154 00       		.byte	0
 895              		.section	.debug_loc,"",%progbits
 896              	.Ldebug_loc0:
 897              	.LLST0:
 898 0000 1C000000 		.4byte	.LVL1
 899 0004 22000000 		.4byte	.LVL2
 900 0008 0200     		.2byte	0x2
 901 000a 30       		.byte	0x30
 902 000b 9F       		.byte	0x9f
 903 000c 22000000 		.4byte	.LVL2
 904 0010 50000000 		.4byte	.LVL9
 905 0014 0100     		.2byte	0x1
 906 0016 54       		.byte	0x54
 907 0017 54000000 		.4byte	.LVL10
 908 001b A6000000 		.4byte	.LVL24
ARM GAS  C:\Users\Gary\AppData\Local\Temp\ccU2rxnF.s 			page 18


 909 001f 0100     		.2byte	0x1
 910 0021 56       		.byte	0x56
 911 0022 00000000 		.4byte	0
 912 0026 00000000 		.4byte	0
 913              	.LLST1:
 914 002a 1C000000 		.4byte	.LVL1
 915 002e 22000000 		.4byte	.LVL2
 916 0032 0200     		.2byte	0x2
 917 0034 30       		.byte	0x30
 918 0035 9F       		.byte	0x9f
 919 0036 22000000 		.4byte	.LVL2
 920 003a 54000000 		.4byte	.LVL10
 921 003e 0100     		.2byte	0x1
 922 0040 55       		.byte	0x55
 923 0041 00000000 		.4byte	0
 924 0045 00000000 		.4byte	0
 925              	.LLST2:
 926 0049 1C000000 		.4byte	.LVL1
 927 004d 54000000 		.4byte	.LVL10
 928 0051 0600     		.2byte	0x6
 929 0053 9E       		.byte	0x9e
 930 0054 04       		.uleb128 0x4
 931 0055 00000000 		.4byte	0
 932 0059 54000000 		.4byte	.LVL10
 933 005d 5C000000 		.4byte	.LVL12
 934 0061 0100     		.2byte	0x1
 935 0063 54       		.byte	0x54
 936 0064 96000000 		.4byte	.LVL19
 937 0068 98000000 		.4byte	.LVL20
 938 006c 0100     		.2byte	0x1
 939 006e 50       		.byte	0x50
 940 006f 98000000 		.4byte	.LVL20
 941 0073 A6000000 		.4byte	.LVL23
 942 0077 0100     		.2byte	0x1
 943 0079 54       		.byte	0x54
 944 007a 00000000 		.4byte	0
 945 007e 00000000 		.4byte	0
 946              		.section	.debug_aranges,"",%progbits
 947 0000 1C000000 		.4byte	0x1c
 948 0004 0200     		.2byte	0x2
 949 0006 00000000 		.4byte	.Ldebug_info0
 950 000a 04       		.byte	0x4
 951 000b 00       		.byte	0
 952 000c 0000     		.2byte	0
 953 000e 0000     		.2byte	0
 954 0010 00000000 		.4byte	.LFB33
 955 0014 C0000000 		.4byte	.LFE33-.LFB33
 956 0018 00000000 		.4byte	0
 957 001c 00000000 		.4byte	0
 958              		.section	.debug_ranges,"",%progbits
 959              	.Ldebug_ranges0:
 960 0000 00000000 		.4byte	.LFB33
 961 0004 C0000000 		.4byte	.LFE33
 962 0008 00000000 		.4byte	0
 963 000c 00000000 		.4byte	0
 964              		.section	.debug_line,"",%progbits
 965              	.Ldebug_line0:
ARM GAS  C:\Users\Gary\AppData\Local\Temp\ccU2rxnF.s 			page 19


 966 0000 CF000000 		.section	.debug_str,"MS",%progbits,1
 966      02006800 
 966      00000201 
 966      FB0E0D00 
 966      01010101 
 967              	.LASF27:
 968 0000 55415254 		.ascii	"UART_1_Start\000"
 968      5F315F53 
 968      74617274 
 968      00
 969              	.LASF9:
 970 000d 666C6F61 		.ascii	"float\000"
 970      7400
 971              	.LASF26:
 972 0013 7374726C 		.ascii	"strlen\000"
 972      656E00
 973              	.LASF1:
 974 001a 756E7369 		.ascii	"unsigned char\000"
 974      676E6564 
 974      20636861 
 974      7200
 975              	.LASF12:
 976 0028 63686172 		.ascii	"char8\000"
 976      3800
 977              	.LASF5:
 978 002e 6C6F6E67 		.ascii	"long unsigned int\000"
 978      20756E73 
 978      69676E65 
 978      6420696E 
 978      7400
 979              	.LASF3:
 980 0040 73686F72 		.ascii	"short unsigned int\000"
 980      7420756E 
 980      7369676E 
 980      65642069 
 980      6E7400
 981              	.LASF10:
 982 0053 646F7562 		.ascii	"double\000"
 982      6C6500
 983              	.LASF25:
 984 005a 5F5F6275 		.ascii	"__builtin_strlen\000"
 984      696C7469 
 984      6E5F7374 
 984      726C656E 
 984      00
 985              	.LASF22:
 986 006b 2E5C6D61 		.ascii	".\\main.c\000"
 986      696E2E63 
 986      00
 987              	.LASF11:
 988 0074 75696E74 		.ascii	"uint32\000"
 988      333200
 989              	.LASF24:
 990 007b 6D61696E 		.ascii	"main\000"
 990      00
 991              	.LASF8:
 992 0080 756E7369 		.ascii	"unsigned int\000"
ARM GAS  C:\Users\Gary\AppData\Local\Temp\ccU2rxnF.s 			page 20


 992      676E6564 
 992      20696E74 
 992      00
 993              	.LASF7:
 994 008d 6C6F6E67 		.ascii	"long long unsigned int\000"
 994      206C6F6E 
 994      6720756E 
 994      7369676E 
 994      65642069 
 995              	.LASF15:
 996 00a4 696E745F 		.ascii	"int_counter\000"
 996      636F756E 
 996      74657200 
 997              	.LASF14:
 998 00b0 73697A65 		.ascii	"sizetype\000"
 998      74797065 
 998      00
 999              	.LASF6:
 1000 00b9 6C6F6E67 		.ascii	"long long int\000"
 1000      206C6F6E 
 1000      6720696E 
 1000      7400
 1001              	.LASF18:
 1002 00c7 6D656D63 		.ascii	"memcpy\000"
 1002      707900
 1003              	.LASF21:
 1004 00ce 474E5520 		.ascii	"GNU C 4.9.3 20150303 (release) [ARM/embedded-4_9-br"
 1004      4320342E 
 1004      392E3320 
 1004      32303135 
 1004      30333033 
 1005 0101 616E6368 		.ascii	"anch revision 221220] -mcpu=cortex-m0 -mthumb -g -O"
 1005      20726576 
 1005      6973696F 
 1005      6E203232 
 1005      31323230 
 1006 0134 67202D66 		.ascii	"g -ffunction-sections -ffat-lto-objects\000"
 1006      66756E63 
 1006      74696F6E 
 1006      2D736563 
 1006      74696F6E 
 1007              	.LASF2:
 1008 015c 73686F72 		.ascii	"short int\000"
 1008      7420696E 
 1008      7400
 1009              	.LASF4:
 1010 0166 6C6F6E67 		.ascii	"long int\000"
 1010      20696E74 
 1010      00
 1011              	.LASF13:
 1012 016f 63686172 		.ascii	"char\000"
 1012      00
 1013              	.LASF0:
 1014 0174 7369676E 		.ascii	"signed char\000"
 1014      65642063 
 1014      68617200 
 1015              	.LASF16:
ARM GAS  C:\Users\Gary\AppData\Local\Temp\ccU2rxnF.s 			page 21


 1016 0180 666C6F61 		.ascii	"float_counter\000"
 1016      745F636F 
 1016      756E7465 
 1016      7200
 1017              	.LASF19:
 1018 018e 55415254 		.ascii	"UART_1_PutString\000"
 1018      5F315F50 
 1018      75745374 
 1018      72696E67 
 1018      00
 1019              	.LASF17:
 1020 019f 73707269 		.ascii	"sprintf\000"
 1020      6E746600 
 1021              	.LASF20:
 1022 01a7 43794465 		.ascii	"CyDelay\000"
 1022      6C617900 
 1023              	.LASF23:
 1024 01af 433A5C55 		.ascii	"C:\\Users\\Gary\\Documents\\PSoC Creator\\Workspace"
 1024      73657273 
 1024      5C476172 
 1024      795C446F 
 1024      63756D65 
 1025 01dd 30315C4C 		.ascii	"01\\Lab 1 Blink.cydsn\000"
 1025      61622031 
 1025      20426C69 
 1025      6E6B2E63 
 1025      7964736E 
 1026              		.ident	"GCC: (GNU Tools for ARM Embedded Processors) 4.9.3 20150303 (release) [ARM/embedded-4_9-br
