ARM GAS  C:\Users\Gary\AppData\Local\Temp\ccbnmSAf.s 			page 1


   1              		.cpu cortex-m0
   2              		.fpu softvfp
   3              		.eabi_attribute 20, 1
   4              		.eabi_attribute 21, 1
   5              		.eabi_attribute 23, 3
   6              		.eabi_attribute 24, 1
   7              		.eabi_attribute 25, 1
   8              		.eabi_attribute 26, 1
   9              		.eabi_attribute 30, 1
  10              		.eabi_attribute 34, 0
  11              		.eabi_attribute 18, 4
  12              		.code	16
  13              		.file	"cyfitter_cfg.c"
  14              		.text
  15              	.Ltext0:
  16              		.cfi_sections	.debug_frame
  17              		.section	.text.cfg_write_bytes32,"ax",%progbits
  18              		.align	2
  19              		.code	16
  20              		.thumb_func
  21              		.type	cfg_write_bytes32, %function
  22              	cfg_write_bytes32:
  23              	.LFB3:
  24              		.file 1 ".\\Generated_Source\\PSoC4\\cyfitter_cfg.c"
   1:.\Generated_Source\PSoC4/cyfitter_cfg.c **** /*******************************************************************************
   2:.\Generated_Source\PSoC4/cyfitter_cfg.c **** * File Name: cyfitter_cfg.c
   3:.\Generated_Source\PSoC4/cyfitter_cfg.c **** * 
   4:.\Generated_Source\PSoC4/cyfitter_cfg.c **** * PSoC Creator  3.3 CP1
   5:.\Generated_Source\PSoC4/cyfitter_cfg.c **** *
   6:.\Generated_Source\PSoC4/cyfitter_cfg.c **** * Description:
   7:.\Generated_Source\PSoC4/cyfitter_cfg.c **** * This file contains device initialization code.
   8:.\Generated_Source\PSoC4/cyfitter_cfg.c **** * Except for the user defined sections in CyClockStartupError(), this file should not be modified.
   9:.\Generated_Source\PSoC4/cyfitter_cfg.c **** * This file is automatically generated by PSoC Creator.
  10:.\Generated_Source\PSoC4/cyfitter_cfg.c **** *
  11:.\Generated_Source\PSoC4/cyfitter_cfg.c **** ********************************************************************************
  12:.\Generated_Source\PSoC4/cyfitter_cfg.c **** * Copyright (c) 2007-2015 Cypress Semiconductor.  All rights reserved.
  13:.\Generated_Source\PSoC4/cyfitter_cfg.c **** * You may use this file only in accordance with the license, terms, conditions, 
  14:.\Generated_Source\PSoC4/cyfitter_cfg.c **** * disclaimers, and limitations in the end user license agreement accompanying 
  15:.\Generated_Source\PSoC4/cyfitter_cfg.c **** * the software package with which this file was provided.
  16:.\Generated_Source\PSoC4/cyfitter_cfg.c **** ********************************************************************************/
  17:.\Generated_Source\PSoC4/cyfitter_cfg.c **** 
  18:.\Generated_Source\PSoC4/cyfitter_cfg.c **** #include <string.h>
  19:.\Generated_Source\PSoC4/cyfitter_cfg.c **** #include "cytypes.h"
  20:.\Generated_Source\PSoC4/cyfitter_cfg.c **** #include "cydevice_trm.h"
  21:.\Generated_Source\PSoC4/cyfitter_cfg.c **** #include "cyfitter.h"
  22:.\Generated_Source\PSoC4/cyfitter_cfg.c **** #include "CyLib.h"
  23:.\Generated_Source\PSoC4/cyfitter_cfg.c **** #include "CyLFClk.h"
  24:.\Generated_Source\PSoC4/cyfitter_cfg.c **** #include "cyfitter_cfg.h"
  25:.\Generated_Source\PSoC4/cyfitter_cfg.c **** 
  26:.\Generated_Source\PSoC4/cyfitter_cfg.c **** 
  27:.\Generated_Source\PSoC4/cyfitter_cfg.c **** #if defined(__GNUC__) || defined(__ARMCC_VERSION)
  28:.\Generated_Source\PSoC4/cyfitter_cfg.c ****     #define CYPACKED 
  29:.\Generated_Source\PSoC4/cyfitter_cfg.c ****     #define CYPACKED_ATTR __attribute__ ((packed))
  30:.\Generated_Source\PSoC4/cyfitter_cfg.c ****     #define CYALIGNED __attribute__ ((aligned))
  31:.\Generated_Source\PSoC4/cyfitter_cfg.c ****     #define CY_CFG_UNUSED __attribute__ ((unused))
  32:.\Generated_Source\PSoC4/cyfitter_cfg.c ****     #define CY_CFG_SECTION __attribute__ ((section(".psocinit")))
  33:.\Generated_Source\PSoC4/cyfitter_cfg.c ****     
ARM GAS  C:\Users\Gary\AppData\Local\Temp\ccbnmSAf.s 			page 2


  34:.\Generated_Source\PSoC4/cyfitter_cfg.c ****     #if defined(__ARMCC_VERSION)
  35:.\Generated_Source\PSoC4/cyfitter_cfg.c ****         #define CY_CFG_MEMORY_BARRIER() __memory_changed()
  36:.\Generated_Source\PSoC4/cyfitter_cfg.c ****     #else
  37:.\Generated_Source\PSoC4/cyfitter_cfg.c ****         #define CY_CFG_MEMORY_BARRIER() __sync_synchronize()
  38:.\Generated_Source\PSoC4/cyfitter_cfg.c ****     #endif
  39:.\Generated_Source\PSoC4/cyfitter_cfg.c ****     
  40:.\Generated_Source\PSoC4/cyfitter_cfg.c **** #elif defined(__ICCARM__)
  41:.\Generated_Source\PSoC4/cyfitter_cfg.c ****     #include <intrinsics.h>
  42:.\Generated_Source\PSoC4/cyfitter_cfg.c **** 
  43:.\Generated_Source\PSoC4/cyfitter_cfg.c ****     #define CYPACKED __packed
  44:.\Generated_Source\PSoC4/cyfitter_cfg.c ****     #define CYPACKED_ATTR 
  45:.\Generated_Source\PSoC4/cyfitter_cfg.c ****     #define CYALIGNED _Pragma("data_alignment=4")
  46:.\Generated_Source\PSoC4/cyfitter_cfg.c ****     #define CY_CFG_UNUSED _Pragma("diag_suppress=Pe177")
  47:.\Generated_Source\PSoC4/cyfitter_cfg.c ****     #define CY_CFG_SECTION _Pragma("location=\".psocinit\"")
  48:.\Generated_Source\PSoC4/cyfitter_cfg.c ****     
  49:.\Generated_Source\PSoC4/cyfitter_cfg.c ****     #define CY_CFG_MEMORY_BARRIER() __DMB()
  50:.\Generated_Source\PSoC4/cyfitter_cfg.c ****     
  51:.\Generated_Source\PSoC4/cyfitter_cfg.c **** #else
  52:.\Generated_Source\PSoC4/cyfitter_cfg.c ****     #error Unsupported toolchain
  53:.\Generated_Source\PSoC4/cyfitter_cfg.c **** #endif
  54:.\Generated_Source\PSoC4/cyfitter_cfg.c **** 
  55:.\Generated_Source\PSoC4/cyfitter_cfg.c **** 
  56:.\Generated_Source\PSoC4/cyfitter_cfg.c **** CY_CFG_UNUSED
  57:.\Generated_Source\PSoC4/cyfitter_cfg.c **** static void CYMEMZERO(void *s, size_t n);
  58:.\Generated_Source\PSoC4/cyfitter_cfg.c **** CY_CFG_UNUSED
  59:.\Generated_Source\PSoC4/cyfitter_cfg.c **** static void CYMEMZERO(void *s, size_t n)
  60:.\Generated_Source\PSoC4/cyfitter_cfg.c **** {
  61:.\Generated_Source\PSoC4/cyfitter_cfg.c **** 	(void)memset(s, 0, n);
  62:.\Generated_Source\PSoC4/cyfitter_cfg.c **** }
  63:.\Generated_Source\PSoC4/cyfitter_cfg.c **** CY_CFG_UNUSED
  64:.\Generated_Source\PSoC4/cyfitter_cfg.c **** static void CYCONFIGCPY(void *dest, const void *src, size_t n);
  65:.\Generated_Source\PSoC4/cyfitter_cfg.c **** CY_CFG_UNUSED
  66:.\Generated_Source\PSoC4/cyfitter_cfg.c **** static void CYCONFIGCPY(void *dest, const void *src, size_t n)
  67:.\Generated_Source\PSoC4/cyfitter_cfg.c **** {
  68:.\Generated_Source\PSoC4/cyfitter_cfg.c **** 	(void)memcpy(dest, src, n);
  69:.\Generated_Source\PSoC4/cyfitter_cfg.c **** }
  70:.\Generated_Source\PSoC4/cyfitter_cfg.c **** CY_CFG_UNUSED
  71:.\Generated_Source\PSoC4/cyfitter_cfg.c **** static void CYCONFIGCPYCODE(void *dest, const void *src, size_t n);
  72:.\Generated_Source\PSoC4/cyfitter_cfg.c **** CY_CFG_UNUSED
  73:.\Generated_Source\PSoC4/cyfitter_cfg.c **** static void CYCONFIGCPYCODE(void *dest, const void *src, size_t n)
  74:.\Generated_Source\PSoC4/cyfitter_cfg.c **** {
  75:.\Generated_Source\PSoC4/cyfitter_cfg.c **** 	(void)memcpy(dest, src, n);
  76:.\Generated_Source\PSoC4/cyfitter_cfg.c **** }
  77:.\Generated_Source\PSoC4/cyfitter_cfg.c **** 
  78:.\Generated_Source\PSoC4/cyfitter_cfg.c **** 
  79:.\Generated_Source\PSoC4/cyfitter_cfg.c **** 
  80:.\Generated_Source\PSoC4/cyfitter_cfg.c **** /* Clock startup error codes                                                   */
  81:.\Generated_Source\PSoC4/cyfitter_cfg.c **** #define CYCLOCKSTART_NO_ERROR    0u
  82:.\Generated_Source\PSoC4/cyfitter_cfg.c **** #define CYCLOCKSTART_XTAL_ERROR  1u
  83:.\Generated_Source\PSoC4/cyfitter_cfg.c **** #define CYCLOCKSTART_32KHZ_ERROR 2u
  84:.\Generated_Source\PSoC4/cyfitter_cfg.c **** #define CYCLOCKSTART_PLL_ERROR   3u
  85:.\Generated_Source\PSoC4/cyfitter_cfg.c **** 
  86:.\Generated_Source\PSoC4/cyfitter_cfg.c **** #ifdef CY_NEED_CYCLOCKSTARTUPERROR
  87:.\Generated_Source\PSoC4/cyfitter_cfg.c **** /*******************************************************************************
  88:.\Generated_Source\PSoC4/cyfitter_cfg.c **** * Function Name: CyClockStartupError
  89:.\Generated_Source\PSoC4/cyfitter_cfg.c **** ********************************************************************************
  90:.\Generated_Source\PSoC4/cyfitter_cfg.c **** * Summary:
ARM GAS  C:\Users\Gary\AppData\Local\Temp\ccbnmSAf.s 			page 3


  91:.\Generated_Source\PSoC4/cyfitter_cfg.c **** *  If an error is encountered during clock configuration (crystal startup error,
  92:.\Generated_Source\PSoC4/cyfitter_cfg.c **** *  PLL lock error, etc.), the system will end up here.  Unless reimplemented by
  93:.\Generated_Source\PSoC4/cyfitter_cfg.c **** *  the customer, this function will stop in an infinite loop.
  94:.\Generated_Source\PSoC4/cyfitter_cfg.c **** *
  95:.\Generated_Source\PSoC4/cyfitter_cfg.c **** * Parameters:
  96:.\Generated_Source\PSoC4/cyfitter_cfg.c **** *   void
  97:.\Generated_Source\PSoC4/cyfitter_cfg.c **** *
  98:.\Generated_Source\PSoC4/cyfitter_cfg.c **** * Return:
  99:.\Generated_Source\PSoC4/cyfitter_cfg.c **** *   void
 100:.\Generated_Source\PSoC4/cyfitter_cfg.c **** *
 101:.\Generated_Source\PSoC4/cyfitter_cfg.c **** *******************************************************************************/
 102:.\Generated_Source\PSoC4/cyfitter_cfg.c **** CY_CFG_UNUSED
 103:.\Generated_Source\PSoC4/cyfitter_cfg.c **** static void CyClockStartupError(uint8 errorCode);
 104:.\Generated_Source\PSoC4/cyfitter_cfg.c **** CY_CFG_UNUSED
 105:.\Generated_Source\PSoC4/cyfitter_cfg.c **** static void CyClockStartupError(uint8 errorCode)
 106:.\Generated_Source\PSoC4/cyfitter_cfg.c **** {
 107:.\Generated_Source\PSoC4/cyfitter_cfg.c ****     /* To remove the compiler warning if errorCode not used.                */
 108:.\Generated_Source\PSoC4/cyfitter_cfg.c ****     errorCode = errorCode;
 109:.\Generated_Source\PSoC4/cyfitter_cfg.c **** 
 110:.\Generated_Source\PSoC4/cyfitter_cfg.c ****     /* `#START CyClockStartupError` */
 111:.\Generated_Source\PSoC4/cyfitter_cfg.c **** 
 112:.\Generated_Source\PSoC4/cyfitter_cfg.c ****     /* If we have a clock startup error (bad MHz crystal, PLL lock, etc.),  */
 113:.\Generated_Source\PSoC4/cyfitter_cfg.c ****     /* we will end up here to allow the customer to implement something to  */
 114:.\Generated_Source\PSoC4/cyfitter_cfg.c ****     /* deal with the clock condition.                                       */
 115:.\Generated_Source\PSoC4/cyfitter_cfg.c **** 
 116:.\Generated_Source\PSoC4/cyfitter_cfg.c ****     /* `#END` */
 117:.\Generated_Source\PSoC4/cyfitter_cfg.c **** 
 118:.\Generated_Source\PSoC4/cyfitter_cfg.c ****     /* If nothing else, stop here since the clocks have not started         */
 119:.\Generated_Source\PSoC4/cyfitter_cfg.c ****     /* correctly.                                                           */
 120:.\Generated_Source\PSoC4/cyfitter_cfg.c ****     while(1) {}
 121:.\Generated_Source\PSoC4/cyfitter_cfg.c **** }
 122:.\Generated_Source\PSoC4/cyfitter_cfg.c **** #endif
 123:.\Generated_Source\PSoC4/cyfitter_cfg.c **** 
 124:.\Generated_Source\PSoC4/cyfitter_cfg.c **** #define CY_CFG_BASE_ADDR_COUNT 1u
 125:.\Generated_Source\PSoC4/cyfitter_cfg.c **** CYPACKED typedef struct
 126:.\Generated_Source\PSoC4/cyfitter_cfg.c **** {
 127:.\Generated_Source\PSoC4/cyfitter_cfg.c **** 	uint8 offset;
 128:.\Generated_Source\PSoC4/cyfitter_cfg.c **** 	uint8 value;
 129:.\Generated_Source\PSoC4/cyfitter_cfg.c **** } CYPACKED_ATTR cy_cfg_addrvalue_t;
 130:.\Generated_Source\PSoC4/cyfitter_cfg.c **** 
 131:.\Generated_Source\PSoC4/cyfitter_cfg.c **** 
 132:.\Generated_Source\PSoC4/cyfitter_cfg.c **** 
 133:.\Generated_Source\PSoC4/cyfitter_cfg.c **** /*******************************************************************************
 134:.\Generated_Source\PSoC4/cyfitter_cfg.c **** * Function Name: cfg_write_bytes32
 135:.\Generated_Source\PSoC4/cyfitter_cfg.c **** ********************************************************************************
 136:.\Generated_Source\PSoC4/cyfitter_cfg.c **** * Summary:
 137:.\Generated_Source\PSoC4/cyfitter_cfg.c **** *  This function is used for setting up the chip configuration areas that
 138:.\Generated_Source\PSoC4/cyfitter_cfg.c **** *  contain relatively sparse data.
 139:.\Generated_Source\PSoC4/cyfitter_cfg.c **** *
 140:.\Generated_Source\PSoC4/cyfitter_cfg.c **** * Parameters:
 141:.\Generated_Source\PSoC4/cyfitter_cfg.c **** *   void
 142:.\Generated_Source\PSoC4/cyfitter_cfg.c **** *
 143:.\Generated_Source\PSoC4/cyfitter_cfg.c **** * Return:
 144:.\Generated_Source\PSoC4/cyfitter_cfg.c **** *   void
 145:.\Generated_Source\PSoC4/cyfitter_cfg.c **** *
 146:.\Generated_Source\PSoC4/cyfitter_cfg.c **** *******************************************************************************/
 147:.\Generated_Source\PSoC4/cyfitter_cfg.c **** static void cfg_write_bytes32(const uint32 addr_table[], const cy_cfg_addrvalue_t data_table[]);
ARM GAS  C:\Users\Gary\AppData\Local\Temp\ccbnmSAf.s 			page 4


 148:.\Generated_Source\PSoC4/cyfitter_cfg.c **** static void cfg_write_bytes32(const uint32 addr_table[], const cy_cfg_addrvalue_t data_table[])
 149:.\Generated_Source\PSoC4/cyfitter_cfg.c **** {
  25              		.loc 1 149 0
  26              		.cfi_startproc
  27              	.LVL0:
  28 0000 F0B5     		push	{r4, r5, r6, r7, lr}
  29              		.cfi_def_cfa_offset 20
  30              		.cfi_offset 4, -20
  31              		.cfi_offset 5, -16
  32              		.cfi_offset 6, -12
  33              		.cfi_offset 7, -8
  34              		.cfi_offset 14, -4
  35              	.LVL1:
 150:.\Generated_Source\PSoC4/cyfitter_cfg.c **** 	/* For 32-bit little-endian architectures */
 151:.\Generated_Source\PSoC4/cyfitter_cfg.c **** 	uint32 i, j = 0u;
  36              		.loc 1 151 0
  37 0002 0025     		mov	r5, #0
 152:.\Generated_Source\PSoC4/cyfitter_cfg.c **** 	for (i = 0u; i < CY_CFG_BASE_ADDR_COUNT; i++)
  38              		.loc 1 152 0
  39 0004 0027     		mov	r7, #0
  40 0006 11E0     		b	.L2
  41              	.LVL2:
  42              	.L5:
  43              	.LBB2:
 153:.\Generated_Source\PSoC4/cyfitter_cfg.c **** 	{
 154:.\Generated_Source\PSoC4/cyfitter_cfg.c **** 		uint32 baseAddr = addr_table[i];
  44              		.loc 1 154 0
  45 0008 BB00     		lsl	r3, r7, #2
  46 000a C658     		ldr	r6, [r0, r3]
  47              	.LVL3:
 155:.\Generated_Source\PSoC4/cyfitter_cfg.c **** 		uint8 count = (uint8)baseAddr;
  48              		.loc 1 155 0
  49 000c F3B2     		uxtb	r3, r6
  50              	.LVL4:
 156:.\Generated_Source\PSoC4/cyfitter_cfg.c **** 		baseAddr &= 0xFFFFFF00u;
  51              		.loc 1 156 0
  52 000e FF22     		mov	r2, #255
  53 0010 9643     		bic	r6, r2
  54              	.LVL5:
 157:.\Generated_Source\PSoC4/cyfitter_cfg.c **** 		while (count != 0u)
  55              		.loc 1 157 0
  56 0012 08E0     		b	.L3
  57              	.L4:
 158:.\Generated_Source\PSoC4/cyfitter_cfg.c **** 		{
 159:.\Generated_Source\PSoC4/cyfitter_cfg.c **** 			CY_SET_XTND_REG8((void CYFAR *)(baseAddr + data_table[j].offset), data_table[j].value);
  58              		.loc 1 159 0
  59 0014 6A00     		lsl	r2, r5, #1
  60 0016 8A18     		add	r2, r1, r2
  61 0018 1478     		ldrb	r4, [r2]
  62 001a A419     		add	r4, r4, r6
  63 001c 5278     		ldrb	r2, [r2, #1]
  64 001e 2270     		strb	r2, [r4]
 160:.\Generated_Source\PSoC4/cyfitter_cfg.c **** 			j++;
  65              		.loc 1 160 0
  66 0020 0135     		add	r5, r5, #1
  67              	.LVL6:
 161:.\Generated_Source\PSoC4/cyfitter_cfg.c **** 			count--;
ARM GAS  C:\Users\Gary\AppData\Local\Temp\ccbnmSAf.s 			page 5


  68              		.loc 1 161 0
  69 0022 013B     		sub	r3, r3, #1
  70              	.LVL7:
  71 0024 DBB2     		uxtb	r3, r3
  72              	.LVL8:
  73              	.L3:
 157:.\Generated_Source\PSoC4/cyfitter_cfg.c **** 		{
  74              		.loc 1 157 0
  75 0026 002B     		cmp	r3, #0
  76 0028 F4D1     		bne	.L4
  77              	.LBE2:
 152:.\Generated_Source\PSoC4/cyfitter_cfg.c **** 	{
  78              		.loc 1 152 0 discriminator 2
  79 002a 0137     		add	r7, r7, #1
  80              	.LVL9:
  81              	.L2:
 152:.\Generated_Source\PSoC4/cyfitter_cfg.c **** 	{
  82              		.loc 1 152 0 is_stmt 0 discriminator 1
  83 002c 002F     		cmp	r7, #0
  84 002e EBD0     		beq	.L5
 162:.\Generated_Source\PSoC4/cyfitter_cfg.c **** 		}
 163:.\Generated_Source\PSoC4/cyfitter_cfg.c **** 	}
 164:.\Generated_Source\PSoC4/cyfitter_cfg.c **** }
  85              		.loc 1 164 0 is_stmt 1
  86              		@ sp needed
  87              	.LVL10:
  88              	.LVL11:
  89 0030 F0BD     		pop	{r4, r5, r6, r7, pc}
  90              		.cfi_endproc
  91              	.LFE3:
  92              		.size	cfg_write_bytes32, .-cfg_write_bytes32
  93 0032 C046     		.section	.text.CYMEMZERO,"ax",%progbits
  94              		.align	2
  95              		.code	16
  96              		.thumb_func
  97              		.type	CYMEMZERO, %function
  98              	CYMEMZERO:
  99              	.LFB0:
  60:.\Generated_Source\PSoC4/cyfitter_cfg.c **** 	(void)memset(s, 0, n);
 100              		.loc 1 60 0
 101              		.cfi_startproc
 102              	.LVL12:
 103 0000 08B5     		push	{r3, lr}
 104              		.cfi_def_cfa_offset 8
 105              		.cfi_offset 3, -8
 106              		.cfi_offset 14, -4
 107 0002 0A1C     		mov	r2, r1
  61:.\Generated_Source\PSoC4/cyfitter_cfg.c **** }
 108              		.loc 1 61 0
 109 0004 0021     		mov	r1, #0
 110              	.LVL13:
 111 0006 FFF7FEFF 		bl	memset
 112              	.LVL14:
  62:.\Generated_Source\PSoC4/cyfitter_cfg.c **** CY_CFG_UNUSED
 113              		.loc 1 62 0
 114              		@ sp needed
 115 000a 08BD     		pop	{r3, pc}
ARM GAS  C:\Users\Gary\AppData\Local\Temp\ccbnmSAf.s 			page 6


 116              		.cfi_endproc
 117              	.LFE0:
 118              		.size	CYMEMZERO, .-CYMEMZERO
 119              		.section	.psocinit,"ax",%progbits
 120              		.align	2
 121              		.code	16
 122              		.thumb_func
 123              		.type	ClockSetup, %function
 124              	ClockSetup:
 125              	.LFB4:
 165:.\Generated_Source\PSoC4/cyfitter_cfg.c **** 
 166:.\Generated_Source\PSoC4/cyfitter_cfg.c **** 
 167:.\Generated_Source\PSoC4/cyfitter_cfg.c **** /*******************************************************************************
 168:.\Generated_Source\PSoC4/cyfitter_cfg.c **** * Function Name: ClockSetup
 169:.\Generated_Source\PSoC4/cyfitter_cfg.c **** ********************************************************************************
 170:.\Generated_Source\PSoC4/cyfitter_cfg.c **** *
 171:.\Generated_Source\PSoC4/cyfitter_cfg.c **** * Summary:
 172:.\Generated_Source\PSoC4/cyfitter_cfg.c **** *   Performs the initialization of all of the clocks in the device based on the
 173:.\Generated_Source\PSoC4/cyfitter_cfg.c **** *   settings in the Clock tab of the DWR.  This includes enabling the requested
 174:.\Generated_Source\PSoC4/cyfitter_cfg.c **** *   clocks and setting the necessary dividers to produce the desired frequency. 
 175:.\Generated_Source\PSoC4/cyfitter_cfg.c **** *
 176:.\Generated_Source\PSoC4/cyfitter_cfg.c **** * Parameters:
 177:.\Generated_Source\PSoC4/cyfitter_cfg.c **** *   void
 178:.\Generated_Source\PSoC4/cyfitter_cfg.c **** *
 179:.\Generated_Source\PSoC4/cyfitter_cfg.c **** * Return:
 180:.\Generated_Source\PSoC4/cyfitter_cfg.c **** *   void
 181:.\Generated_Source\PSoC4/cyfitter_cfg.c **** *
 182:.\Generated_Source\PSoC4/cyfitter_cfg.c **** *******************************************************************************/
 183:.\Generated_Source\PSoC4/cyfitter_cfg.c **** static void ClockSetup(void);
 184:.\Generated_Source\PSoC4/cyfitter_cfg.c **** CY_CFG_SECTION
 185:.\Generated_Source\PSoC4/cyfitter_cfg.c **** static void ClockSetup(void)
 186:.\Generated_Source\PSoC4/cyfitter_cfg.c **** {
 126              		.loc 1 186 0
 127              		.cfi_startproc
 128 0000 10B5     		push	{r4, lr}
 129              		.cfi_def_cfa_offset 8
 130              		.cfi_offset 4, -8
 131              		.cfi_offset 14, -4
 187:.\Generated_Source\PSoC4/cyfitter_cfg.c **** 	/* Enable HALF_EN before trimming for the flash accelerator. */
 188:.\Generated_Source\PSoC4/cyfitter_cfg.c **** 	CY_SET_REG32((void CYXDATA *)(CYREG_CLK_SELECT), (CY_GET_REG32((void *)CYREG_CLK_SELECT) | 0x00040
 132              		.loc 1 188 0
 133 0002 0F4C     		ldr	r4, .L8
 134 0004 2368     		ldr	r3, [r4]
 135 0006 8022     		mov	r2, #128
 136 0008 D202     		lsl	r2, r2, #11
 137 000a 1343     		orr	r3, r2
 138 000c 2360     		str	r3, [r4]
 189:.\Generated_Source\PSoC4/cyfitter_cfg.c **** 
 190:.\Generated_Source\PSoC4/cyfitter_cfg.c **** 	/* Setup and trim IMO based on desired frequency. */
 191:.\Generated_Source\PSoC4/cyfitter_cfg.c **** 	CySysClkWriteImoFreq(24u);
 139              		.loc 1 191 0
 140 000e 1820     		mov	r0, #24
 141 0010 FFF7FEFF 		bl	CySysClkWriteImoFreq
 142              	.LVL15:
 192:.\Generated_Source\PSoC4/cyfitter_cfg.c **** 
 193:.\Generated_Source\PSoC4/cyfitter_cfg.c **** 	/* Disable HALF_EN since it is not required at this IMO frequency. */
 194:.\Generated_Source\PSoC4/cyfitter_cfg.c **** 	CY_SET_REG32((void CYXDATA *)(CYREG_CLK_SELECT), (CY_GET_REG32((void *)CYREG_CLK_SELECT) & 0xFFFBF
ARM GAS  C:\Users\Gary\AppData\Local\Temp\ccbnmSAf.s 			page 7


 143              		.loc 1 194 0
 144 0014 2268     		ldr	r2, [r4]
 145 0016 0B4B     		ldr	r3, .L8+4
 146 0018 1340     		and	r3, r2
 147 001a 2360     		str	r3, [r4]
 195:.\Generated_Source\PSoC4/cyfitter_cfg.c **** 	/* CYDEV_CLK_ILO_CONFIG Starting address: CYDEV_CLK_ILO_CONFIG */
 196:.\Generated_Source\PSoC4/cyfitter_cfg.c **** 	CY_SET_XTND_REG32((void CYFAR *)(CYREG_CLK_ILO_CONFIG), 0x80000006u);
 148              		.loc 1 196 0
 149 001c 0A4A     		ldr	r2, .L8+8
 150 001e 0B4B     		ldr	r3, .L8+12
 151 0020 1A60     		str	r2, [r3]
 197:.\Generated_Source\PSoC4/cyfitter_cfg.c **** 
 198:.\Generated_Source\PSoC4/cyfitter_cfg.c **** 
 199:.\Generated_Source\PSoC4/cyfitter_cfg.c **** 	/* CYDEV_CLK_IMO_CONFIG Starting address: CYDEV_CLK_IMO_CONFIG */
 200:.\Generated_Source\PSoC4/cyfitter_cfg.c **** 	CY_SET_XTND_REG32((void CYFAR *)(CYREG_CLK_IMO_CONFIG), 0x80000000u);
 152              		.loc 1 200 0
 153 0022 063A     		sub	r2, r2, #6
 154 0024 0A4B     		ldr	r3, .L8+16
 155 0026 1A60     		str	r2, [r3]
 201:.\Generated_Source\PSoC4/cyfitter_cfg.c **** 
 202:.\Generated_Source\PSoC4/cyfitter_cfg.c **** 	(void)CyIntSetVector(9u, &CySysWdtIsr);
 156              		.loc 1 202 0
 157 0028 0920     		mov	r0, #9
 158 002a 0A49     		ldr	r1, .L8+20
 159 002c FFF7FEFF 		bl	CyIntSetVector
 160              	.LVL16:
 203:.\Generated_Source\PSoC4/cyfitter_cfg.c **** 	CyIntEnable(9u);
 161              		.loc 1 203 0
 162 0030 0920     		mov	r0, #9
 163 0032 FFF7FEFF 		bl	CyIntEnable
 164              	.LVL17:
 204:.\Generated_Source\PSoC4/cyfitter_cfg.c **** 	CY_SET_XTND_REG32((void CYFAR *)(CYREG_WDT_CONFIG), 0x00000000u);
 165              		.loc 1 204 0
 166 0036 0022     		mov	r2, #0
 167 0038 074B     		ldr	r3, .L8+24
 168 003a 1A60     		str	r2, [r3]
 205:.\Generated_Source\PSoC4/cyfitter_cfg.c **** }
 169              		.loc 1 205 0
 170              		@ sp needed
 171 003c 10BD     		pop	{r4, pc}
 172              	.L9:
 173 003e C046     		.align	2
 174              	.L8:
 175 0040 00010B40 		.word	1074462976
 176 0044 FFFFFBFF 		.word	-262145
 177 0048 06000080 		.word	-2147483642
 178 004c 04010B40 		.word	1074462980
 179 0050 08010B40 		.word	1074462984
 180 0054 00000000 		.word	CySysWdtIsr
 181 0058 0C020B40 		.word	1074463244
 182              		.cfi_endproc
 183              	.LFE4:
 184              		.size	ClockSetup, .-ClockSetup
 185              		.align	2
 186              		.global	cyfitter_cfg
 187              		.code	16
 188              		.thumb_func
ARM GAS  C:\Users\Gary\AppData\Local\Temp\ccbnmSAf.s 			page 8


 189              		.type	cyfitter_cfg, %function
 190              	cyfitter_cfg:
 191              	.LFB6:
 206:.\Generated_Source\PSoC4/cyfitter_cfg.c **** 
 207:.\Generated_Source\PSoC4/cyfitter_cfg.c **** 
 208:.\Generated_Source\PSoC4/cyfitter_cfg.c **** /* Analog API Functions */
 209:.\Generated_Source\PSoC4/cyfitter_cfg.c **** 
 210:.\Generated_Source\PSoC4/cyfitter_cfg.c **** 
 211:.\Generated_Source\PSoC4/cyfitter_cfg.c **** /*******************************************************************************
 212:.\Generated_Source\PSoC4/cyfitter_cfg.c **** * Function Name: AnalogSetDefault
 213:.\Generated_Source\PSoC4/cyfitter_cfg.c **** ********************************************************************************
 214:.\Generated_Source\PSoC4/cyfitter_cfg.c **** *
 215:.\Generated_Source\PSoC4/cyfitter_cfg.c **** * Summary:
 216:.\Generated_Source\PSoC4/cyfitter_cfg.c **** *  Sets up the analog portions of the chip to default values based on chip
 217:.\Generated_Source\PSoC4/cyfitter_cfg.c **** *  configuration options from the project.
 218:.\Generated_Source\PSoC4/cyfitter_cfg.c **** *
 219:.\Generated_Source\PSoC4/cyfitter_cfg.c **** * Parameters:
 220:.\Generated_Source\PSoC4/cyfitter_cfg.c **** *  void
 221:.\Generated_Source\PSoC4/cyfitter_cfg.c **** *
 222:.\Generated_Source\PSoC4/cyfitter_cfg.c **** * Return:
 223:.\Generated_Source\PSoC4/cyfitter_cfg.c **** *  void
 224:.\Generated_Source\PSoC4/cyfitter_cfg.c **** *
 225:.\Generated_Source\PSoC4/cyfitter_cfg.c **** *******************************************************************************/
 226:.\Generated_Source\PSoC4/cyfitter_cfg.c **** static void AnalogSetDefault(void);
 227:.\Generated_Source\PSoC4/cyfitter_cfg.c **** static void AnalogSetDefault(void)
 228:.\Generated_Source\PSoC4/cyfitter_cfg.c **** {
 229:.\Generated_Source\PSoC4/cyfitter_cfg.c **** }
 230:.\Generated_Source\PSoC4/cyfitter_cfg.c **** 
 231:.\Generated_Source\PSoC4/cyfitter_cfg.c **** #define CY_AMUX_UNUSED CYREG_CM0_ROM_DWT
 232:.\Generated_Source\PSoC4/cyfitter_cfg.c **** 
 233:.\Generated_Source\PSoC4/cyfitter_cfg.c **** 
 234:.\Generated_Source\PSoC4/cyfitter_cfg.c **** /*******************************************************************************
 235:.\Generated_Source\PSoC4/cyfitter_cfg.c **** * Function Name: cyfitter_cfg
 236:.\Generated_Source\PSoC4/cyfitter_cfg.c **** ********************************************************************************
 237:.\Generated_Source\PSoC4/cyfitter_cfg.c **** * Summary:
 238:.\Generated_Source\PSoC4/cyfitter_cfg.c **** *  This function is called by the start-up code for the selected device. It
 239:.\Generated_Source\PSoC4/cyfitter_cfg.c **** *  performs all of the necessary device configuration based on the design
 240:.\Generated_Source\PSoC4/cyfitter_cfg.c **** *  settings.  This includes settings from the Design Wide Resources (DWR) such
 241:.\Generated_Source\PSoC4/cyfitter_cfg.c **** *  as Clocks and Pins as well as any component configuration that is necessary.
 242:.\Generated_Source\PSoC4/cyfitter_cfg.c **** *
 243:.\Generated_Source\PSoC4/cyfitter_cfg.c **** * Parameters:  
 244:.\Generated_Source\PSoC4/cyfitter_cfg.c **** *   void
 245:.\Generated_Source\PSoC4/cyfitter_cfg.c **** *
 246:.\Generated_Source\PSoC4/cyfitter_cfg.c **** * Return:
 247:.\Generated_Source\PSoC4/cyfitter_cfg.c **** *   void
 248:.\Generated_Source\PSoC4/cyfitter_cfg.c **** *
 249:.\Generated_Source\PSoC4/cyfitter_cfg.c **** *******************************************************************************/
 250:.\Generated_Source\PSoC4/cyfitter_cfg.c **** CY_CFG_SECTION
 251:.\Generated_Source\PSoC4/cyfitter_cfg.c **** void cyfitter_cfg(void)
 252:.\Generated_Source\PSoC4/cyfitter_cfg.c **** {
 192              		.loc 1 252 0
 193              		.cfi_startproc
 194 005c 10B5     		push	{r4, lr}
 195              		.cfi_def_cfa_offset 8
 196              		.cfi_offset 4, -8
 197              		.cfi_offset 14, -4
 253:.\Generated_Source\PSoC4/cyfitter_cfg.c **** 	/* Disable interrupts by default. Let user enable if/when they want. */
ARM GAS  C:\Users\Gary\AppData\Local\Temp\ccbnmSAf.s 			page 9


 254:.\Generated_Source\PSoC4/cyfitter_cfg.c **** 	CyGlobalIntDisable;
 198              		.loc 1 254 0
 199              	@ 254 ".\Generated_Source\PSoC4\cyfitter_cfg.c" 1
 200 005e 72B6     		CPSID   i
 201              	@ 0 "" 2
 202              	.LVL18:
 203              		.code	16
 204              	.LBB3:
 255:.\Generated_Source\PSoC4/cyfitter_cfg.c **** 
 256:.\Generated_Source\PSoC4/cyfitter_cfg.c **** 	{
 257:.\Generated_Source\PSoC4/cyfitter_cfg.c **** 		static const uint32 CYCODE cy_cfg_addr_table[] = {
 258:.\Generated_Source\PSoC4/cyfitter_cfg.c **** 			0x400F6002u, /* Base address: 0x400F6000 Count: 2 */
 259:.\Generated_Source\PSoC4/cyfitter_cfg.c **** 		};
 260:.\Generated_Source\PSoC4/cyfitter_cfg.c **** 
 261:.\Generated_Source\PSoC4/cyfitter_cfg.c **** 		static const cy_cfg_addrvalue_t CYCODE cy_cfg_data_table[] = {
 262:.\Generated_Source\PSoC4/cyfitter_cfg.c **** 			{0x02u, 0x01u},
 263:.\Generated_Source\PSoC4/cyfitter_cfg.c **** 			{0x11u, 0x01u},
 264:.\Generated_Source\PSoC4/cyfitter_cfg.c **** 		};
 265:.\Generated_Source\PSoC4/cyfitter_cfg.c **** 
 266:.\Generated_Source\PSoC4/cyfitter_cfg.c **** 
 267:.\Generated_Source\PSoC4/cyfitter_cfg.c **** 
 268:.\Generated_Source\PSoC4/cyfitter_cfg.c **** 		CYPACKED typedef struct {
 269:.\Generated_Source\PSoC4/cyfitter_cfg.c **** 			void CYFAR *address;
 270:.\Generated_Source\PSoC4/cyfitter_cfg.c **** 			uint16 size;
 271:.\Generated_Source\PSoC4/cyfitter_cfg.c **** 		} CYPACKED_ATTR cfg_memset_t;
 272:.\Generated_Source\PSoC4/cyfitter_cfg.c **** 
 273:.\Generated_Source\PSoC4/cyfitter_cfg.c **** 		static const cfg_memset_t CYCODE cfg_memset_list [] = {
 274:.\Generated_Source\PSoC4/cyfitter_cfg.c **** 			/* address, size */
 275:.\Generated_Source\PSoC4/cyfitter_cfg.c **** 			{(void CYFAR *)(CYDEV_UDB_P0_U0_BASE), 1024u},
 276:.\Generated_Source\PSoC4/cyfitter_cfg.c **** 			{(void CYFAR *)(CYDEV_UDB_DSI0_BASE), 1024u},
 277:.\Generated_Source\PSoC4/cyfitter_cfg.c **** 		};
 278:.\Generated_Source\PSoC4/cyfitter_cfg.c **** 
 279:.\Generated_Source\PSoC4/cyfitter_cfg.c **** 		uint8 CYDATA i;
 280:.\Generated_Source\PSoC4/cyfitter_cfg.c **** 
 281:.\Generated_Source\PSoC4/cyfitter_cfg.c **** 		/* Zero out critical memory blocks before beginning configuration */
 282:.\Generated_Source\PSoC4/cyfitter_cfg.c **** 		for (i = 0u; i < (sizeof(cfg_memset_list)/sizeof(cfg_memset_list[0])); i++)
 205              		.loc 1 282 0
 206 0060 0024     		mov	r4, #0
 207 0062 10E0     		b	.L11
 208              	.LVL19:
 209              	.L12:
 210              	.LBB4:
 283:.\Generated_Source\PSoC4/cyfitter_cfg.c **** 		{
 284:.\Generated_Source\PSoC4/cyfitter_cfg.c **** 			const cfg_memset_t CYCODE * CYDATA ms = &cfg_memset_list[i];
 285:.\Generated_Source\PSoC4/cyfitter_cfg.c **** 			CYMEMZERO(ms->address, (size_t)(uint32)(ms->size));
 211              		.loc 1 285 0 discriminator 3
 212 0064 2748     		ldr	r0, .L13
 213 0066 6300     		lsl	r3, r4, #1
 214 0068 1A19     		add	r2, r3, r4
 215 006a 5200     		lsl	r2, r2, #1
 216 006c 8218     		add	r2, r0, r2
 217 006e 9188     		ldrh	r1, [r2, #4]
 218 0070 1B19     		add	r3, r3, r4
 219 0072 5B00     		lsl	r3, r3, #1
 220 0074 1A5A     		ldrh	r2, [r3, r0]
 221 0076 C318     		add	r3, r0, r3
 222 0078 5888     		ldrh	r0, [r3, #2]
ARM GAS  C:\Users\Gary\AppData\Local\Temp\ccbnmSAf.s 			page 10


 223 007a 0004     		lsl	r0, r0, #16
 224 007c 1043     		orr	r0, r2
 225 007e FFF7FEFF 		bl	CYMEMZERO
 226              	.LVL20:
 227              	.LBE4:
 282:.\Generated_Source\PSoC4/cyfitter_cfg.c **** 		{
 228              		.loc 1 282 0 discriminator 3
 229 0082 0134     		add	r4, r4, #1
 230              	.LVL21:
 231 0084 E4B2     		uxtb	r4, r4
 232              	.LVL22:
 233              	.L11:
 282:.\Generated_Source\PSoC4/cyfitter_cfg.c **** 		{
 234              		.loc 1 282 0 is_stmt 0 discriminator 1
 235 0086 012C     		cmp	r4, #1
 236 0088 ECD9     		bls	.L12
 286:.\Generated_Source\PSoC4/cyfitter_cfg.c **** 		}
 287:.\Generated_Source\PSoC4/cyfitter_cfg.c **** 
 288:.\Generated_Source\PSoC4/cyfitter_cfg.c **** 		cfg_write_bytes32(cy_cfg_addr_table, cy_cfg_data_table);
 237              		.loc 1 288 0 is_stmt 1
 238 008a 1E49     		ldr	r1, .L13
 239 008c 081C     		mov	r0, r1
 240 008e 0C30     		add	r0, r0, #12
 241 0090 1031     		add	r1, r1, #16
 242 0092 FFF7FEFF 		bl	cfg_write_bytes32
 243              	.LVL23:
 289:.\Generated_Source\PSoC4/cyfitter_cfg.c **** 
 290:.\Generated_Source\PSoC4/cyfitter_cfg.c **** 		/* HSIOM Starting address: CYDEV_HSIOM_BASE */
 291:.\Generated_Source\PSoC4/cyfitter_cfg.c **** 		CY_SET_XTND_REG32((void CYFAR *)(CYREG_HSIOM_PORT_SEL3), 0x0000EE00u);
 244              		.loc 1 291 0
 245 0096 EE22     		mov	r2, #238
 246 0098 1202     		lsl	r2, r2, #8
 247 009a 1B4B     		ldr	r3, .L13+4
 248 009c 1A60     		str	r2, [r3]
 292:.\Generated_Source\PSoC4/cyfitter_cfg.c **** 
 293:.\Generated_Source\PSoC4/cyfitter_cfg.c **** 		/* UDB_PA_0 Starting address: CYDEV_UDB_PA0_BASE */
 294:.\Generated_Source\PSoC4/cyfitter_cfg.c **** 		CY_SET_XTND_REG32((void CYFAR *)(CYDEV_UDB_PA0_BASE), 0x00990000u);
 249              		.loc 1 294 0
 250 009e 9923     		mov	r3, #153
 251 00a0 1B04     		lsl	r3, r3, #16
 252 00a2 1A4A     		ldr	r2, .L13+8
 253 00a4 1360     		str	r3, [r2]
 295:.\Generated_Source\PSoC4/cyfitter_cfg.c **** 		CY_SET_XTND_REG32((void CYFAR *)(CYREG_UDB_PA0_CFG4), 0x80000000u);
 254              		.loc 1 295 0
 255 00a6 8021     		mov	r1, #128
 256 00a8 0906     		lsl	r1, r1, #24
 257 00aa 194A     		ldr	r2, .L13+12
 258 00ac 1160     		str	r1, [r2]
 296:.\Generated_Source\PSoC4/cyfitter_cfg.c **** 
 297:.\Generated_Source\PSoC4/cyfitter_cfg.c **** 		/* UDB_PA_1 Starting address: CYDEV_UDB_PA1_BASE */
 298:.\Generated_Source\PSoC4/cyfitter_cfg.c **** 		CY_SET_XTND_REG32((void CYFAR *)(CYDEV_UDB_PA1_BASE), 0x00990000u);
 259              		.loc 1 298 0
 260 00ae 194A     		ldr	r2, .L13+16
 261 00b0 1360     		str	r3, [r2]
 299:.\Generated_Source\PSoC4/cyfitter_cfg.c **** 
 300:.\Generated_Source\PSoC4/cyfitter_cfg.c **** 		/* UDB_PA_3 Starting address: CYDEV_UDB_PA3_BASE */
 301:.\Generated_Source\PSoC4/cyfitter_cfg.c **** 		CY_SET_XTND_REG32((void CYFAR *)(CYDEV_UDB_PA3_BASE), 0x00990000u);
ARM GAS  C:\Users\Gary\AppData\Local\Temp\ccbnmSAf.s 			page 11


 262              		.loc 1 301 0
 263 00b2 194A     		ldr	r2, .L13+20
 264 00b4 1360     		str	r3, [r2]
 302:.\Generated_Source\PSoC4/cyfitter_cfg.c **** 
 303:.\Generated_Source\PSoC4/cyfitter_cfg.c **** 		/* Enable digital routing */
 304:.\Generated_Source\PSoC4/cyfitter_cfg.c **** 		CY_SET_XTND_REG8((void *)CYREG_UDB_UDBIF_BANK_CTL, CY_GET_XTND_REG8((void *)CYREG_UDB_UDBIF_BANK_
 265              		.loc 1 304 0
 266 00b6 194B     		ldr	r3, .L13+24
 267 00b8 1978     		ldrb	r1, [r3]
 268 00ba 0222     		mov	r2, #2
 269 00bc 0A43     		orr	r2, r1
 270 00be 1A70     		strb	r2, [r3]
 305:.\Generated_Source\PSoC4/cyfitter_cfg.c **** 
 306:.\Generated_Source\PSoC4/cyfitter_cfg.c **** 		/* Enable UDB array */
 307:.\Generated_Source\PSoC4/cyfitter_cfg.c **** 		CY_SET_XTND_REG8((void *)CYREG_UDB_UDBIF_WAIT_CFG, (uint8)((CY_GET_XTND_REG8((void *)CYREG_UDB_UD
 271              		.loc 1 307 0
 272 00c0 1748     		ldr	r0, .L13+28
 273 00c2 0278     		ldrb	r2, [r0]
 274 00c4 3C21     		mov	r1, #60
 275 00c6 8A43     		bic	r2, r1
 276 00c8 2839     		sub	r1, r1, #40
 277 00ca 0A43     		orr	r2, r1
 278 00cc 0270     		strb	r2, [r0]
 308:.\Generated_Source\PSoC4/cyfitter_cfg.c **** 		CY_SET_XTND_REG8((void *)CYREG_UDB_UDBIF_BANK_CTL, (uint8)(CY_GET_XTND_REG8((void *)CYREG_UDB_UDB
 279              		.loc 1 308 0
 280 00ce 1978     		ldrb	r1, [r3]
 281 00d0 1622     		mov	r2, #22
 282 00d2 0A43     		orr	r2, r1
 283 00d4 1A70     		strb	r2, [r3]
 284              	.LBE3:
 309:.\Generated_Source\PSoC4/cyfitter_cfg.c **** 	}
 310:.\Generated_Source\PSoC4/cyfitter_cfg.c **** 
 311:.\Generated_Source\PSoC4/cyfitter_cfg.c **** 	/* Perform second pass device configuration. These items must be configured in specific order afte
 312:.\Generated_Source\PSoC4/cyfitter_cfg.c **** 	/* IOPINS0_0 Starting address: CYDEV_PRT0_BASE */
 313:.\Generated_Source\PSoC4/cyfitter_cfg.c **** 	CY_SET_XTND_REG32((void CYFAR *)(CYDEV_PRT0_BASE), 0x00000080u);
 285              		.loc 1 313 0
 286 00d6 8022     		mov	r2, #128
 287 00d8 124B     		ldr	r3, .L13+32
 288 00da 1A60     		str	r2, [r3]
 314:.\Generated_Source\PSoC4/cyfitter_cfg.c **** 	CY_SET_XTND_REG32((void CYFAR *)(CYREG_PRT0_PC), 0x00400000u);
 289              		.loc 1 314 0
 290 00dc 8022     		mov	r2, #128
 291 00de D203     		lsl	r2, r2, #15
 292 00e0 114B     		ldr	r3, .L13+36
 293 00e2 1A60     		str	r2, [r3]
 315:.\Generated_Source\PSoC4/cyfitter_cfg.c **** 	CY_SET_XTND_REG32((void CYFAR *)(CYREG_PRT0_INTCFG), 0x00008000u);
 294              		.loc 1 315 0
 295 00e4 8022     		mov	r2, #128
 296 00e6 1202     		lsl	r2, r2, #8
 297 00e8 104B     		ldr	r3, .L13+40
 298 00ea 1A60     		str	r2, [r3]
 316:.\Generated_Source\PSoC4/cyfitter_cfg.c **** 
 317:.\Generated_Source\PSoC4/cyfitter_cfg.c **** 	/* IOPINS0_1 Starting address: CYDEV_PRT1_BASE */
 318:.\Generated_Source\PSoC4/cyfitter_cfg.c **** 	CY_SET_XTND_REG32((void CYFAR *)(CYREG_PRT1_PC), 0x00180000u);
 299              		.loc 1 318 0
 300 00ec C022     		mov	r2, #192
 301 00ee 5203     		lsl	r2, r2, #13
ARM GAS  C:\Users\Gary\AppData\Local\Temp\ccbnmSAf.s 			page 12


 302 00f0 0F4B     		ldr	r3, .L13+44
 303 00f2 1A60     		str	r2, [r3]
 319:.\Generated_Source\PSoC4/cyfitter_cfg.c **** 
 320:.\Generated_Source\PSoC4/cyfitter_cfg.c **** 	/* IOPINS0_3 Starting address: CYDEV_PRT3_BASE */
 321:.\Generated_Source\PSoC4/cyfitter_cfg.c **** 	CY_SET_XTND_REG32((void CYFAR *)(CYREG_PRT3_PC), 0x00000D80u);
 304              		.loc 1 321 0
 305 00f4 D822     		mov	r2, #216
 306 00f6 1201     		lsl	r2, r2, #4
 307 00f8 0E4B     		ldr	r3, .L13+48
 308 00fa 1A60     		str	r2, [r3]
 322:.\Generated_Source\PSoC4/cyfitter_cfg.c **** 
 323:.\Generated_Source\PSoC4/cyfitter_cfg.c **** 	/* Setup clocks based on selections from Clock DWR */
 324:.\Generated_Source\PSoC4/cyfitter_cfg.c **** 	ClockSetup();
 309              		.loc 1 324 0
 310 00fc FFF780FF 		bl	ClockSetup
 311              	.LVL24:
 325:.\Generated_Source\PSoC4/cyfitter_cfg.c **** 
 326:.\Generated_Source\PSoC4/cyfitter_cfg.c **** 	/* Perform basic analog initialization to defaults */
 327:.\Generated_Source\PSoC4/cyfitter_cfg.c **** 	AnalogSetDefault();
 328:.\Generated_Source\PSoC4/cyfitter_cfg.c **** 
 329:.\Generated_Source\PSoC4/cyfitter_cfg.c **** }
 312              		.loc 1 329 0
 313              		@ sp needed
 314              	.LVL25:
 315 0100 10BD     		pop	{r4, pc}
 316              	.L14:
 317 0102 C046     		.align	2
 318              	.L13:
 319 0104 00000000 		.word	.LANCHOR0
 320 0108 0C000140 		.word	1073807372
 321 010c 00500F40 		.word	1074745344
 322 0110 04500F40 		.word	1074745348
 323 0114 10500F40 		.word	1074745360
 324 0118 30500F40 		.word	1074745392
 325 011c 00700F40 		.word	1074753536
 326 0120 01700F40 		.word	1074753537
 327 0124 00000440 		.word	1074003968
 328 0128 08000440 		.word	1074003976
 329 012c 0C000440 		.word	1074003980
 330 0130 08010440 		.word	1074004232
 331 0134 08030440 		.word	1074004744
 332              		.cfi_endproc
 333              	.LFE6:
 334              		.size	cyfitter_cfg, .-cyfitter_cfg
 335              		.section	.rodata
 336              		.align	2
 337              		.set	.LANCHOR0,. + 0
 338              		.type	cfg_memset_list.4737, %object
 339              		.size	cfg_memset_list.4737, 12
 340              	cfg_memset_list.4737:
 341 0000 00300F40 		.word	1074737152
 342 0004 0004     		.short	1024
 343 0006 00400F40 		.4byte	1074741248
 344 000a 0004     		.short	1024
 345              		.type	cy_cfg_addr_table.4731, %object
 346              		.size	cy_cfg_addr_table.4731, 4
 347              	cy_cfg_addr_table.4731:
ARM GAS  C:\Users\Gary\AppData\Local\Temp\ccbnmSAf.s 			page 13


 348 000c 02600F40 		.word	1074749442
 349              		.type	cy_cfg_data_table.4732, %object
 350              		.size	cy_cfg_data_table.4732, 4
 351              	cy_cfg_data_table.4732:
 352 0010 02       		.byte	2
 353 0011 01       		.byte	1
 354 0012 11       		.byte	17
 355 0013 01       		.byte	1
 356              		.text
 357              	.Letext0:
 358              		.file 2 "c:\\program files (x86)\\cypress\\psoc creator\\3.3\\psoc creator\\import\\gnu\\arm\\4.9.
 359              		.file 3 ".\\Generated_Source\\PSoC4\\cytypes.h"
 360              		.file 4 ".\\Generated_Source\\PSoC4\\CyLib.h"
 361              		.section	.debug_info,"",%progbits
 362              	.Ldebug_info0:
 363 0000 B5030000 		.4byte	0x3b5
 364 0004 0400     		.2byte	0x4
 365 0006 00000000 		.4byte	.Ldebug_abbrev0
 366 000a 04       		.byte	0x4
 367 000b 01       		.uleb128 0x1
 368 000c E8010000 		.4byte	.LASF38
 369 0010 01       		.byte	0x1
 370 0011 AD010000 		.4byte	.LASF39
 371 0015 E6000000 		.4byte	.LASF40
 372 0019 00000000 		.4byte	.Ldebug_ranges0+0
 373 001d 00000000 		.4byte	0
 374 0021 00000000 		.4byte	.Ldebug_line0
 375 0025 02       		.uleb128 0x2
 376 0026 04       		.byte	0x4
 377 0027 05       		.byte	0x5
 378 0028 696E7400 		.ascii	"int\000"
 379 002c 03       		.uleb128 0x3
 380 002d 06000000 		.4byte	.LASF11
 381 0031 02       		.byte	0x2
 382 0032 D4       		.byte	0xd4
 383 0033 37000000 		.4byte	0x37
 384 0037 04       		.uleb128 0x4
 385 0038 04       		.byte	0x4
 386 0039 07       		.byte	0x7
 387 003a 48010000 		.4byte	.LASF0
 388 003e 04       		.uleb128 0x4
 389 003f 01       		.byte	0x1
 390 0040 06       		.byte	0x6
 391 0041 A5020000 		.4byte	.LASF1
 392 0045 04       		.uleb128 0x4
 393 0046 01       		.byte	0x1
 394 0047 08       		.byte	0x8
 395 0048 AC000000 		.4byte	.LASF2
 396 004c 04       		.uleb128 0x4
 397 004d 02       		.byte	0x2
 398 004e 05       		.byte	0x5
 399 004f 7D020000 		.4byte	.LASF3
 400 0053 04       		.uleb128 0x4
 401 0054 02       		.byte	0x2
 402 0055 07       		.byte	0x7
 403 0056 B1020000 		.4byte	.LASF4
 404 005a 04       		.uleb128 0x4
ARM GAS  C:\Users\Gary\AppData\Local\Temp\ccbnmSAf.s 			page 14


 405 005b 04       		.byte	0x4
 406 005c 05       		.byte	0x5
 407 005d 9C020000 		.4byte	.LASF5
 408 0061 04       		.uleb128 0x4
 409 0062 04       		.byte	0x4
 410 0063 07       		.byte	0x7
 411 0064 8A000000 		.4byte	.LASF6
 412 0068 04       		.uleb128 0x4
 413 0069 08       		.byte	0x8
 414 006a 05       		.byte	0x5
 415 006b D5010000 		.4byte	.LASF7
 416 006f 04       		.uleb128 0x4
 417 0070 08       		.byte	0x8
 418 0071 07       		.byte	0x7
 419 0072 6A010000 		.4byte	.LASF8
 420 0076 04       		.uleb128 0x4
 421 0077 04       		.byte	0x4
 422 0078 07       		.byte	0x7
 423 0079 A4010000 		.4byte	.LASF9
 424 007d 05       		.uleb128 0x5
 425 007e 04       		.byte	0x4
 426 007f 06       		.uleb128 0x6
 427 0080 04       		.byte	0x4
 428 0081 85000000 		.4byte	0x85
 429 0085 07       		.uleb128 0x7
 430 0086 04       		.uleb128 0x4
 431 0087 01       		.byte	0x1
 432 0088 08       		.byte	0x8
 433 0089 E3010000 		.4byte	.LASF10
 434 008d 03       		.uleb128 0x3
 435 008e 9C000000 		.4byte	.LASF12
 436 0092 03       		.byte	0x3
 437 0093 C2       		.byte	0xc2
 438 0094 45000000 		.4byte	0x45
 439 0098 03       		.uleb128 0x3
 440 0099 2F010000 		.4byte	.LASF13
 441 009d 03       		.byte	0x3
 442 009e C3       		.byte	0xc3
 443 009f 53000000 		.4byte	0x53
 444 00a3 03       		.uleb128 0x3
 445 00a4 41010000 		.4byte	.LASF14
 446 00a8 03       		.byte	0x3
 447 00a9 C4       		.byte	0xc4
 448 00aa 61000000 		.4byte	0x61
 449 00ae 04       		.uleb128 0x4
 450 00af 04       		.byte	0x4
 451 00b0 04       		.byte	0x4
 452 00b1 6A000000 		.4byte	.LASF15
 453 00b5 04       		.uleb128 0x4
 454 00b6 08       		.byte	0x8
 455 00b7 04       		.byte	0x4
 456 00b8 C1000000 		.4byte	.LASF16
 457 00bc 08       		.uleb128 0x8
 458 00bd 85000000 		.4byte	.LASF17
 459 00c1 03       		.byte	0x3
 460 00c2 6C01     		.2byte	0x16c
 461 00c4 C8000000 		.4byte	0xc8
ARM GAS  C:\Users\Gary\AppData\Local\Temp\ccbnmSAf.s 			page 15


 462 00c8 09       		.uleb128 0x9
 463 00c9 8D000000 		.4byte	0x8d
 464 00cd 08       		.uleb128 0x8
 465 00ce 00000000 		.4byte	.LASF18
 466 00d2 03       		.byte	0x3
 467 00d3 6E01     		.2byte	0x16e
 468 00d5 D9000000 		.4byte	0xd9
 469 00d9 09       		.uleb128 0x9
 470 00da A3000000 		.4byte	0xa3
 471 00de 08       		.uleb128 0x8
 472 00df 81010000 		.4byte	.LASF19
 473 00e3 03       		.byte	0x3
 474 00e4 7E01     		.2byte	0x17e
 475 00e6 7F000000 		.4byte	0x7f
 476 00ea 0A       		.uleb128 0xa
 477 00eb 02       		.byte	0x2
 478 00ec 01       		.byte	0x1
 479 00ed 7D       		.byte	0x7d
 480 00ee 0B010000 		.4byte	0x10b
 481 00f2 0B       		.uleb128 0xb
 482 00f3 76020000 		.4byte	.LASF20
 483 00f7 01       		.byte	0x1
 484 00f8 7F       		.byte	0x7f
 485 00f9 8D000000 		.4byte	0x8d
 486 00fd 00       		.byte	0
 487 00fe 0B       		.uleb128 0xb
 488 00ff 1C000000 		.4byte	.LASF21
 489 0103 01       		.byte	0x1
 490 0104 80       		.byte	0x80
 491 0105 8D000000 		.4byte	0x8d
 492 0109 01       		.byte	0x1
 493 010a 00       		.byte	0
 494 010b 03       		.uleb128 0x3
 495 010c 57000000 		.4byte	.LASF22
 496 0110 01       		.byte	0x1
 497 0111 81       		.byte	0x81
 498 0112 EA000000 		.4byte	0xea
 499 0116 0C       		.uleb128 0xc
 500 0117 C8000000 		.4byte	.LASF27
 501 011b 01       		.byte	0x1
 502 011c 94       		.byte	0x94
 503 011d 00000000 		.4byte	.LFB3
 504 0121 32000000 		.4byte	.LFE3-.LFB3
 505 0125 01       		.uleb128 0x1
 506 0126 9C       		.byte	0x9c
 507 0127 88010000 		.4byte	0x188
 508 012b 0D       		.uleb128 0xd
 509 012c 24010000 		.4byte	.LASF23
 510 0130 01       		.byte	0x1
 511 0131 94       		.byte	0x94
 512 0132 88010000 		.4byte	0x188
 513 0136 01       		.uleb128 0x1
 514 0137 50       		.byte	0x50
 515 0138 0D       		.uleb128 0xd
 516 0139 36010000 		.4byte	.LASF24
 517 013d 01       		.byte	0x1
 518 013e 94       		.byte	0x94
ARM GAS  C:\Users\Gary\AppData\Local\Temp\ccbnmSAf.s 			page 16


 519 013f 93010000 		.4byte	0x193
 520 0143 01       		.uleb128 0x1
 521 0144 51       		.byte	0x51
 522 0145 0E       		.uleb128 0xe
 523 0146 6900     		.ascii	"i\000"
 524 0148 01       		.byte	0x1
 525 0149 97       		.byte	0x97
 526 014a A3000000 		.4byte	0xa3
 527 014e 00000000 		.4byte	.LLST0
 528 0152 0E       		.uleb128 0xe
 529 0153 6A00     		.ascii	"j\000"
 530 0155 01       		.byte	0x1
 531 0156 97       		.byte	0x97
 532 0157 A3000000 		.4byte	0xa3
 533 015b 1F000000 		.4byte	.LLST1
 534 015f 0F       		.uleb128 0xf
 535 0160 08000000 		.4byte	.LBB2
 536 0164 22000000 		.4byte	.LBE2-.LBB2
 537 0168 10       		.uleb128 0x10
 538 0169 9B010000 		.4byte	.LASF25
 539 016d 01       		.byte	0x1
 540 016e 9A       		.byte	0x9a
 541 016f A3000000 		.4byte	0xa3
 542 0173 3E000000 		.4byte	.LLST2
 543 0177 10       		.uleb128 0x10
 544 0178 22000000 		.4byte	.LASF26
 545 017c 01       		.byte	0x1
 546 017d 9B       		.byte	0x9b
 547 017e 8D000000 		.4byte	0x8d
 548 0182 51000000 		.4byte	.LLST3
 549 0186 00       		.byte	0
 550 0187 00       		.byte	0
 551 0188 06       		.uleb128 0x6
 552 0189 04       		.byte	0x4
 553 018a 8E010000 		.4byte	0x18e
 554 018e 11       		.uleb128 0x11
 555 018f A3000000 		.4byte	0xa3
 556 0193 06       		.uleb128 0x6
 557 0194 04       		.byte	0x4
 558 0195 99010000 		.4byte	0x199
 559 0199 11       		.uleb128 0x11
 560 019a 0B010000 		.4byte	0x10b
 561 019e 0C       		.uleb128 0xc
 562 019f A2000000 		.4byte	.LASF28
 563 01a3 01       		.byte	0x1
 564 01a4 3B       		.byte	0x3b
 565 01a5 00000000 		.4byte	.LFB0
 566 01a9 0C000000 		.4byte	.LFE0-.LFB0
 567 01ad 01       		.uleb128 0x1
 568 01ae 9C       		.byte	0x9c
 569 01af EB010000 		.4byte	0x1eb
 570 01b3 12       		.uleb128 0x12
 571 01b4 7300     		.ascii	"s\000"
 572 01b6 01       		.byte	0x1
 573 01b7 3B       		.byte	0x3b
 574 01b8 7D000000 		.4byte	0x7d
 575 01bc 6F000000 		.4byte	.LLST4
ARM GAS  C:\Users\Gary\AppData\Local\Temp\ccbnmSAf.s 			page 17


 576 01c0 12       		.uleb128 0x12
 577 01c1 6E00     		.ascii	"n\000"
 578 01c3 01       		.byte	0x1
 579 01c4 3B       		.byte	0x3b
 580 01c5 2C000000 		.4byte	0x2c
 581 01c9 90000000 		.4byte	.LLST5
 582 01cd 13       		.uleb128 0x13
 583 01ce 0A000000 		.4byte	.LVL14
 584 01d2 63030000 		.4byte	0x363
 585 01d6 14       		.uleb128 0x14
 586 01d7 01       		.uleb128 0x1
 587 01d8 52       		.byte	0x52
 588 01d9 03       		.uleb128 0x3
 589 01da F3       		.byte	0xf3
 590 01db 01       		.uleb128 0x1
 591 01dc 51       		.byte	0x51
 592 01dd 14       		.uleb128 0x14
 593 01de 01       		.uleb128 0x1
 594 01df 51       		.byte	0x51
 595 01e0 01       		.uleb128 0x1
 596 01e1 30       		.byte	0x30
 597 01e2 14       		.uleb128 0x14
 598 01e3 01       		.uleb128 0x1
 599 01e4 50       		.byte	0x50
 600 01e5 03       		.uleb128 0x3
 601 01e6 F3       		.byte	0xf3
 602 01e7 01       		.uleb128 0x1
 603 01e8 50       		.byte	0x50
 604 01e9 00       		.byte	0
 605 01ea 00       		.byte	0
 606 01eb 0C       		.uleb128 0xc
 607 01ec 28000000 		.4byte	.LASF29
 608 01f0 01       		.byte	0x1
 609 01f1 B9       		.byte	0xb9
 610 01f2 00000000 		.4byte	.LFB4
 611 01f6 5C000000 		.4byte	.LFE4-.LFB4
 612 01fa 01       		.uleb128 0x1
 613 01fb 9C       		.byte	0x9c
 614 01fc 36020000 		.4byte	0x236
 615 0200 15       		.uleb128 0x15
 616 0201 14000000 		.4byte	.LVL15
 617 0205 80030000 		.4byte	0x380
 618 0209 13020000 		.4byte	0x213
 619 020d 14       		.uleb128 0x14
 620 020e 01       		.uleb128 0x1
 621 020f 50       		.byte	0x50
 622 0210 01       		.uleb128 0x1
 623 0211 48       		.byte	0x48
 624 0212 00       		.byte	0
 625 0213 15       		.uleb128 0x15
 626 0214 30000000 		.4byte	.LVL16
 627 0218 91030000 		.4byte	0x391
 628 021c 26020000 		.4byte	0x226
 629 0220 14       		.uleb128 0x14
 630 0221 01       		.uleb128 0x1
 631 0222 50       		.byte	0x50
 632 0223 01       		.uleb128 0x1
ARM GAS  C:\Users\Gary\AppData\Local\Temp\ccbnmSAf.s 			page 18


 633 0224 39       		.byte	0x39
 634 0225 00       		.byte	0
 635 0226 13       		.uleb128 0x13
 636 0227 36000000 		.4byte	.LVL17
 637 022b AB030000 		.4byte	0x3ab
 638 022f 14       		.uleb128 0x14
 639 0230 01       		.uleb128 0x1
 640 0231 50       		.byte	0x50
 641 0232 01       		.uleb128 0x1
 642 0233 39       		.byte	0x39
 643 0234 00       		.byte	0
 644 0235 00       		.byte	0
 645 0236 16       		.uleb128 0x16
 646 0237 55010000 		.4byte	.LASF41
 647 023b 01       		.byte	0x1
 648 023c FB       		.byte	0xfb
 649 023d 5C000000 		.4byte	.LFB6
 650 0241 DC000000 		.4byte	.LFE6-.LFB6
 651 0245 01       		.uleb128 0x1
 652 0246 9C       		.byte	0x9c
 653 0247 39030000 		.4byte	0x339
 654 024b 17       		.uleb128 0x17
 655 024c 60000000 		.4byte	.LBB3
 656 0250 76000000 		.4byte	.LBE3-.LBB3
 657 0254 2F030000 		.4byte	0x32f
 658 0258 18       		.uleb128 0x18
 659 0259 33000000 		.4byte	.LASF30
 660 025d 01       		.byte	0x1
 661 025e 0101     		.2byte	0x101
 662 0260 49030000 		.4byte	0x349
 663 0264 05       		.uleb128 0x5
 664 0265 03       		.byte	0x3
 665 0266 0C000000 		.4byte	cy_cfg_addr_table.4731
 666 026a 18       		.uleb128 0x18
 667 026b 45000000 		.4byte	.LASF31
 668 026f 01       		.byte	0x1
 669 0270 0501     		.2byte	0x105
 670 0272 5E030000 		.4byte	0x35e
 671 0276 05       		.uleb128 0x5
 672 0277 03       		.byte	0x3
 673 0278 10000000 		.4byte	cy_cfg_data_table.4732
 674 027c 19       		.uleb128 0x19
 675 027d 06       		.byte	0x6
 676 027e 01       		.byte	0x1
 677 027f 0C01     		.2byte	0x10c
 678 0281 A0020000 		.4byte	0x2a0
 679 0285 1A       		.uleb128 0x1a
 680 0286 62010000 		.4byte	.LASF32
 681 028a 01       		.byte	0x1
 682 028b 0D01     		.2byte	0x10d
 683 028d 7D000000 		.4byte	0x7d
 684 0291 00       		.byte	0
 685 0292 1A       		.uleb128 0x1a
 686 0293 80000000 		.4byte	.LASF33
 687 0297 01       		.byte	0x1
 688 0298 0E01     		.2byte	0x10e
 689 029a 98000000 		.4byte	0x98
ARM GAS  C:\Users\Gary\AppData\Local\Temp\ccbnmSAf.s 			page 19


 690 029e 04       		.byte	0x4
 691 029f 00       		.byte	0
 692 02a0 08       		.uleb128 0x8
 693 02a1 8E010000 		.4byte	.LASF34
 694 02a5 01       		.byte	0x1
 695 02a6 0F01     		.2byte	0x10f
 696 02a8 7C020000 		.4byte	0x27c
 697 02ac 1B       		.uleb128 0x1b
 698 02ad A0020000 		.4byte	0x2a0
 699 02b1 BC020000 		.4byte	0x2bc
 700 02b5 1C       		.uleb128 0x1c
 701 02b6 76000000 		.4byte	0x76
 702 02ba 01       		.byte	0x1
 703 02bb 00       		.byte	0
 704 02bc 18       		.uleb128 0x18
 705 02bd 70000000 		.4byte	.LASF35
 706 02c1 01       		.byte	0x1
 707 02c2 1101     		.2byte	0x111
 708 02c4 CE020000 		.4byte	0x2ce
 709 02c8 05       		.uleb128 0x5
 710 02c9 03       		.byte	0x3
 711 02ca 00000000 		.4byte	cfg_memset_list.4737
 712 02ce 11       		.uleb128 0x11
 713 02cf AC020000 		.4byte	0x2ac
 714 02d3 1D       		.uleb128 0x1d
 715 02d4 6900     		.ascii	"i\000"
 716 02d6 01       		.byte	0x1
 717 02d7 1701     		.2byte	0x117
 718 02d9 8D000000 		.4byte	0x8d
 719 02dd BC000000 		.4byte	.LLST6
 720 02e1 17       		.uleb128 0x17
 721 02e2 64000000 		.4byte	.LBB4
 722 02e6 1E000000 		.4byte	.LBE4-.LBB4
 723 02ea 12030000 		.4byte	0x312
 724 02ee 1D       		.uleb128 0x1d
 725 02ef 6D7300   		.ascii	"ms\000"
 726 02f2 01       		.byte	0x1
 727 02f3 1C01     		.2byte	0x11c
 728 02f5 FD020000 		.4byte	0x2fd
 729 02f9 E6000000 		.4byte	.LLST7
 730 02fd 06       		.uleb128 0x6
 731 02fe 04       		.byte	0x4
 732 02ff 03030000 		.4byte	0x303
 733 0303 11       		.uleb128 0x11
 734 0304 A0020000 		.4byte	0x2a0
 735 0308 1E       		.uleb128 0x1e
 736 0309 82000000 		.4byte	.LVL20
 737 030d 9E010000 		.4byte	0x19e
 738 0311 00       		.byte	0
 739 0312 13       		.uleb128 0x13
 740 0313 96000000 		.4byte	.LVL23
 741 0317 16010000 		.4byte	0x116
 742 031b 14       		.uleb128 0x14
 743 031c 01       		.uleb128 0x1
 744 031d 51       		.byte	0x51
 745 031e 05       		.uleb128 0x5
 746 031f 03       		.byte	0x3
ARM GAS  C:\Users\Gary\AppData\Local\Temp\ccbnmSAf.s 			page 20


 747 0320 10000000 		.4byte	.LANCHOR0+16
 748 0324 14       		.uleb128 0x14
 749 0325 01       		.uleb128 0x1
 750 0326 50       		.byte	0x50
 751 0327 05       		.uleb128 0x5
 752 0328 03       		.byte	0x3
 753 0329 0C000000 		.4byte	.LANCHOR0+12
 754 032d 00       		.byte	0
 755 032e 00       		.byte	0
 756 032f 1E       		.uleb128 0x1e
 757 0330 00010000 		.4byte	.LVL24
 758 0334 EB010000 		.4byte	0x1eb
 759 0338 00       		.byte	0
 760 0339 1B       		.uleb128 0x1b
 761 033a A3000000 		.4byte	0xa3
 762 033e 49030000 		.4byte	0x349
 763 0342 1C       		.uleb128 0x1c
 764 0343 76000000 		.4byte	0x76
 765 0347 00       		.byte	0
 766 0348 00       		.byte	0
 767 0349 11       		.uleb128 0x11
 768 034a 39030000 		.4byte	0x339
 769 034e 1B       		.uleb128 0x1b
 770 034f 0B010000 		.4byte	0x10b
 771 0353 5E030000 		.4byte	0x35e
 772 0357 1C       		.uleb128 0x1c
 773 0358 76000000 		.4byte	0x76
 774 035c 01       		.byte	0x1
 775 035d 00       		.byte	0
 776 035e 11       		.uleb128 0x11
 777 035f 4E030000 		.4byte	0x34e
 778 0363 1F       		.uleb128 0x1f
 779 0364 BA000000 		.4byte	.LASF36
 780 0368 7D000000 		.4byte	0x7d
 781 036c 80030000 		.4byte	0x380
 782 0370 20       		.uleb128 0x20
 783 0371 7D000000 		.4byte	0x7d
 784 0375 20       		.uleb128 0x20
 785 0376 25000000 		.4byte	0x25
 786 037a 20       		.uleb128 0x20
 787 037b 76000000 		.4byte	0x76
 788 037f 00       		.byte	0
 789 0380 21       		.uleb128 0x21
 790 0381 87020000 		.4byte	.LASF37
 791 0385 04       		.byte	0x4
 792 0386 31       		.byte	0x31
 793 0387 91030000 		.4byte	0x391
 794 038b 20       		.uleb128 0x20
 795 038c A3000000 		.4byte	0xa3
 796 0390 00       		.byte	0
 797 0391 22       		.uleb128 0x22
 798 0392 0D000000 		.4byte	.LASF42
 799 0396 04       		.byte	0x4
 800 0397 46       		.byte	0x46
 801 0398 DE000000 		.4byte	0xde
 802 039c AB030000 		.4byte	0x3ab
 803 03a0 20       		.uleb128 0x20
ARM GAS  C:\Users\Gary\AppData\Local\Temp\ccbnmSAf.s 			page 21


 804 03a1 8D000000 		.4byte	0x8d
 805 03a5 20       		.uleb128 0x20
 806 03a6 DE000000 		.4byte	0xde
 807 03aa 00       		.byte	0
 808 03ab 23       		.uleb128 0x23
 809 03ac DA000000 		.4byte	.LASF43
 810 03b0 04       		.byte	0x4
 811 03b1 4C       		.byte	0x4c
 812 03b2 20       		.uleb128 0x20
 813 03b3 8D000000 		.4byte	0x8d
 814 03b7 00       		.byte	0
 815 03b8 00       		.byte	0
 816              		.section	.debug_abbrev,"",%progbits
 817              	.Ldebug_abbrev0:
 818 0000 01       		.uleb128 0x1
 819 0001 11       		.uleb128 0x11
 820 0002 01       		.byte	0x1
 821 0003 25       		.uleb128 0x25
 822 0004 0E       		.uleb128 0xe
 823 0005 13       		.uleb128 0x13
 824 0006 0B       		.uleb128 0xb
 825 0007 03       		.uleb128 0x3
 826 0008 0E       		.uleb128 0xe
 827 0009 1B       		.uleb128 0x1b
 828 000a 0E       		.uleb128 0xe
 829 000b 55       		.uleb128 0x55
 830 000c 17       		.uleb128 0x17
 831 000d 11       		.uleb128 0x11
 832 000e 01       		.uleb128 0x1
 833 000f 10       		.uleb128 0x10
 834 0010 17       		.uleb128 0x17
 835 0011 00       		.byte	0
 836 0012 00       		.byte	0
 837 0013 02       		.uleb128 0x2
 838 0014 24       		.uleb128 0x24
 839 0015 00       		.byte	0
 840 0016 0B       		.uleb128 0xb
 841 0017 0B       		.uleb128 0xb
 842 0018 3E       		.uleb128 0x3e
 843 0019 0B       		.uleb128 0xb
 844 001a 03       		.uleb128 0x3
 845 001b 08       		.uleb128 0x8
 846 001c 00       		.byte	0
 847 001d 00       		.byte	0
 848 001e 03       		.uleb128 0x3
 849 001f 16       		.uleb128 0x16
 850 0020 00       		.byte	0
 851 0021 03       		.uleb128 0x3
 852 0022 0E       		.uleb128 0xe
 853 0023 3A       		.uleb128 0x3a
 854 0024 0B       		.uleb128 0xb
 855 0025 3B       		.uleb128 0x3b
 856 0026 0B       		.uleb128 0xb
 857 0027 49       		.uleb128 0x49
 858 0028 13       		.uleb128 0x13
 859 0029 00       		.byte	0
 860 002a 00       		.byte	0
ARM GAS  C:\Users\Gary\AppData\Local\Temp\ccbnmSAf.s 			page 22


 861 002b 04       		.uleb128 0x4
 862 002c 24       		.uleb128 0x24
 863 002d 00       		.byte	0
 864 002e 0B       		.uleb128 0xb
 865 002f 0B       		.uleb128 0xb
 866 0030 3E       		.uleb128 0x3e
 867 0031 0B       		.uleb128 0xb
 868 0032 03       		.uleb128 0x3
 869 0033 0E       		.uleb128 0xe
 870 0034 00       		.byte	0
 871 0035 00       		.byte	0
 872 0036 05       		.uleb128 0x5
 873 0037 0F       		.uleb128 0xf
 874 0038 00       		.byte	0
 875 0039 0B       		.uleb128 0xb
 876 003a 0B       		.uleb128 0xb
 877 003b 00       		.byte	0
 878 003c 00       		.byte	0
 879 003d 06       		.uleb128 0x6
 880 003e 0F       		.uleb128 0xf
 881 003f 00       		.byte	0
 882 0040 0B       		.uleb128 0xb
 883 0041 0B       		.uleb128 0xb
 884 0042 49       		.uleb128 0x49
 885 0043 13       		.uleb128 0x13
 886 0044 00       		.byte	0
 887 0045 00       		.byte	0
 888 0046 07       		.uleb128 0x7
 889 0047 15       		.uleb128 0x15
 890 0048 00       		.byte	0
 891 0049 27       		.uleb128 0x27
 892 004a 19       		.uleb128 0x19
 893 004b 00       		.byte	0
 894 004c 00       		.byte	0
 895 004d 08       		.uleb128 0x8
 896 004e 16       		.uleb128 0x16
 897 004f 00       		.byte	0
 898 0050 03       		.uleb128 0x3
 899 0051 0E       		.uleb128 0xe
 900 0052 3A       		.uleb128 0x3a
 901 0053 0B       		.uleb128 0xb
 902 0054 3B       		.uleb128 0x3b
 903 0055 05       		.uleb128 0x5
 904 0056 49       		.uleb128 0x49
 905 0057 13       		.uleb128 0x13
 906 0058 00       		.byte	0
 907 0059 00       		.byte	0
 908 005a 09       		.uleb128 0x9
 909 005b 35       		.uleb128 0x35
 910 005c 00       		.byte	0
 911 005d 49       		.uleb128 0x49
 912 005e 13       		.uleb128 0x13
 913 005f 00       		.byte	0
 914 0060 00       		.byte	0
 915 0061 0A       		.uleb128 0xa
 916 0062 13       		.uleb128 0x13
 917 0063 01       		.byte	0x1
ARM GAS  C:\Users\Gary\AppData\Local\Temp\ccbnmSAf.s 			page 23


 918 0064 0B       		.uleb128 0xb
 919 0065 0B       		.uleb128 0xb
 920 0066 3A       		.uleb128 0x3a
 921 0067 0B       		.uleb128 0xb
 922 0068 3B       		.uleb128 0x3b
 923 0069 0B       		.uleb128 0xb
 924 006a 01       		.uleb128 0x1
 925 006b 13       		.uleb128 0x13
 926 006c 00       		.byte	0
 927 006d 00       		.byte	0
 928 006e 0B       		.uleb128 0xb
 929 006f 0D       		.uleb128 0xd
 930 0070 00       		.byte	0
 931 0071 03       		.uleb128 0x3
 932 0072 0E       		.uleb128 0xe
 933 0073 3A       		.uleb128 0x3a
 934 0074 0B       		.uleb128 0xb
 935 0075 3B       		.uleb128 0x3b
 936 0076 0B       		.uleb128 0xb
 937 0077 49       		.uleb128 0x49
 938 0078 13       		.uleb128 0x13
 939 0079 38       		.uleb128 0x38
 940 007a 0B       		.uleb128 0xb
 941 007b 00       		.byte	0
 942 007c 00       		.byte	0
 943 007d 0C       		.uleb128 0xc
 944 007e 2E       		.uleb128 0x2e
 945 007f 01       		.byte	0x1
 946 0080 03       		.uleb128 0x3
 947 0081 0E       		.uleb128 0xe
 948 0082 3A       		.uleb128 0x3a
 949 0083 0B       		.uleb128 0xb
 950 0084 3B       		.uleb128 0x3b
 951 0085 0B       		.uleb128 0xb
 952 0086 27       		.uleb128 0x27
 953 0087 19       		.uleb128 0x19
 954 0088 11       		.uleb128 0x11
 955 0089 01       		.uleb128 0x1
 956 008a 12       		.uleb128 0x12
 957 008b 06       		.uleb128 0x6
 958 008c 40       		.uleb128 0x40
 959 008d 18       		.uleb128 0x18
 960 008e 9742     		.uleb128 0x2117
 961 0090 19       		.uleb128 0x19
 962 0091 01       		.uleb128 0x1
 963 0092 13       		.uleb128 0x13
 964 0093 00       		.byte	0
 965 0094 00       		.byte	0
 966 0095 0D       		.uleb128 0xd
 967 0096 05       		.uleb128 0x5
 968 0097 00       		.byte	0
 969 0098 03       		.uleb128 0x3
 970 0099 0E       		.uleb128 0xe
 971 009a 3A       		.uleb128 0x3a
 972 009b 0B       		.uleb128 0xb
 973 009c 3B       		.uleb128 0x3b
 974 009d 0B       		.uleb128 0xb
ARM GAS  C:\Users\Gary\AppData\Local\Temp\ccbnmSAf.s 			page 24


 975 009e 49       		.uleb128 0x49
 976 009f 13       		.uleb128 0x13
 977 00a0 02       		.uleb128 0x2
 978 00a1 18       		.uleb128 0x18
 979 00a2 00       		.byte	0
 980 00a3 00       		.byte	0
 981 00a4 0E       		.uleb128 0xe
 982 00a5 34       		.uleb128 0x34
 983 00a6 00       		.byte	0
 984 00a7 03       		.uleb128 0x3
 985 00a8 08       		.uleb128 0x8
 986 00a9 3A       		.uleb128 0x3a
 987 00aa 0B       		.uleb128 0xb
 988 00ab 3B       		.uleb128 0x3b
 989 00ac 0B       		.uleb128 0xb
 990 00ad 49       		.uleb128 0x49
 991 00ae 13       		.uleb128 0x13
 992 00af 02       		.uleb128 0x2
 993 00b0 17       		.uleb128 0x17
 994 00b1 00       		.byte	0
 995 00b2 00       		.byte	0
 996 00b3 0F       		.uleb128 0xf
 997 00b4 0B       		.uleb128 0xb
 998 00b5 01       		.byte	0x1
 999 00b6 11       		.uleb128 0x11
 1000 00b7 01       		.uleb128 0x1
 1001 00b8 12       		.uleb128 0x12
 1002 00b9 06       		.uleb128 0x6
 1003 00ba 00       		.byte	0
 1004 00bb 00       		.byte	0
 1005 00bc 10       		.uleb128 0x10
 1006 00bd 34       		.uleb128 0x34
 1007 00be 00       		.byte	0
 1008 00bf 03       		.uleb128 0x3
 1009 00c0 0E       		.uleb128 0xe
 1010 00c1 3A       		.uleb128 0x3a
 1011 00c2 0B       		.uleb128 0xb
 1012 00c3 3B       		.uleb128 0x3b
 1013 00c4 0B       		.uleb128 0xb
 1014 00c5 49       		.uleb128 0x49
 1015 00c6 13       		.uleb128 0x13
 1016 00c7 02       		.uleb128 0x2
 1017 00c8 17       		.uleb128 0x17
 1018 00c9 00       		.byte	0
 1019 00ca 00       		.byte	0
 1020 00cb 11       		.uleb128 0x11
 1021 00cc 26       		.uleb128 0x26
 1022 00cd 00       		.byte	0
 1023 00ce 49       		.uleb128 0x49
 1024 00cf 13       		.uleb128 0x13
 1025 00d0 00       		.byte	0
 1026 00d1 00       		.byte	0
 1027 00d2 12       		.uleb128 0x12
 1028 00d3 05       		.uleb128 0x5
 1029 00d4 00       		.byte	0
 1030 00d5 03       		.uleb128 0x3
 1031 00d6 08       		.uleb128 0x8
ARM GAS  C:\Users\Gary\AppData\Local\Temp\ccbnmSAf.s 			page 25


 1032 00d7 3A       		.uleb128 0x3a
 1033 00d8 0B       		.uleb128 0xb
 1034 00d9 3B       		.uleb128 0x3b
 1035 00da 0B       		.uleb128 0xb
 1036 00db 49       		.uleb128 0x49
 1037 00dc 13       		.uleb128 0x13
 1038 00dd 02       		.uleb128 0x2
 1039 00de 17       		.uleb128 0x17
 1040 00df 00       		.byte	0
 1041 00e0 00       		.byte	0
 1042 00e1 13       		.uleb128 0x13
 1043 00e2 898201   		.uleb128 0x4109
 1044 00e5 01       		.byte	0x1
 1045 00e6 11       		.uleb128 0x11
 1046 00e7 01       		.uleb128 0x1
 1047 00e8 31       		.uleb128 0x31
 1048 00e9 13       		.uleb128 0x13
 1049 00ea 00       		.byte	0
 1050 00eb 00       		.byte	0
 1051 00ec 14       		.uleb128 0x14
 1052 00ed 8A8201   		.uleb128 0x410a
 1053 00f0 00       		.byte	0
 1054 00f1 02       		.uleb128 0x2
 1055 00f2 18       		.uleb128 0x18
 1056 00f3 9142     		.uleb128 0x2111
 1057 00f5 18       		.uleb128 0x18
 1058 00f6 00       		.byte	0
 1059 00f7 00       		.byte	0
 1060 00f8 15       		.uleb128 0x15
 1061 00f9 898201   		.uleb128 0x4109
 1062 00fc 01       		.byte	0x1
 1063 00fd 11       		.uleb128 0x11
 1064 00fe 01       		.uleb128 0x1
 1065 00ff 31       		.uleb128 0x31
 1066 0100 13       		.uleb128 0x13
 1067 0101 01       		.uleb128 0x1
 1068 0102 13       		.uleb128 0x13
 1069 0103 00       		.byte	0
 1070 0104 00       		.byte	0
 1071 0105 16       		.uleb128 0x16
 1072 0106 2E       		.uleb128 0x2e
 1073 0107 01       		.byte	0x1
 1074 0108 3F       		.uleb128 0x3f
 1075 0109 19       		.uleb128 0x19
 1076 010a 03       		.uleb128 0x3
 1077 010b 0E       		.uleb128 0xe
 1078 010c 3A       		.uleb128 0x3a
 1079 010d 0B       		.uleb128 0xb
 1080 010e 3B       		.uleb128 0x3b
 1081 010f 0B       		.uleb128 0xb
 1082 0110 27       		.uleb128 0x27
 1083 0111 19       		.uleb128 0x19
 1084 0112 11       		.uleb128 0x11
 1085 0113 01       		.uleb128 0x1
 1086 0114 12       		.uleb128 0x12
 1087 0115 06       		.uleb128 0x6
 1088 0116 40       		.uleb128 0x40
ARM GAS  C:\Users\Gary\AppData\Local\Temp\ccbnmSAf.s 			page 26


 1089 0117 18       		.uleb128 0x18
 1090 0118 9742     		.uleb128 0x2117
 1091 011a 19       		.uleb128 0x19
 1092 011b 01       		.uleb128 0x1
 1093 011c 13       		.uleb128 0x13
 1094 011d 00       		.byte	0
 1095 011e 00       		.byte	0
 1096 011f 17       		.uleb128 0x17
 1097 0120 0B       		.uleb128 0xb
 1098 0121 01       		.byte	0x1
 1099 0122 11       		.uleb128 0x11
 1100 0123 01       		.uleb128 0x1
 1101 0124 12       		.uleb128 0x12
 1102 0125 06       		.uleb128 0x6
 1103 0126 01       		.uleb128 0x1
 1104 0127 13       		.uleb128 0x13
 1105 0128 00       		.byte	0
 1106 0129 00       		.byte	0
 1107 012a 18       		.uleb128 0x18
 1108 012b 34       		.uleb128 0x34
 1109 012c 00       		.byte	0
 1110 012d 03       		.uleb128 0x3
 1111 012e 0E       		.uleb128 0xe
 1112 012f 3A       		.uleb128 0x3a
 1113 0130 0B       		.uleb128 0xb
 1114 0131 3B       		.uleb128 0x3b
 1115 0132 05       		.uleb128 0x5
 1116 0133 49       		.uleb128 0x49
 1117 0134 13       		.uleb128 0x13
 1118 0135 02       		.uleb128 0x2
 1119 0136 18       		.uleb128 0x18
 1120 0137 00       		.byte	0
 1121 0138 00       		.byte	0
 1122 0139 19       		.uleb128 0x19
 1123 013a 13       		.uleb128 0x13
 1124 013b 01       		.byte	0x1
 1125 013c 0B       		.uleb128 0xb
 1126 013d 0B       		.uleb128 0xb
 1127 013e 3A       		.uleb128 0x3a
 1128 013f 0B       		.uleb128 0xb
 1129 0140 3B       		.uleb128 0x3b
 1130 0141 05       		.uleb128 0x5
 1131 0142 01       		.uleb128 0x1
 1132 0143 13       		.uleb128 0x13
 1133 0144 00       		.byte	0
 1134 0145 00       		.byte	0
 1135 0146 1A       		.uleb128 0x1a
 1136 0147 0D       		.uleb128 0xd
 1137 0148 00       		.byte	0
 1138 0149 03       		.uleb128 0x3
 1139 014a 0E       		.uleb128 0xe
 1140 014b 3A       		.uleb128 0x3a
 1141 014c 0B       		.uleb128 0xb
 1142 014d 3B       		.uleb128 0x3b
 1143 014e 05       		.uleb128 0x5
 1144 014f 49       		.uleb128 0x49
 1145 0150 13       		.uleb128 0x13
ARM GAS  C:\Users\Gary\AppData\Local\Temp\ccbnmSAf.s 			page 27


 1146 0151 38       		.uleb128 0x38
 1147 0152 0B       		.uleb128 0xb
 1148 0153 00       		.byte	0
 1149 0154 00       		.byte	0
 1150 0155 1B       		.uleb128 0x1b
 1151 0156 01       		.uleb128 0x1
 1152 0157 01       		.byte	0x1
 1153 0158 49       		.uleb128 0x49
 1154 0159 13       		.uleb128 0x13
 1155 015a 01       		.uleb128 0x1
 1156 015b 13       		.uleb128 0x13
 1157 015c 00       		.byte	0
 1158 015d 00       		.byte	0
 1159 015e 1C       		.uleb128 0x1c
 1160 015f 21       		.uleb128 0x21
 1161 0160 00       		.byte	0
 1162 0161 49       		.uleb128 0x49
 1163 0162 13       		.uleb128 0x13
 1164 0163 2F       		.uleb128 0x2f
 1165 0164 0B       		.uleb128 0xb
 1166 0165 00       		.byte	0
 1167 0166 00       		.byte	0
 1168 0167 1D       		.uleb128 0x1d
 1169 0168 34       		.uleb128 0x34
 1170 0169 00       		.byte	0
 1171 016a 03       		.uleb128 0x3
 1172 016b 08       		.uleb128 0x8
 1173 016c 3A       		.uleb128 0x3a
 1174 016d 0B       		.uleb128 0xb
 1175 016e 3B       		.uleb128 0x3b
 1176 016f 05       		.uleb128 0x5
 1177 0170 49       		.uleb128 0x49
 1178 0171 13       		.uleb128 0x13
 1179 0172 02       		.uleb128 0x2
 1180 0173 17       		.uleb128 0x17
 1181 0174 00       		.byte	0
 1182 0175 00       		.byte	0
 1183 0176 1E       		.uleb128 0x1e
 1184 0177 898201   		.uleb128 0x4109
 1185 017a 00       		.byte	0
 1186 017b 11       		.uleb128 0x11
 1187 017c 01       		.uleb128 0x1
 1188 017d 31       		.uleb128 0x31
 1189 017e 13       		.uleb128 0x13
 1190 017f 00       		.byte	0
 1191 0180 00       		.byte	0
 1192 0181 1F       		.uleb128 0x1f
 1193 0182 2E       		.uleb128 0x2e
 1194 0183 01       		.byte	0x1
 1195 0184 3F       		.uleb128 0x3f
 1196 0185 19       		.uleb128 0x19
 1197 0186 03       		.uleb128 0x3
 1198 0187 0E       		.uleb128 0xe
 1199 0188 27       		.uleb128 0x27
 1200 0189 19       		.uleb128 0x19
 1201 018a 49       		.uleb128 0x49
 1202 018b 13       		.uleb128 0x13
ARM GAS  C:\Users\Gary\AppData\Local\Temp\ccbnmSAf.s 			page 28


 1203 018c 34       		.uleb128 0x34
 1204 018d 19       		.uleb128 0x19
 1205 018e 3C       		.uleb128 0x3c
 1206 018f 19       		.uleb128 0x19
 1207 0190 01       		.uleb128 0x1
 1208 0191 13       		.uleb128 0x13
 1209 0192 00       		.byte	0
 1210 0193 00       		.byte	0
 1211 0194 20       		.uleb128 0x20
 1212 0195 05       		.uleb128 0x5
 1213 0196 00       		.byte	0
 1214 0197 49       		.uleb128 0x49
 1215 0198 13       		.uleb128 0x13
 1216 0199 00       		.byte	0
 1217 019a 00       		.byte	0
 1218 019b 21       		.uleb128 0x21
 1219 019c 2E       		.uleb128 0x2e
 1220 019d 01       		.byte	0x1
 1221 019e 3F       		.uleb128 0x3f
 1222 019f 19       		.uleb128 0x19
 1223 01a0 03       		.uleb128 0x3
 1224 01a1 0E       		.uleb128 0xe
 1225 01a2 3A       		.uleb128 0x3a
 1226 01a3 0B       		.uleb128 0xb
 1227 01a4 3B       		.uleb128 0x3b
 1228 01a5 0B       		.uleb128 0xb
 1229 01a6 27       		.uleb128 0x27
 1230 01a7 19       		.uleb128 0x19
 1231 01a8 3C       		.uleb128 0x3c
 1232 01a9 19       		.uleb128 0x19
 1233 01aa 01       		.uleb128 0x1
 1234 01ab 13       		.uleb128 0x13
 1235 01ac 00       		.byte	0
 1236 01ad 00       		.byte	0
 1237 01ae 22       		.uleb128 0x22
 1238 01af 2E       		.uleb128 0x2e
 1239 01b0 01       		.byte	0x1
 1240 01b1 3F       		.uleb128 0x3f
 1241 01b2 19       		.uleb128 0x19
 1242 01b3 03       		.uleb128 0x3
 1243 01b4 0E       		.uleb128 0xe
 1244 01b5 3A       		.uleb128 0x3a
 1245 01b6 0B       		.uleb128 0xb
 1246 01b7 3B       		.uleb128 0x3b
 1247 01b8 0B       		.uleb128 0xb
 1248 01b9 27       		.uleb128 0x27
 1249 01ba 19       		.uleb128 0x19
 1250 01bb 49       		.uleb128 0x49
 1251 01bc 13       		.uleb128 0x13
 1252 01bd 3C       		.uleb128 0x3c
 1253 01be 19       		.uleb128 0x19
 1254 01bf 01       		.uleb128 0x1
 1255 01c0 13       		.uleb128 0x13
 1256 01c1 00       		.byte	0
 1257 01c2 00       		.byte	0
 1258 01c3 23       		.uleb128 0x23
 1259 01c4 2E       		.uleb128 0x2e
ARM GAS  C:\Users\Gary\AppData\Local\Temp\ccbnmSAf.s 			page 29


 1260 01c5 01       		.byte	0x1
 1261 01c6 3F       		.uleb128 0x3f
 1262 01c7 19       		.uleb128 0x19
 1263 01c8 03       		.uleb128 0x3
 1264 01c9 0E       		.uleb128 0xe
 1265 01ca 3A       		.uleb128 0x3a
 1266 01cb 0B       		.uleb128 0xb
 1267 01cc 3B       		.uleb128 0x3b
 1268 01cd 0B       		.uleb128 0xb
 1269 01ce 27       		.uleb128 0x27
 1270 01cf 19       		.uleb128 0x19
 1271 01d0 3C       		.uleb128 0x3c
 1272 01d1 19       		.uleb128 0x19
 1273 01d2 00       		.byte	0
 1274 01d3 00       		.byte	0
 1275 01d4 00       		.byte	0
 1276              		.section	.debug_loc,"",%progbits
 1277              	.Ldebug_loc0:
 1278              	.LLST0:
 1279 0000 02000000 		.4byte	.LVL1
 1280 0004 08000000 		.4byte	.LVL2
 1281 0008 0200     		.2byte	0x2
 1282 000a 30       		.byte	0x30
 1283 000b 9F       		.byte	0x9f
 1284 000c 08000000 		.4byte	.LVL2
 1285 0010 30000000 		.4byte	.LVL11
 1286 0014 0100     		.2byte	0x1
 1287 0016 57       		.byte	0x57
 1288 0017 00000000 		.4byte	0
 1289 001b 00000000 		.4byte	0
 1290              	.LLST1:
 1291 001f 02000000 		.4byte	.LVL1
 1292 0023 08000000 		.4byte	.LVL2
 1293 0027 0200     		.2byte	0x2
 1294 0029 30       		.byte	0x30
 1295 002a 9F       		.byte	0x9f
 1296 002b 08000000 		.4byte	.LVL2
 1297 002f 30000000 		.4byte	.LVL10
 1298 0033 0100     		.2byte	0x1
 1299 0035 55       		.byte	0x55
 1300 0036 00000000 		.4byte	0
 1301 003a 00000000 		.4byte	0
 1302              	.LLST2:
 1303 003e 0C000000 		.4byte	.LVL3
 1304 0042 2C000000 		.4byte	.LVL9
 1305 0046 0100     		.2byte	0x1
 1306 0048 56       		.byte	0x56
 1307 0049 00000000 		.4byte	0
 1308 004d 00000000 		.4byte	0
 1309              	.LLST3:
 1310 0051 0E000000 		.4byte	.LVL4
 1311 0055 24000000 		.4byte	.LVL7
 1312 0059 0100     		.2byte	0x1
 1313 005b 53       		.byte	0x53
 1314 005c 26000000 		.4byte	.LVL8
 1315 0060 2C000000 		.4byte	.LVL9
 1316 0064 0100     		.2byte	0x1
ARM GAS  C:\Users\Gary\AppData\Local\Temp\ccbnmSAf.s 			page 30


 1317 0066 53       		.byte	0x53
 1318 0067 00000000 		.4byte	0
 1319 006b 00000000 		.4byte	0
 1320              	.LLST4:
 1321 006f 00000000 		.4byte	.LVL12
 1322 0073 09000000 		.4byte	.LVL14-1
 1323 0077 0100     		.2byte	0x1
 1324 0079 50       		.byte	0x50
 1325 007a 09000000 		.4byte	.LVL14-1
 1326 007e 0C000000 		.4byte	.LFE0
 1327 0082 0400     		.2byte	0x4
 1328 0084 F3       		.byte	0xf3
 1329 0085 01       		.uleb128 0x1
 1330 0086 50       		.byte	0x50
 1331 0087 9F       		.byte	0x9f
 1332 0088 00000000 		.4byte	0
 1333 008c 00000000 		.4byte	0
 1334              	.LLST5:
 1335 0090 00000000 		.4byte	.LVL12
 1336 0094 06000000 		.4byte	.LVL13
 1337 0098 0100     		.2byte	0x1
 1338 009a 51       		.byte	0x51
 1339 009b 06000000 		.4byte	.LVL13
 1340 009f 09000000 		.4byte	.LVL14-1
 1341 00a3 0100     		.2byte	0x1
 1342 00a5 52       		.byte	0x52
 1343 00a6 09000000 		.4byte	.LVL14-1
 1344 00aa 0C000000 		.4byte	.LFE0
 1345 00ae 0400     		.2byte	0x4
 1346 00b0 F3       		.byte	0xf3
 1347 00b1 01       		.uleb128 0x1
 1348 00b2 51       		.byte	0x51
 1349 00b3 9F       		.byte	0x9f
 1350 00b4 00000000 		.4byte	0
 1351 00b8 00000000 		.4byte	0
 1352              	.LLST6:
 1353 00bc 60000000 		.4byte	.LVL18
 1354 00c0 64000000 		.4byte	.LVL19
 1355 00c4 0200     		.2byte	0x2
 1356 00c6 30       		.byte	0x30
 1357 00c7 9F       		.byte	0x9f
 1358 00c8 64000000 		.4byte	.LVL19
 1359 00cc 84000000 		.4byte	.LVL21
 1360 00d0 0100     		.2byte	0x1
 1361 00d2 54       		.byte	0x54
 1362 00d3 86000000 		.4byte	.LVL22
 1363 00d7 00010000 		.4byte	.LVL25
 1364 00db 0100     		.2byte	0x1
 1365 00dd 54       		.byte	0x54
 1366 00de 00000000 		.4byte	0
 1367 00e2 00000000 		.4byte	0
 1368              	.LLST7:
 1369 00e6 64000000 		.4byte	.LVL19
 1370 00ea 84000000 		.4byte	.LVL21
 1371 00ee 0B00     		.2byte	0xb
 1372 00f0 74       		.byte	0x74
 1373 00f1 00       		.sleb128 0
ARM GAS  C:\Users\Gary\AppData\Local\Temp\ccbnmSAf.s 			page 31


 1374 00f2 36       		.byte	0x36
 1375 00f3 1E       		.byte	0x1e
 1376 00f4 03       		.byte	0x3
 1377 00f5 00000000 		.4byte	cfg_memset_list.4737
 1378 00f9 22       		.byte	0x22
 1379 00fa 9F       		.byte	0x9f
 1380 00fb 84000000 		.4byte	.LVL21
 1381 00ff 86000000 		.4byte	.LVL22
 1382 0103 0B00     		.2byte	0xb
 1383 0105 74       		.byte	0x74
 1384 0106 7F       		.sleb128 -1
 1385 0107 36       		.byte	0x36
 1386 0108 1E       		.byte	0x1e
 1387 0109 03       		.byte	0x3
 1388 010a 00000000 		.4byte	cfg_memset_list.4737
 1389 010e 22       		.byte	0x22
 1390 010f 9F       		.byte	0x9f
 1391 0110 00000000 		.4byte	0
 1392 0114 00000000 		.4byte	0
 1393              		.section	.debug_aranges,"",%progbits
 1394 0000 34000000 		.4byte	0x34
 1395 0004 0200     		.2byte	0x2
 1396 0006 00000000 		.4byte	.Ldebug_info0
 1397 000a 04       		.byte	0x4
 1398 000b 00       		.byte	0
 1399 000c 0000     		.2byte	0
 1400 000e 0000     		.2byte	0
 1401 0010 00000000 		.4byte	.LFB3
 1402 0014 32000000 		.4byte	.LFE3-.LFB3
 1403 0018 00000000 		.4byte	.LFB0
 1404 001c 0C000000 		.4byte	.LFE0-.LFB0
 1405 0020 00000000 		.4byte	.LFB4
 1406 0024 5C000000 		.4byte	.LFE4-.LFB4
 1407 0028 5C000000 		.4byte	.LFB6
 1408 002c DC000000 		.4byte	.LFE6-.LFB6
 1409 0030 00000000 		.4byte	0
 1410 0034 00000000 		.4byte	0
 1411              		.section	.debug_ranges,"",%progbits
 1412              	.Ldebug_ranges0:
 1413 0000 00000000 		.4byte	.LFB3
 1414 0004 32000000 		.4byte	.LFE3
 1415 0008 00000000 		.4byte	.LFB0
 1416 000c 0C000000 		.4byte	.LFE0
 1417 0010 00000000 		.4byte	.LFB4
 1418 0014 5C000000 		.4byte	.LFE4
 1419 0018 5C000000 		.4byte	.LFB6
 1420 001c 38010000 		.4byte	.LFE6
 1421 0020 00000000 		.4byte	0
 1422 0024 00000000 		.4byte	0
 1423              		.section	.debug_line,"",%progbits
 1424              	.Ldebug_line0:
 1425 0000 59010000 		.section	.debug_str,"MS",%progbits,1
 1425      0200D800 
 1425      00000201 
 1425      FB0E0D00 
 1425      01010101 
 1426              	.LASF18:
ARM GAS  C:\Users\Gary\AppData\Local\Temp\ccbnmSAf.s 			page 32


 1427 0000 72656733 		.ascii	"reg32\000"
 1427      3200
 1428              	.LASF11:
 1429 0006 73697A65 		.ascii	"size_t\000"
 1429      5F7400
 1430              	.LASF42:
 1431 000d 4379496E 		.ascii	"CyIntSetVector\000"
 1431      74536574 
 1431      56656374 
 1431      6F7200
 1432              	.LASF21:
 1433 001c 76616C75 		.ascii	"value\000"
 1433      6500
 1434              	.LASF26:
 1435 0022 636F756E 		.ascii	"count\000"
 1435      7400
 1436              	.LASF29:
 1437 0028 436C6F63 		.ascii	"ClockSetup\000"
 1437      6B536574 
 1437      757000
 1438              	.LASF30:
 1439 0033 63795F63 		.ascii	"cy_cfg_addr_table\000"
 1439      66675F61 
 1439      6464725F 
 1439      7461626C 
 1439      6500
 1440              	.LASF31:
 1441 0045 63795F63 		.ascii	"cy_cfg_data_table\000"
 1441      66675F64 
 1441      6174615F 
 1441      7461626C 
 1441      6500
 1442              	.LASF22:
 1443 0057 63795F63 		.ascii	"cy_cfg_addrvalue_t\000"
 1443      66675F61 
 1443      64647276 
 1443      616C7565 
 1443      5F7400
 1444              	.LASF15:
 1445 006a 666C6F61 		.ascii	"float\000"
 1445      7400
 1446              	.LASF35:
 1447 0070 6366675F 		.ascii	"cfg_memset_list\000"
 1447      6D656D73 
 1447      65745F6C 
 1447      69737400 
 1448              	.LASF33:
 1449 0080 73697A65 		.ascii	"size\000"
 1449      00
 1450              	.LASF17:
 1451 0085 72656738 		.ascii	"reg8\000"
 1451      00
 1452              	.LASF6:
 1453 008a 6C6F6E67 		.ascii	"long unsigned int\000"
 1453      20756E73 
 1453      69676E65 
 1453      6420696E 
ARM GAS  C:\Users\Gary\AppData\Local\Temp\ccbnmSAf.s 			page 33


 1453      7400
 1454              	.LASF12:
 1455 009c 75696E74 		.ascii	"uint8\000"
 1455      3800
 1456              	.LASF28:
 1457 00a2 43594D45 		.ascii	"CYMEMZERO\000"
 1457      4D5A4552 
 1457      4F00
 1458              	.LASF2:
 1459 00ac 756E7369 		.ascii	"unsigned char\000"
 1459      676E6564 
 1459      20636861 
 1459      7200
 1460              	.LASF36:
 1461 00ba 6D656D73 		.ascii	"memset\000"
 1461      657400
 1462              	.LASF16:
 1463 00c1 646F7562 		.ascii	"double\000"
 1463      6C6500
 1464              	.LASF27:
 1465 00c8 6366675F 		.ascii	"cfg_write_bytes32\000"
 1465      77726974 
 1465      655F6279 
 1465      74657333 
 1465      3200
 1466              	.LASF43:
 1467 00da 4379496E 		.ascii	"CyIntEnable\000"
 1467      74456E61 
 1467      626C6500 
 1468              	.LASF40:
 1469 00e6 433A5C55 		.ascii	"C:\\Users\\Gary\\Documents\\PSoC Creator\\Workspace"
 1469      73657273 
 1469      5C476172 
 1469      795C446F 
 1469      63756D65 
 1470 0114 30315C4C 		.ascii	"01\\Lab 4a.cydsn\000"
 1470      61622034 
 1470      612E6379 
 1470      64736E00 
 1471              	.LASF23:
 1472 0124 61646472 		.ascii	"addr_table\000"
 1472      5F746162 
 1472      6C6500
 1473              	.LASF13:
 1474 012f 75696E74 		.ascii	"uint16\000"
 1474      313600
 1475              	.LASF24:
 1476 0136 64617461 		.ascii	"data_table\000"
 1476      5F746162 
 1476      6C6500
 1477              	.LASF14:
 1478 0141 75696E74 		.ascii	"uint32\000"
 1478      333200
 1479              	.LASF0:
 1480 0148 756E7369 		.ascii	"unsigned int\000"
 1480      676E6564 
 1480      20696E74 
ARM GAS  C:\Users\Gary\AppData\Local\Temp\ccbnmSAf.s 			page 34


 1480      00
 1481              	.LASF41:
 1482 0155 63796669 		.ascii	"cyfitter_cfg\000"
 1482      74746572 
 1482      5F636667 
 1482      00
 1483              	.LASF32:
 1484 0162 61646472 		.ascii	"address\000"
 1484      65737300 
 1485              	.LASF8:
 1486 016a 6C6F6E67 		.ascii	"long long unsigned int\000"
 1486      206C6F6E 
 1486      6720756E 
 1486      7369676E 
 1486      65642069 
 1487              	.LASF19:
 1488 0181 63796973 		.ascii	"cyisraddress\000"
 1488      72616464 
 1488      72657373 
 1488      00
 1489              	.LASF34:
 1490 018e 6366675F 		.ascii	"cfg_memset_t\000"
 1490      6D656D73 
 1490      65745F74 
 1490      00
 1491              	.LASF25:
 1492 019b 62617365 		.ascii	"baseAddr\000"
 1492      41646472 
 1492      00
 1493              	.LASF9:
 1494 01a4 73697A65 		.ascii	"sizetype\000"
 1494      74797065 
 1494      00
 1495              	.LASF39:
 1496 01ad 2E5C4765 		.ascii	".\\Generated_Source\\PSoC4\\cyfitter_cfg.c\000"
 1496      6E657261 
 1496      7465645F 
 1496      536F7572 
 1496      63655C50 
 1497              	.LASF7:
 1498 01d5 6C6F6E67 		.ascii	"long long int\000"
 1498      206C6F6E 
 1498      6720696E 
 1498      7400
 1499              	.LASF10:
 1500 01e3 63686172 		.ascii	"char\000"
 1500      00
 1501              	.LASF38:
 1502 01e8 474E5520 		.ascii	"GNU C 4.9.3 20150303 (release) [ARM/embedded-4_9-br"
 1502      4320342E 
 1502      392E3320 
 1502      32303135 
 1502      30333033 
 1503 021b 616E6368 		.ascii	"anch revision 221220] -mcpu=cortex-m0 -mthumb -g -O"
 1503      20726576 
 1503      6973696F 
 1503      6E203232 
ARM GAS  C:\Users\Gary\AppData\Local\Temp\ccbnmSAf.s 			page 35


 1503      31323230 
 1504 024e 67202D66 		.ascii	"g -ffunction-sections -ffat-lto-objects\000"
 1504      66756E63 
 1504      74696F6E 
 1504      2D736563 
 1504      74696F6E 
 1505              	.LASF20:
 1506 0276 6F666673 		.ascii	"offset\000"
 1506      657400
 1507              	.LASF3:
 1508 027d 73686F72 		.ascii	"short int\000"
 1508      7420696E 
 1508      7400
 1509              	.LASF37:
 1510 0287 43795379 		.ascii	"CySysClkWriteImoFreq\000"
 1510      73436C6B 
 1510      57726974 
 1510      65496D6F 
 1510      46726571 
 1511              	.LASF5:
 1512 029c 6C6F6E67 		.ascii	"long int\000"
 1512      20696E74 
 1512      00
 1513              	.LASF1:
 1514 02a5 7369676E 		.ascii	"signed char\000"
 1514      65642063 
 1514      68617200 
 1515              	.LASF4:
 1516 02b1 73686F72 		.ascii	"short unsigned int\000"
 1516      7420756E 
 1516      7369676E 
 1516      65642069 
 1516      6E7400
 1517              		.ident	"GCC: (GNU Tools for ARM Embedded Processors) 4.9.3 20150303 (release) [ARM/embedded-4_9-br
